[12/23 04:55:53] display all the hyper-parameters in args:
[12/23 04:55:53] opt: sgd
[12/23 04:55:53] lr: 0.1
[12/23 04:55:53] gamma: 0.1
[12/23 04:55:53] epoch: 150
[12/23 04:55:53] weight_decay: 0.0005
[12/23 04:55:53] gpu: 2
[12/23 04:55:53] seed: 42
[12/23 04:55:53] val_epoch: 1
[12/23 04:55:53] resnet: False
[12/23 04:55:53] nesterov: True
[12/23 04:55:53] pre: False
[12/23 04:55:53] no_val: False
[12/23 04:55:53] train_way: 30
[12/23 04:55:53] test_way: 5
[12/23 04:55:53] train_shot: 5
[12/23 04:55:53] test_shot: [1, 5]
[12/23 04:55:53] train_query_shot: 15
[12/23 04:55:53] test_query_shot: 16
[12/23 04:55:53] train_transform_type: 0
[12/23 04:55:53] test_transform_type: 0
[12/23 04:55:53] val_trial: 1000
[12/23 04:55:53] detailed_name: False
[12/23 04:55:53] dataset: stanford_car
[12/23 04:55:53] alpha: 0.5
[12/23 04:55:53] model: C2_Net
[12/23 04:55:53] resume: False
[12/23 04:55:53] resume_epoch: 0
[12/23 04:55:53] save_folder: /home/temp/py/CAA-Net/experiments/StanfordCar/C2_Net/Conv-4_5-shot
[12/23 04:55:53] ------------------------
[12/23 04:55:53] start training!
[12/23 05:01:01] 
[12/23 05:01:01] epoch 1/150, iter 250:
[12/23 05:01:01] train_loss: 6.75579
[12/23 05:01:01] train_acc: 5.280
[12/23 05:06:42] val_5-way-5-shot_acc: 30.620	0.527
[12/23 05:06:42] BEST!
[12/23 05:12:32] 
[12/23 05:12:32] epoch 2/150, iter 500:
[12/23 05:12:32] train_loss: 6.72324
[12/23 05:12:32] train_acc: 6.992
[12/23 05:18:45] val_5-way-5-shot_acc: 33.721	0.574
[12/23 05:18:45] BEST!
[12/23 05:24:31] 
[12/23 05:24:31] epoch 3/150, iter 750:
[12/23 05:24:31] train_loss: 6.66868
[12/23 05:24:31] train_acc: 9.235
[12/23 05:30:00] val_5-way-5-shot_acc: 38.786	0.641
[12/23 05:30:00] BEST!
[12/23 05:35:42] 
[12/23 05:35:42] epoch 4/150, iter 1000:
[12/23 05:35:42] train_loss: 6.54253
[12/23 05:35:42] train_acc: 12.047
[12/23 05:41:10] val_5-way-5-shot_acc: 44.311	0.655
[12/23 05:41:10] BEST!
[12/23 05:46:53] 
[12/23 05:46:53] epoch 5/150, iter 1250:
[12/23 05:46:53] train_loss: 6.25634
[12/23 05:46:53] train_acc: 17.790
[12/23 05:52:31] val_5-way-5-shot_acc: 57.695	0.556
[12/23 05:52:31] BEST!
[12/23 05:58:22] 
[12/23 05:58:22] epoch 6/150, iter 1500:
[12/23 05:58:22] train_loss: 6.01508
[12/23 05:58:22] train_acc: 23.329
[12/23 06:03:54] val_5-way-5-shot_acc: 64.907	0.580
[12/23 06:03:54] BEST!
[12/23 06:09:36] 
[12/23 06:09:36] epoch 7/150, iter 1750:
[12/23 06:09:36] train_loss: 5.82251
[12/23 06:09:36] train_acc: 28.916
[12/23 06:15:06] val_5-way-5-shot_acc: 70.190	0.601
[12/23 06:15:06] BEST!
[12/23 06:20:51] 
[12/23 06:20:51] epoch 8/150, iter 2000:
[12/23 06:20:51] train_loss: 5.65806
[12/23 06:20:51] train_acc: 33.459
[12/23 06:26:23] val_5-way-5-shot_acc: 74.961	0.540
[12/23 06:26:23] BEST!
[12/23 06:32:01] 
[12/23 06:32:01] epoch 9/150, iter 2250:
[12/23 06:32:01] train_loss: 5.50330
[12/23 06:32:01] train_acc: 38.345
[12/23 06:37:32] val_5-way-5-shot_acc: 73.046	0.571
[12/23 06:43:18] 
[12/23 06:43:18] epoch 10/150, iter 2500:
[12/23 06:43:18] train_loss: 5.41637
[12/23 06:43:18] train_acc: 41.256
[12/23 06:48:55] val_5-way-5-shot_acc: 76.772	0.527
[12/23 06:48:55] BEST!
[12/23 06:54:29] 
[12/23 06:54:29] epoch 11/150, iter 2750:
[12/23 06:54:29] train_loss: 5.32159
[12/23 06:54:29] train_acc: 44.012
[12/23 06:59:59] val_5-way-5-shot_acc: 76.483	0.552
[12/23 07:05:55] 
[12/23 07:05:55] epoch 12/150, iter 3000:
[12/23 07:05:55] train_loss: 5.25270
[12/23 07:05:55] train_acc: 46.462
[12/23 07:11:34] val_5-way-5-shot_acc: 78.814	0.486
[12/23 07:11:34] BEST!
[12/23 07:17:24] 
[12/23 07:17:24] epoch 13/150, iter 3250:
[12/23 07:17:24] train_loss: 5.18777
[12/23 07:17:24] train_acc: 48.828
[12/23 07:22:51] val_5-way-5-shot_acc: 79.509	0.509
[12/23 07:22:51] BEST!
[12/23 07:28:49] 
[12/23 07:28:49] epoch 14/150, iter 3500:
[12/23 07:28:49] train_loss: 5.13195
[12/23 07:28:49] train_acc: 50.316
[12/23 07:34:14] val_5-way-5-shot_acc: 79.071	0.538
[12/23 07:39:59] 
[12/23 07:39:59] epoch 15/150, iter 3750:
[12/23 07:39:59] train_loss: 5.07715
[12/23 07:39:59] train_acc: 52.223
[12/23 07:45:33] val_5-way-5-shot_acc: 79.255	0.513
[12/23 07:51:16] 
[12/23 07:51:16] epoch 16/150, iter 4000:
[12/23 07:51:16] train_loss: 5.04321
[12/23 07:51:16] train_acc: 53.241
[12/23 07:56:57] val_5-way-5-shot_acc: 80.567	0.545
[12/23 07:56:57] BEST!
[12/23 08:02:59] 
[12/23 08:02:59] epoch 17/150, iter 4250:
[12/23 08:02:59] train_loss: 5.00381
[12/23 08:02:59] train_acc: 54.385
[12/23 08:08:38] val_5-way-5-shot_acc: 81.621	0.512
[12/23 08:08:38] BEST!
[12/23 08:14:38] 
[12/23 08:14:38] epoch 18/150, iter 4500:
[12/23 08:14:38] train_loss: 4.98307
[12/23 08:14:38] train_acc: 55.022
[12/23 08:20:16] val_5-way-5-shot_acc: 81.834	0.470
[12/23 08:20:17] BEST!
[12/23 08:26:00] 
[12/23 08:26:00] epoch 19/150, iter 4750:
[12/23 08:26:00] train_loss: 4.94458
[12/23 08:26:00] train_acc: 56.397
[12/23 08:31:31] val_5-way-5-shot_acc: 83.000	0.472
[12/23 08:31:31] BEST!
[12/23 08:37:09] 
[12/23 08:37:09] epoch 20/150, iter 5000:
[12/23 08:37:09] train_loss: 4.92269
[12/23 08:37:09] train_acc: 57.117
[12/23 08:42:47] val_5-way-5-shot_acc: 83.459	0.478
[12/23 08:42:47] BEST!
[12/23 08:48:36] 
[12/23 08:48:36] epoch 21/150, iter 5250:
[12/23 08:48:36] train_loss: 4.90244
[12/23 08:48:36] train_acc: 57.846
[12/23 08:54:07] val_5-way-5-shot_acc: 82.010	0.478
[12/23 08:59:53] 
[12/23 08:59:53] epoch 22/150, iter 5500:
[12/23 08:59:53] train_loss: 4.89011
[12/23 08:59:53] train_acc: 58.401
[12/23 09:05:23] val_5-way-5-shot_acc: 81.609	0.507
[12/23 09:11:05] 
[12/23 09:11:05] epoch 23/150, iter 5750:
[12/23 09:11:05] train_loss: 4.87591
[12/23 09:11:05] train_acc: 58.815
[12/23 09:16:45] val_5-way-5-shot_acc: 82.704	0.503
