[12/28 04:10:26] display all the hyper-parameters in args:
[12/28 04:10:26] opt: sgd
[12/28 04:10:26] lr: 0.1
[12/28 04:10:26] gamma: 0.1
[12/28 04:10:26] epoch: 150
[12/28 04:10:26] weight_decay: 0.0005
[12/28 04:10:26] gpu: 0
[12/28 04:10:26] seed: 42
[12/28 04:10:26] val_epoch: 1
[12/28 04:10:26] resnet: True
[12/28 04:10:26] nesterov: True
[12/28 04:10:26] pre: False
[12/28 04:10:26] no_val: False
[12/28 04:10:26] train_way: 30
[12/28 04:10:26] test_way: 5
[12/28 04:10:26] train_shot: 5
[12/28 04:10:26] test_shot: [1, 5]
[12/28 04:10:26] train_query_shot: 15
[12/28 04:10:26] test_query_shot: 16
[12/28 04:10:26] train_transform_type: 0
[12/28 04:10:26] test_transform_type: 0
[12/28 04:10:26] val_trial: 1000
[12/28 04:10:26] detailed_name: False
[12/28 04:10:26] dataset: cub_raw
[12/28 04:10:26] alpha: 0.5
[12/28 04:10:26] model: C2_Net
[12/28 04:10:26] resume: False
[12/28 04:10:26] resume_epoch: 0
[12/28 04:10:26] save_folder: /home/temp/py/MDF-Net/experiments/CUB_raw/C2_Net/ResNet-12_5-shot
[12/28 04:10:26] ------------------------
[12/28 04:10:27] start training!
