[06/28 12:56:54] display all the hyper-parameters in args:
[06/28 12:56:54] opt: sgd
[06/28 12:56:54] lr: 0.1
[06/28 12:56:54] gamma: 0.1
[06/28 12:56:54] epoch: 130
[06/28 12:56:54] weight_decay: 0.0005
[06/28 12:56:54] gpu: 3
[06/28 12:56:54] seed: 42
[06/28 12:56:54] val_epoch: 1
[06/28 12:56:54] resnet: True
[06/28 12:56:54] nesterov: True
[06/28 12:56:54] pre: False
[06/28 12:56:54] no_val: False
[06/28 12:56:54] train_way: 20
[06/28 12:56:54] test_way: 5
[06/28 12:56:54] train_shot: 5
[06/28 12:56:54] test_shot: [1, 5]
[06/28 12:56:54] train_query_shot: 7
[06/28 12:56:54] test_query_shot: 16
[06/28 12:56:54] train_transform_type: 0
[06/28 12:56:54] test_transform_type: 0
[06/28 12:56:54] val_trial: 1000
[06/28 12:56:54] detailed_name: False
[06/28 12:56:54] dataset: aircraft
[06/28 12:56:54] alpha: 0.5
[06/28 12:56:54] model: MDF_Net
[06/28 12:56:54] resume: False
[06/28 12:56:54] resume_epoch: 0
[06/28 12:56:54] save_folder: /home/temp/py/model_design/MDF-Net_adjust/experiments/Aircraft_fewshot/MDF_Net/ResNet-12_5-shot
[06/28 12:56:54] ------------------------
[06/28 12:56:55] start training!
[06/28 12:59:25] 
[06/28 12:59:25] epoch 1/130, iter 250:
[06/28 12:59:25] train_loss: 5.87171
[06/28 12:59:25] train_acc: 9.683
[06/28 01:03:49] val_5-way-5-shot_acc: 40.328	0.512
[06/28 01:03:50] BEST!
[06/28 01:06:22] 
[06/28 01:06:22] epoch 2/130, iter 500:
[06/28 01:06:22] train_loss: 5.17938
[06/28 01:06:22] train_acc: 18.886
[06/28 01:10:46] val_5-way-5-shot_acc: 57.021	0.594
[06/28 01:10:47] BEST!
[06/28 01:13:14] 
[06/28 01:13:14] epoch 3/130, iter 750:
[06/28 01:13:14] train_loss: 4.33629
[06/28 01:13:14] train_acc: 30.417
[06/28 01:17:37] val_5-way-5-shot_acc: 72.224	0.561
[06/28 01:17:37] BEST!
[06/28 01:20:05] 
[06/28 01:20:05] epoch 4/130, iter 1000:
[06/28 01:20:05] train_loss: 3.75052
[06/28 01:20:05] train_acc: 38.246
[06/28 01:24:25] val_5-way-5-shot_acc: 74.610	0.590
[06/28 01:24:26] BEST!
[06/28 01:26:53] 
[06/28 01:26:53] epoch 5/130, iter 1250:
[06/28 01:26:53] train_loss: 3.32512
[06/28 01:26:53] train_acc: 44.800
[06/28 01:31:18] val_5-way-5-shot_acc: 80.213	0.569
[06/28 01:31:19] BEST!
[06/28 01:33:47] 
[06/28 01:33:47] epoch 6/130, iter 1500:
[06/28 01:33:47] train_loss: 2.98486
[06/28 01:33:47] train_acc: 50.460
[06/28 01:38:13] val_5-way-5-shot_acc: 83.761	0.521
[06/28 01:38:14] BEST!
[06/28 01:40:42] 
[06/28 01:40:42] epoch 7/130, iter 1750:
[06/28 01:40:42] train_loss: 2.75458
[06/28 01:40:42] train_acc: 54.097
[06/28 01:45:04] val_5-way-5-shot_acc: 83.722	0.528
[06/28 01:47:33] 
[06/28 01:47:33] epoch 8/130, iter 2000:
[06/28 01:47:33] train_loss: 2.57162
[06/28 01:47:33] train_acc: 57.303
[06/28 01:51:55] val_5-way-5-shot_acc: 82.002	0.544
[06/28 01:54:22] 
[06/28 01:54:22] epoch 9/130, iter 2250:
[06/28 01:54:22] train_loss: 2.43821
[06/28 01:54:22] train_acc: 59.897
[06/28 01:58:44] val_5-way-5-shot_acc: 85.085	0.507
[06/28 01:58:45] BEST!
[06/28 02:01:13] 
[06/28 02:01:13] epoch 10/130, iter 2500:
[06/28 02:01:13] train_loss: 2.27509
[06/28 02:01:13] train_acc: 62.771
[06/28 02:05:35] val_5-way-5-shot_acc: 86.484	0.444
[06/28 02:05:35] BEST!
[06/28 02:08:03] 
[06/28 02:08:03] epoch 11/130, iter 2750:
[06/28 02:08:03] train_loss: 2.15332
[06/28 02:08:03] train_acc: 65.103
[06/28 02:12:28] val_5-way-5-shot_acc: 87.005	0.464
[06/28 02:12:28] BEST!
[06/28 02:15:00] 
[06/28 02:15:00] epoch 12/130, iter 3000:
[06/28 02:15:00] train_loss: 2.09971
[06/28 02:15:00] train_acc: 66.089
[06/28 02:19:22] val_5-way-5-shot_acc: 87.715	0.469
[06/28 02:19:22] BEST!
[06/28 02:21:52] 
[06/28 02:21:52] epoch 13/130, iter 3250:
[06/28 02:21:52] train_loss: 2.05797
[06/28 02:21:52] train_acc: 66.377
[06/28 02:26:12] val_5-way-5-shot_acc: 88.024	0.413
[06/28 02:26:12] BEST!
[06/28 02:28:40] 
[06/28 02:28:40] epoch 14/130, iter 3500:
[06/28 02:28:40] train_loss: 1.97379
[06/28 02:28:40] train_acc: 67.649
[06/28 02:33:02] val_5-way-5-shot_acc: 88.684	0.394
[06/28 02:33:02] BEST!
[06/28 02:35:30] 
[06/28 02:35:30] epoch 15/130, iter 3750:
[06/28 02:35:30] train_loss: 1.90410
[06/28 02:35:30] train_acc: 69.149
[06/28 02:39:54] val_5-way-5-shot_acc: 89.263	0.383
[06/28 02:39:55] BEST!
[06/28 02:42:22] 
[06/28 02:42:22] epoch 16/130, iter 4000:
[06/28 02:42:22] train_loss: 1.86136
[06/28 02:42:22] train_acc: 70.057
[06/28 02:46:45] val_5-way-5-shot_acc: 88.941	0.373
[06/28 02:49:13] 
[06/28 02:49:13] epoch 17/130, iter 4250:
[06/28 02:49:13] train_loss: 1.81121
[06/28 02:49:13] train_acc: 71.057
[06/28 02:53:36] val_5-way-5-shot_acc: 89.270	0.398
[06/28 02:53:37] BEST!
[06/28 02:56:07] 
[06/28 02:56:07] epoch 18/130, iter 4500:
[06/28 02:56:07] train_loss: 1.75955
[06/28 02:56:07] train_acc: 71.714
[06/28 03:00:26] val_5-way-5-shot_acc: 88.854	0.381
[06/28 03:02:54] 
[06/28 03:02:54] epoch 19/130, iter 4750:
[06/28 03:02:54] train_loss: 1.72209
[06/28 03:02:54] train_acc: 72.443
[06/28 03:07:12] val_5-way-5-shot_acc: 89.009	0.374
[06/28 03:09:41] 
[06/28 03:09:41] epoch 20/130, iter 5000:
[06/28 03:09:41] train_loss: 1.67592
[06/28 03:09:41] train_acc: 73.271
[06/28 03:14:05] val_5-way-5-shot_acc: 89.020	0.383
[06/28 03:16:37] 
[06/28 03:16:37] epoch 21/130, iter 5250:
[06/28 03:16:37] train_loss: 1.63482
[06/28 03:16:37] train_acc: 74.063
[06/28 03:21:00] val_5-way-5-shot_acc: 87.896	0.403
[06/28 03:23:29] 
[06/28 03:23:29] epoch 22/130, iter 5500:
[06/28 03:23:29] train_loss: 1.62702
[06/28 03:23:29] train_acc: 74.471
[06/28 03:27:50] val_5-way-5-shot_acc: 90.759	0.355
[06/28 03:27:51] BEST!
[06/28 03:30:17] 
[06/28 03:30:17] epoch 23/130, iter 5750:
[06/28 03:30:17] train_loss: 1.55033
[06/28 03:30:17] train_acc: 75.403
[06/28 03:34:38] val_5-way-5-shot_acc: 89.994	0.369
[06/28 03:37:06] 
[06/28 03:37:06] epoch 24/130, iter 6000:
[06/28 03:37:06] train_loss: 1.53942
[06/28 03:37:06] train_acc: 75.503
[06/28 03:41:28] val_5-way-5-shot_acc: 90.701	0.323
[06/28 03:43:57] 
[06/28 03:43:57] epoch 25/130, iter 6250:
[06/28 03:43:57] train_loss: 1.50699
[06/28 03:43:57] train_acc: 76.800
[06/28 03:48:20] val_5-way-5-shot_acc: 89.576	0.362
[06/28 03:50:49] 
[06/28 03:50:49] epoch 26/130, iter 6500:
[06/28 03:50:49] train_loss: 1.47670
[06/28 03:50:49] train_acc: 76.780
[06/28 03:55:11] val_5-way-5-shot_acc: 89.751	0.347
[06/28 03:57:39] 
[06/28 03:57:39] epoch 27/130, iter 6750:
[06/28 03:57:39] train_loss: 1.46495
[06/28 03:57:39] train_acc: 77.143
[06/28 04:02:01] val_5-way-5-shot_acc: 90.379	0.344
[06/28 04:04:27] 
[06/28 04:04:27] epoch 28/130, iter 7000:
[06/28 04:04:27] train_loss: 1.48280
[06/28 04:04:27] train_acc: 77.089
[06/28 04:08:47] val_5-way-5-shot_acc: 90.820	0.328
[06/28 04:08:48] BEST!
[06/28 04:11:16] 
[06/28 04:11:16] epoch 29/130, iter 7250:
[06/28 04:11:16] train_loss: 1.39476
[06/28 04:11:16] train_acc: 78.474
[06/28 04:15:36] val_5-way-5-shot_acc: 91.349	0.331
[06/28 04:15:37] BEST!
[06/28 04:18:06] 
[06/28 04:18:06] epoch 30/130, iter 7500:
[06/28 04:18:06] train_loss: 1.39662
[06/28 04:18:06] train_acc: 78.409
[06/28 04:22:25] val_5-way-5-shot_acc: 90.968	0.316
[06/28 04:24:54] 
[06/28 04:24:54] epoch 31/130, iter 7750:
[06/28 04:24:54] train_loss: 1.41127
[06/28 04:24:54] train_acc: 78.077
[06/28 04:29:16] val_5-way-5-shot_acc: 91.586	0.328
[06/28 04:29:17] BEST!
[06/28 04:31:46] 
[06/28 04:31:46] epoch 32/130, iter 8000:
[06/28 04:31:46] train_loss: 1.35519
[06/28 04:31:46] train_acc: 79.449
[06/28 04:36:09] val_5-way-5-shot_acc: 91.696	0.314
[06/28 04:36:09] BEST!
[06/28 04:38:39] 
[06/28 04:38:39] epoch 33/130, iter 8250:
[06/28 04:38:39] train_loss: 1.35243
[06/28 04:38:39] train_acc: 79.486
[06/28 04:42:57] val_5-way-5-shot_acc: 91.469	0.355
[06/28 04:45:26] 
[06/28 04:45:26] epoch 34/130, iter 8500:
[06/28 04:45:26] train_loss: 1.33543
[06/28 04:45:26] train_acc: 79.426
[06/28 04:49:46] val_5-way-5-shot_acc: 90.608	0.333
[06/28 04:52:13] 
[06/28 04:52:13] epoch 35/130, iter 8750:
[06/28 04:52:13] train_loss: 1.31678
[06/28 04:52:13] train_acc: 79.986
[06/28 04:56:31] val_5-way-5-shot_acc: 91.710	0.285
[06/28 04:56:32] BEST!
[06/28 04:59:00] 
[06/28 04:59:00] epoch 36/130, iter 9000:
[06/28 04:59:00] train_loss: 1.31088
[06/28 04:59:00] train_acc: 80.086
[06/28 05:03:28] val_5-way-5-shot_acc: 90.741	0.346
[06/28 05:05:57] 
[06/28 05:05:57] epoch 37/130, iter 9250:
[06/28 05:05:57] train_loss: 1.29285
[06/28 05:05:57] train_acc: 80.266
[06/28 05:10:15] val_5-way-5-shot_acc: 91.427	0.317
[06/28 05:12:45] 
[06/28 05:12:45] epoch 38/130, iter 9500:
[06/28 05:12:45] train_loss: 1.27157
[06/28 05:12:45] train_acc: 80.463
[06/28 05:17:04] val_5-way-5-shot_acc: 92.065	0.303
[06/28 05:17:05] BEST!
[06/28 05:19:34] 
[06/28 05:19:34] epoch 39/130, iter 9750:
[06/28 05:19:34] train_loss: 1.28187
[06/28 05:19:34] train_acc: 80.071
[06/28 05:23:56] val_5-way-5-shot_acc: 89.256	0.367
[06/28 05:26:25] 
[06/28 05:26:25] epoch 40/130, iter 10000:
[06/28 05:26:25] train_loss: 1.26410
[06/28 05:26:25] train_acc: 80.777
[06/28 05:30:42] val_5-way-5-shot_acc: 91.896	0.313
[06/28 05:33:12] 
[06/28 05:33:12] epoch 41/130, iter 10250:
[06/28 05:33:12] train_loss: 1.24839
[06/28 05:33:12] train_acc: 81.151
[06/28 05:37:32] val_5-way-5-shot_acc: 91.509	0.310
[06/28 05:40:02] 
[06/28 05:40:02] epoch 42/130, iter 10500:
[06/28 05:40:02] train_loss: 1.25728
[06/28 05:40:02] train_acc: 81.091
[06/28 05:44:22] val_5-way-5-shot_acc: 91.845	0.319
[06/28 05:46:47] 
[06/28 05:46:47] epoch 43/130, iter 10750:
[06/28 05:46:47] train_loss: 1.22374
[06/28 05:46:47] train_acc: 81.443
[06/28 05:51:10] val_5-way-5-shot_acc: 91.234	0.315
[06/28 05:53:37] 
[06/28 05:53:37] epoch 44/130, iter 11000:
[06/28 05:53:37] train_loss: 1.23735
[06/28 05:53:37] train_acc: 81.460
[06/28 05:57:56] val_5-way-5-shot_acc: 91.765	0.309
[06/28 06:00:24] 
[06/28 06:00:24] epoch 45/130, iter 11250:
[06/28 06:00:24] train_loss: 1.20261
[06/28 06:00:24] train_acc: 82.023
[06/28 06:04:50] val_5-way-5-shot_acc: 91.616	0.273
[06/28 06:07:17] 
[06/28 06:07:17] epoch 46/130, iter 11500:
[06/28 06:07:17] train_loss: 1.22674
[06/28 06:07:17] train_acc: 81.609
[06/28 06:11:35] val_5-way-5-shot_acc: 91.761	0.305
[06/28 06:14:02] 
[06/28 06:14:02] epoch 47/130, iter 11750:
[06/28 06:14:02] train_loss: 1.19126
[06/28 06:14:02] train_acc: 81.840
[06/28 06:18:28] val_5-way-5-shot_acc: 91.161	0.308
[06/28 06:20:58] 
[06/28 06:20:58] epoch 48/130, iter 12000:
[06/28 06:20:58] train_loss: 1.18867
[06/28 06:20:58] train_acc: 82.231
[06/28 06:25:21] val_5-way-5-shot_acc: 91.291	0.320
[06/28 06:27:51] 
[06/28 06:27:51] epoch 49/130, iter 12250:
[06/28 06:27:51] train_loss: 1.18790
[06/28 06:27:51] train_acc: 82.163
[06/28 06:32:18] val_5-way-5-shot_acc: 91.645	0.328
[06/28 06:34:48] 
[06/28 06:34:48] epoch 50/130, iter 12500:
[06/28 06:34:48] train_loss: 1.17996
[06/28 06:34:48] train_acc: 82.203
[06/28 06:39:10] val_5-way-5-shot_acc: 92.745	0.290
[06/28 06:39:11] BEST!
[06/28 06:41:41] 
[06/28 06:41:41] epoch 51/130, iter 12750:
[06/28 06:41:41] train_loss: 1.17602
[06/28 06:41:41] train_acc: 82.426
[06/28 06:46:05] val_5-way-5-shot_acc: 91.683	0.311
[06/28 06:48:33] 
[06/28 06:48:33] epoch 52/130, iter 13000:
[06/28 06:48:33] train_loss: 1.19255
[06/28 06:48:33] train_acc: 82.069
[06/28 06:52:54] val_5-way-5-shot_acc: 92.639	0.277
[06/28 06:55:19] 
[06/28 06:55:19] epoch 53/130, iter 13250:
[06/28 06:55:19] train_loss: 1.16356
[06/28 06:55:19] train_acc: 82.651
[06/28 06:59:37] val_5-way-5-shot_acc: 91.694	0.305
[06/28 07:02:11] 
[06/28 07:02:11] epoch 54/130, iter 13500:
[06/28 07:02:11] train_loss: 1.15261
[06/28 07:02:11] train_acc: 82.980
[06/28 07:06:26] val_5-way-5-shot_acc: 91.612	0.321
[06/28 07:08:53] 
[06/28 07:08:53] epoch 55/130, iter 13750:
[06/28 07:08:53] train_loss: 1.15826
[06/28 07:08:53] train_acc: 82.577
[06/28 07:13:11] val_5-way-5-shot_acc: 89.834	0.338
[06/28 07:15:37] 
[06/28 07:15:37] epoch 56/130, iter 14000:
[06/28 07:15:37] train_loss: 1.15184
[06/28 07:15:37] train_acc: 82.817
[06/28 07:19:52] val_5-way-5-shot_acc: 92.366	0.313
[06/28 07:22:22] 
[06/28 07:22:22] epoch 57/130, iter 14250:
[06/28 07:22:22] train_loss: 1.14929
[06/28 07:22:22] train_acc: 82.700
[06/28 07:26:44] val_5-way-5-shot_acc: 92.124	0.299
[06/28 07:29:11] 
[06/28 07:29:11] epoch 58/130, iter 14500:
[06/28 07:29:11] train_loss: 1.14733
[06/28 07:29:11] train_acc: 82.954
[06/28 07:33:32] val_5-way-5-shot_acc: 92.487	0.303
[06/28 07:35:58] 
[06/28 07:35:58] epoch 59/130, iter 14750:
[06/28 07:35:58] train_loss: 1.17631
[06/28 07:35:58] train_acc: 82.374
[06/28 07:40:13] val_5-way-5-shot_acc: 91.620	0.304
[06/28 07:42:40] 
[06/28 07:42:40] epoch 60/130, iter 15000:
[06/28 07:42:40] train_loss: 1.13869
[06/28 07:42:40] train_acc: 83.166
[06/28 07:46:58] val_5-way-5-shot_acc: 92.110	0.314
[06/28 07:49:28] 
[06/28 07:49:28] epoch 61/130, iter 15250:
[06/28 07:49:28] train_loss: 1.11574
[06/28 07:49:28] train_acc: 83.534
[06/28 07:53:49] val_5-way-5-shot_acc: 91.134	0.345
[06/28 07:56:17] 
[06/28 07:56:17] epoch 62/130, iter 15500:
[06/28 07:56:17] train_loss: 1.14024
[06/28 07:56:17] train_acc: 82.780
[06/28 08:00:35] val_5-way-5-shot_acc: 91.994	0.284
[06/28 08:03:00] 
[06/28 08:03:00] epoch 63/130, iter 15750:
[06/28 08:03:00] train_loss: 1.10638
[06/28 08:03:00] train_acc: 83.557
[06/28 08:07:14] val_5-way-5-shot_acc: 90.903	0.327
[06/28 08:09:40] 
[06/28 08:09:40] epoch 64/130, iter 16000:
[06/28 08:09:40] train_loss: 1.12913
[06/28 08:09:40] train_acc: 83.357
[06/28 08:14:03] val_5-way-5-shot_acc: 91.920	0.312
[06/28 08:16:28] 
[06/28 08:16:28] epoch 65/130, iter 16250:
[06/28 08:16:28] train_loss: 1.11809
[06/28 08:16:28] train_acc: 83.537
[06/28 08:20:43] val_5-way-5-shot_acc: 91.515	0.294
[06/28 08:23:10] 
[06/28 08:23:10] epoch 66/130, iter 16500:
[06/28 08:23:10] train_loss: 1.11961
[06/28 08:23:10] train_acc: 83.471
[06/28 08:27:25] val_5-way-5-shot_acc: 91.305	0.329
[06/28 08:29:51] 
[06/28 08:29:51] epoch 67/130, iter 16750:
[06/28 08:29:51] train_loss: 1.11660
[06/28 08:29:51] train_acc: 83.729
[06/28 08:34:12] val_5-way-5-shot_acc: 90.940	0.311
[06/28 08:36:40] 
[06/28 08:36:40] epoch 68/130, iter 17000:
[06/28 08:36:40] train_loss: 1.08087
[06/28 08:36:40] train_acc: 84.189
[06/28 08:41:13] val_5-way-5-shot_acc: 91.267	0.322
[06/28 08:43:42] 
[06/28 08:43:42] epoch 69/130, iter 17250:
[06/28 08:43:42] train_loss: 1.11394
[06/28 08:43:42] train_acc: 83.654
[06/28 08:48:08] val_5-way-5-shot_acc: 92.468	0.301
[06/28 08:50:36] 
[06/28 08:50:36] epoch 70/130, iter 17500:
[06/28 08:50:36] train_loss: 1.10475
[06/28 08:50:36] train_acc: 83.849
[06/28 08:54:56] val_5-way-5-shot_acc: 91.626	0.307
[06/28 08:57:27] 
[06/28 08:57:27] epoch 71/130, iter 17750:
[06/28 08:57:27] train_loss: 0.74113
[06/28 08:57:27] train_acc: 88.620
[06/28 09:01:47] val_5-way-5-shot_acc: 94.980	0.251
[06/28 09:01:48] BEST!
[06/28 09:04:13] 
[06/28 09:04:13] epoch 72/130, iter 18000:
[06/28 09:04:13] train_loss: 0.58549
[06/28 09:04:13] train_acc: 90.851
[06/28 09:08:34] val_5-way-5-shot_acc: 95.139	0.229
[06/28 09:08:35] BEST!
[06/28 09:11:05] 
[06/28 09:11:05] epoch 73/130, iter 18250:
[06/28 09:11:05] train_loss: 0.55307
[06/28 09:11:05] train_acc: 91.206
[06/28 09:15:23] val_5-way-5-shot_acc: 95.286	0.239
[06/28 09:15:23] BEST!
[06/28 09:17:52] 
[06/28 09:17:52] epoch 74/130, iter 18500:
[06/28 09:17:52] train_loss: 0.49513
[06/28 09:17:52] train_acc: 92.329
[06/28 09:22:13] val_5-way-5-shot_acc: 95.264	0.231
[06/28 09:24:44] 
[06/28 09:24:44] epoch 75/130, iter 18750:
[06/28 09:24:44] train_loss: 0.46404
[06/28 09:24:44] train_acc: 92.817
[06/28 09:29:05] val_5-way-5-shot_acc: 95.495	0.223
[06/28 09:29:06] BEST!
[06/28 09:31:35] 
[06/28 09:31:35] epoch 76/130, iter 19000:
[06/28 09:31:35] train_loss: 0.47909
[06/28 09:31:35] train_acc: 92.449
[06/28 09:35:57] val_5-way-5-shot_acc: 95.609	0.225
[06/28 09:35:58] BEST!
[06/28 09:38:28] 
[06/28 09:38:28] epoch 77/130, iter 19250:
[06/28 09:38:28] train_loss: 0.44555
[06/28 09:38:28] train_acc: 93.111
[06/28 09:42:50] val_5-way-5-shot_acc: 95.722	0.218
[06/28 09:42:51] BEST!
[06/28 09:45:20] 
[06/28 09:45:20] epoch 78/130, iter 19500:
[06/28 09:45:20] train_loss: 0.46134
[06/28 09:45:20] train_acc: 92.911
[06/28 09:49:54] val_5-way-5-shot_acc: 95.668	0.220
[06/28 09:52:25] 
[06/28 09:52:25] epoch 79/130, iter 19750:
[06/28 09:52:25] train_loss: 0.43347
[06/28 09:52:25] train_acc: 93.463
[06/28 09:56:49] val_5-way-5-shot_acc: 95.579	0.217
[06/28 09:59:19] 
[06/28 09:59:19] epoch 80/130, iter 20000:
[06/28 09:59:19] train_loss: 0.42583
[06/28 09:59:19] train_acc: 93.511
[06/28 10:03:43] val_5-way-5-shot_acc: 95.831	0.211
[06/28 10:03:44] BEST!
[06/28 10:06:14] 
[06/28 10:06:14] epoch 81/130, iter 20250:
[06/28 10:06:14] train_loss: 0.42031
[06/28 10:06:14] train_acc: 93.680
[06/28 10:10:37] val_5-way-5-shot_acc: 95.661	0.226
[06/28 10:13:04] 
[06/28 10:13:04] epoch 82/130, iter 20500:
[06/28 10:13:04] train_loss: 0.41629
[06/28 10:13:04] train_acc: 93.809
[06/28 10:17:26] val_5-way-5-shot_acc: 95.853	0.210
[06/28 10:17:27] BEST!
[06/28 10:19:54] 
[06/28 10:19:54] epoch 83/130, iter 20750:
[06/28 10:19:54] train_loss: 0.39421
[06/28 10:19:54] train_acc: 94.103
[06/28 10:24:14] val_5-way-5-shot_acc: 95.552	0.233
[06/28 10:26:42] 
[06/28 10:26:42] epoch 84/130, iter 21000:
[06/28 10:26:42] train_loss: 0.39088
[06/28 10:26:42] train_acc: 94.180
[06/28 10:31:03] val_5-way-5-shot_acc: 95.829	0.217
[06/28 10:33:31] 
[06/28 10:33:31] epoch 85/130, iter 21250:
[06/28 10:33:31] train_loss: 0.37769
[06/28 10:33:31] train_acc: 94.269
[06/28 10:37:51] val_5-way-5-shot_acc: 95.639	0.212
[06/28 10:40:21] 
[06/28 10:40:21] epoch 86/130, iter 21500:
[06/28 10:40:21] train_loss: 0.37775
[06/28 10:40:21] train_acc: 94.503
[06/28 10:44:45] val_5-way-5-shot_acc: 95.750	0.219
[06/28 10:47:14] 
[06/28 10:47:14] epoch 87/130, iter 21750:
[06/28 10:47:14] train_loss: 0.36956
[06/28 10:47:14] train_acc: 94.691
[06/28 10:51:36] val_5-way-5-shot_acc: 95.513	0.227
[06/28 10:54:06] 
[06/28 10:54:06] epoch 88/130, iter 22000:
[06/28 10:54:06] train_loss: 0.37077
[06/28 10:54:06] train_acc: 94.531
[06/28 10:58:33] val_5-way-5-shot_acc: 95.850	0.214
[06/28 11:01:05] 
[06/28 11:01:05] epoch 89/130, iter 22250:
[06/28 11:01:05] train_loss: 0.38401
[06/28 11:01:05] train_acc: 94.517
[06/28 11:05:29] val_5-way-5-shot_acc: 95.772	0.219
[06/28 11:08:01] 
[06/28 11:08:01] epoch 90/130, iter 22500:
[06/28 11:08:01] train_loss: 0.38027
[06/28 11:08:01] train_acc: 94.471
[06/28 11:12:26] val_5-way-5-shot_acc: 95.479	0.222
[06/28 11:14:53] 
[06/28 11:14:53] epoch 91/130, iter 22750:
[06/28 11:14:53] train_loss: 0.35875
[06/28 11:14:53] train_acc: 94.966
[06/28 11:19:15] val_5-way-5-shot_acc: 95.139	0.237
[06/28 11:21:41] 
[06/28 11:21:41] epoch 92/130, iter 23000:
[06/28 11:21:41] train_loss: 0.34402
[06/28 11:21:41] train_acc: 95.049
[06/28 11:26:03] val_5-way-5-shot_acc: 95.558	0.220
[06/28 11:28:31] 
[06/28 11:28:31] epoch 93/130, iter 23250:
[06/28 11:28:31] train_loss: 0.35002
[06/28 11:28:31] train_acc: 95.020
[06/28 11:32:53] val_5-way-5-shot_acc: 95.495	0.216
[06/28 11:35:22] 
[06/28 11:35:22] epoch 94/130, iter 23500:
[06/28 11:35:22] train_loss: 0.34331
[06/28 11:35:22] train_acc: 95.131
[06/28 11:39:40] val_5-way-5-shot_acc: 95.615	0.206
[06/28 11:42:10] 
[06/28 11:42:10] epoch 95/130, iter 23750:
[06/28 11:42:10] train_loss: 0.35094
[06/28 11:42:10] train_acc: 94.937
[06/28 11:46:36] val_5-way-5-shot_acc: 95.600	0.210
[06/28 11:49:07] 
[06/28 11:49:07] epoch 96/130, iter 24000:
[06/28 11:49:07] train_loss: 0.34083
[06/28 11:49:07] train_acc: 95.249
[06/28 11:53:33] val_5-way-5-shot_acc: 95.341	0.221
[06/28 11:56:03] 
[06/28 11:56:03] epoch 97/130, iter 24250:
[06/28 11:56:03] train_loss: 0.34541
[06/28 11:56:03] train_acc: 95.089
[06/29 12:00:27] val_5-way-5-shot_acc: 95.752	0.201
[06/29 12:02:54] 
[06/29 12:02:54] epoch 98/130, iter 24500:
[06/29 12:02:54] train_loss: 0.33415
[06/29 12:02:54] train_acc: 95.329
[06/29 12:07:14] val_5-way-5-shot_acc: 95.739	0.209
[06/29 12:09:42] 
[06/29 12:09:42] epoch 99/130, iter 24750:
[06/29 12:09:42] train_loss: 0.33677
[06/29 12:09:42] train_acc: 95.320
[06/29 12:13:57] val_5-way-5-shot_acc: 95.894	0.210
[06/29 12:13:58] BEST!
[06/29 12:16:20] 
[06/29 12:16:20] epoch 100/130, iter 25000:
[06/29 12:16:20] train_loss: 0.33318
[06/29 12:16:20] train_acc: 95.400
[06/29 12:20:34] val_5-way-5-shot_acc: 95.875	0.194
[06/29 12:22:58] 
[06/29 12:22:58] epoch 101/130, iter 25250:
[06/29 12:22:58] train_loss: 0.30007
[06/29 12:22:58] train_acc: 95.906
[06/29 12:27:11] val_5-way-5-shot_acc: 96.295	0.196
[06/29 12:27:11] BEST!
[06/29 12:29:36] 
[06/29 12:29:36] epoch 102/130, iter 25500:
[06/29 12:29:36] train_loss: 0.28313
[06/29 12:29:36] train_acc: 96.097
[06/29 12:33:51] val_5-way-5-shot_acc: 96.272	0.187
[06/29 12:36:15] 
[06/29 12:36:15] epoch 103/130, iter 25750:
[06/29 12:36:15] train_loss: 0.26489
[06/29 12:36:15] train_acc: 96.380
[06/29 12:40:28] val_5-way-5-shot_acc: 96.251	0.189
[06/29 12:42:52] 
[06/29 12:42:52] epoch 104/130, iter 26000:
[06/29 12:42:52] train_loss: 0.25799
[06/29 12:42:52] train_acc: 96.374
[06/29 12:47:06] val_5-way-5-shot_acc: 96.094	0.207
[06/29 12:49:27] 
[06/29 12:49:27] epoch 105/130, iter 26250:
[06/29 12:49:27] train_loss: 0.26521
[06/29 12:49:27] train_acc: 96.500
[06/29 12:53:43] val_5-way-5-shot_acc: 96.096	0.203
[06/29 12:56:04] 
[06/29 12:56:04] epoch 106/130, iter 26500:
[06/29 12:56:04] train_loss: 0.25071
[06/29 12:56:04] train_acc: 96.546
[06/29 01:00:18] val_5-way-5-shot_acc: 96.082	0.193
[06/29 01:02:41] 
[06/29 01:02:41] epoch 107/130, iter 26750:
[06/29 01:02:41] train_loss: 0.24823
[06/29 01:02:41] train_acc: 96.560
[06/29 01:06:54] val_5-way-5-shot_acc: 96.089	0.204
[06/29 01:09:19] 
[06/29 01:09:19] epoch 108/130, iter 27000:
[06/29 01:09:19] train_loss: 0.24420
[06/29 01:09:19] train_acc: 96.657
[06/29 01:13:32] val_5-way-5-shot_acc: 96.101	0.204
[06/29 01:15:55] 
[06/29 01:15:55] epoch 109/130, iter 27250:
[06/29 01:15:55] train_loss: 0.24695
[06/29 01:15:55] train_acc: 96.551
[06/29 01:20:08] val_5-way-5-shot_acc: 96.165	0.190
[06/29 01:22:31] 
[06/29 01:22:31] epoch 110/130, iter 27500:
[06/29 01:22:31] train_loss: 0.24267
[06/29 01:22:31] train_acc: 96.689
[06/29 01:26:46] val_5-way-5-shot_acc: 95.916	0.211
[06/29 01:29:14] 
[06/29 01:29:14] epoch 111/130, iter 27750:
[06/29 01:29:14] train_loss: 0.23613
[06/29 01:29:14] train_acc: 96.746
[06/29 01:33:32] val_5-way-5-shot_acc: 96.105	0.196
[06/29 01:35:58] 
[06/29 01:35:58] epoch 112/130, iter 28000:
[06/29 01:35:58] train_loss: 0.24129
[06/29 01:35:58] train_acc: 96.683
[06/29 01:40:22] val_5-way-5-shot_acc: 96.153	0.197
[06/29 01:42:52] 
[06/29 01:42:52] epoch 113/130, iter 28250:
[06/29 01:42:52] train_loss: 0.22939
[06/29 01:42:52] train_acc: 96.903
[06/29 01:47:14] val_5-way-5-shot_acc: 96.132	0.194
[06/29 01:49:42] 
[06/29 01:49:42] epoch 114/130, iter 28500:
[06/29 01:49:42] train_loss: 0.23886
[06/29 01:49:42] train_acc: 96.760
[06/29 01:54:03] val_5-way-5-shot_acc: 96.051	0.199
[06/29 01:56:31] 
[06/29 01:56:31] epoch 115/130, iter 28750:
[06/29 01:56:31] train_loss: 0.24366
[06/29 01:56:31] train_acc: 96.560
[06/29 02:00:52] val_5-way-5-shot_acc: 96.060	0.202
[06/29 02:03:19] 
[06/29 02:03:19] epoch 116/130, iter 29000:
[06/29 02:03:19] train_loss: 0.23697
[06/29 02:03:19] train_acc: 96.669
[06/29 02:07:45] val_5-way-5-shot_acc: 95.922	0.204
[06/29 02:10:14] 
[06/29 02:10:14] epoch 117/130, iter 29250:
[06/29 02:10:14] train_loss: 0.23023
[06/29 02:10:14] train_acc: 96.897
[06/29 02:14:37] val_5-way-5-shot_acc: 95.851	0.215
[06/29 02:17:06] 
[06/29 02:17:06] epoch 118/130, iter 29500:
[06/29 02:17:06] train_loss: 0.23347
[06/29 02:17:06] train_acc: 96.826
[06/29 02:21:27] val_5-way-5-shot_acc: 96.006	0.199
[06/29 02:23:56] 
[06/29 02:23:56] epoch 119/130, iter 29750:
[06/29 02:23:56] train_loss: 0.22859
[06/29 02:23:56] train_acc: 96.980
[06/29 02:28:18] val_5-way-5-shot_acc: 96.176	0.201
[06/29 02:30:47] 
[06/29 02:30:47] epoch 120/130, iter 30000:
[06/29 02:30:47] train_loss: 0.23587
[06/29 02:30:47] train_acc: 96.883
[06/29 02:35:10] val_5-way-5-shot_acc: 95.814	0.210
[06/29 02:37:38] 
[06/29 02:37:38] epoch 121/130, iter 30250:
[06/29 02:37:38] train_loss: 0.22501
[06/29 02:37:38] train_acc: 97.020
[06/29 02:41:57] val_5-way-5-shot_acc: 96.220	0.194
[06/29 02:44:25] 
[06/29 02:44:25] epoch 122/130, iter 30500:
[06/29 02:44:25] train_loss: 0.24200
[06/29 02:44:25] train_acc: 96.749
[06/29 02:48:49] val_5-way-5-shot_acc: 96.328	0.184
[06/29 02:48:50] BEST!
[06/29 02:51:18] 
[06/29 02:51:18] epoch 123/130, iter 30750:
[06/29 02:51:18] train_loss: 0.22598
[06/29 02:51:18] train_acc: 96.943
[06/29 02:55:38] val_5-way-5-shot_acc: 96.229	0.189
[06/29 02:58:08] 
[06/29 02:58:08] epoch 124/130, iter 31000:
[06/29 02:58:08] train_loss: 0.22874
[06/29 02:58:08] train_acc: 96.920
[06/29 03:02:30] val_5-way-5-shot_acc: 96.141	0.184
[06/29 03:04:59] 
[06/29 03:04:59] epoch 125/130, iter 31250:
[06/29 03:04:59] train_loss: 0.22066
[06/29 03:04:59] train_acc: 97.009
[06/29 03:09:20] val_5-way-5-shot_acc: 96.002	0.206
[06/29 03:11:48] 
[06/29 03:11:48] epoch 126/130, iter 31500:
[06/29 03:11:48] train_loss: 0.22053
[06/29 03:11:48] train_acc: 97.086
[06/29 03:16:09] val_5-way-5-shot_acc: 96.203	0.190
[06/29 03:18:36] 
[06/29 03:18:36] epoch 127/130, iter 31750:
[06/29 03:18:36] train_loss: 0.22293
[06/29 03:18:36] train_acc: 96.971
[06/29 03:22:59] val_5-way-5-shot_acc: 96.260	0.195
[06/29 03:25:27] 
[06/29 03:25:27] epoch 128/130, iter 32000:
[06/29 03:25:27] train_loss: 0.21868
[06/29 03:25:27] train_acc: 97.131
[06/29 03:29:47] val_5-way-5-shot_acc: 96.200	0.197
[06/29 03:32:13] 
[06/29 03:32:14] epoch 129/130, iter 32250:
[06/29 03:32:14] train_loss: 0.21841
[06/29 03:32:14] train_acc: 97.149
[06/29 03:36:38] val_5-way-5-shot_acc: 96.192	0.197
[06/29 03:39:08] 
[06/29 03:39:08] epoch 130/130, iter 32500:
[06/29 03:39:08] train_loss: 0.22620
[06/29 03:39:08] train_acc: 97.057
[06/29 03:43:27] val_5-way-5-shot_acc: 96.010	0.203
[06/29 03:43:27] training finished!
[06/29 03:43:27] ------------------------
[06/29 03:43:27] the best epoch is 122/130
[06/29 03:43:27] the best 5-way 5-shot val acc is 96.328
[06/29 03:43:27] ------------------------
[06/29 03:43:27] evaluating on test set:
[06/29 03:50:56] 5-way-1-shot acc: 89.47	0.37
[06/29 04:00:09] 5-way-5-shot acc: 95.28	0.16
