[06/23 08:56:18] display all the hyper-parameters in args:
[06/23 08:56:18] opt: sgd
[06/23 08:56:18] lr: 0.1
[06/23 08:56:18] gamma: 0.1
[06/23 08:56:18] epoch: 130
[06/23 08:56:18] weight_decay: 0.0005
[06/23 08:56:18] gpu: 3
[06/23 08:56:18] seed: 42
[06/23 08:56:18] val_epoch: 1
[06/23 08:56:18] resnet: False
[06/23 08:56:18] nesterov: True
[06/23 08:56:18] pre: False
[06/23 08:56:18] no_val: False
[06/23 08:56:18] train_way: 30
[06/23 08:56:18] test_way: 5
[06/23 08:56:18] train_shot: 5
[06/23 08:56:18] test_shot: [1, 5]
[06/23 08:56:18] train_query_shot: 15
[06/23 08:56:18] test_query_shot: 16
[06/23 08:56:18] train_transform_type: 0
[06/23 08:56:18] test_transform_type: 0
[06/23 08:56:18] val_trial: 1000
[06/23 08:56:18] detailed_name: False
[06/23 08:56:18] dataset: stanford_dog
[06/23 08:56:18] alpha: 0.5
[06/23 08:56:18] model: MDF_Net
[06/23 08:56:18] resume: False
[06/23 08:56:18] resume_epoch: 0
[06/23 08:56:18] save_folder: /home/temp/py/model_design/MDF-Net_adjust/experiments/StanfordDog/MDF_Net/Conv-4_5-shot
[06/23 08:56:18] ------------------------
[06/23 08:56:19] start training!
[06/23 08:58:10] 
[06/23 08:58:10] epoch 1/130, iter 250:
[06/23 08:58:10] train_loss: 6.42798
[06/23 08:58:10] train_acc: 8.526
[06/23 08:59:26] val_5-way-5-shot_acc: 44.830	0.560
[06/23 08:59:26] BEST!
[06/23 09:01:13] 
[06/23 09:01:13] epoch 2/130, iter 500:
[06/23 09:01:13] train_loss: 5.98696
[06/23 09:01:13] train_acc: 13.381
[06/23 09:02:28] val_5-way-5-shot_acc: 51.325	0.602
[06/23 09:02:28] BEST!
[06/23 09:04:16] 
[06/23 09:04:16] epoch 3/130, iter 750:
[06/23 09:04:16] train_loss: 5.58523
[06/23 09:04:16] train_acc: 18.497
[06/23 09:05:32] val_5-way-5-shot_acc: 57.530	0.595
[06/23 09:05:32] BEST!
[06/23 09:07:19] 
[06/23 09:07:19] epoch 4/130, iter 1000:
[06/23 09:07:19] train_loss: 5.25140
[06/23 09:07:19] train_acc: 22.861
[06/23 09:08:36] val_5-way-5-shot_acc: 59.039	0.594
[06/23 09:08:36] BEST!
[06/23 09:10:28] 
[06/23 09:10:28] epoch 5/130, iter 1250:
[06/23 09:10:28] train_loss: 4.99595
[06/23 09:10:28] train_acc: 26.186
[06/23 09:11:43] val_5-way-5-shot_acc: 60.748	0.601
[06/23 09:11:43] BEST!
[06/23 09:13:42] 
[06/23 09:13:42] epoch 6/130, iter 1500:
[06/23 09:13:42] train_loss: 4.78591
[06/23 09:13:42] train_acc: 29.209
[06/23 09:15:02] val_5-way-5-shot_acc: 63.089	0.590
[06/23 09:15:02] BEST!
[06/23 09:16:56] 
[06/23 09:16:56] epoch 7/130, iter 1750:
[06/23 09:16:56] train_loss: 4.54660
[06/23 09:16:56] train_acc: 33.054
[06/23 09:18:19] val_5-way-5-shot_acc: 64.760	0.573
[06/23 09:18:19] BEST!
[06/23 09:20:13] 
[06/23 09:20:13] epoch 8/130, iter 2000:
[06/23 09:20:13] train_loss: 4.37193
[06/23 09:20:13] train_acc: 35.732
[06/23 09:21:34] val_5-way-5-shot_acc: 67.141	0.551
[06/23 09:21:34] BEST!
[06/23 09:23:33] 
[06/23 09:23:33] epoch 9/130, iter 2250:
[06/23 09:23:33] train_loss: 4.22418
[06/23 09:23:33] train_acc: 38.080
[06/23 09:24:52] val_5-way-5-shot_acc: 68.250	0.522
[06/23 09:24:52] BEST!
[06/23 09:26:46] 
[06/23 09:26:46] epoch 10/130, iter 2500:
[06/23 09:26:46] train_loss: 4.04397
[06/23 09:26:46] train_acc: 40.987
[06/23 09:28:11] val_5-way-5-shot_acc: 66.946	0.520
[06/23 09:30:07] 
[06/23 09:30:07] epoch 11/130, iter 2750:
[06/23 09:30:07] train_loss: 3.94579
[06/23 09:30:07] train_acc: 42.742
[06/23 09:31:27] val_5-way-5-shot_acc: 70.471	0.523
[06/23 09:31:27] BEST!
[06/23 09:33:25] 
[06/23 09:33:25] epoch 12/130, iter 3000:
[06/23 09:33:25] train_loss: 3.83519
[06/23 09:33:25] train_acc: 44.583
[06/23 09:34:42] val_5-way-5-shot_acc: 72.188	0.528
[06/23 09:34:42] BEST!
[06/23 09:36:31] 
[06/23 09:36:31] epoch 13/130, iter 3250:
[06/23 09:36:31] train_loss: 3.70435
[06/23 09:36:31] train_acc: 46.496
[06/23 09:37:47] val_5-way-5-shot_acc: 74.309	0.491
[06/23 09:37:47] BEST!
[06/23 09:39:35] 
[06/23 09:39:35] epoch 14/130, iter 3500:
[06/23 09:39:35] train_loss: 3.64009
[06/23 09:39:35] train_acc: 47.436
[06/23 09:40:52] val_5-way-5-shot_acc: 73.990	0.454
[06/23 09:42:39] 
[06/23 09:42:39] epoch 15/130, iter 3750:
[06/23 09:42:39] train_loss: 3.57330
[06/23 09:42:39] train_acc: 48.610
[06/23 09:43:57] val_5-way-5-shot_acc: 75.431	0.481
[06/23 09:43:57] BEST!
[06/23 09:45:46] 
[06/23 09:45:46] epoch 16/130, iter 4000:
[06/23 09:45:46] train_loss: 3.51029
[06/23 09:45:46] train_acc: 49.614
[06/23 09:47:02] val_5-way-5-shot_acc: 75.325	0.474
[06/23 09:48:49] 
[06/23 09:48:49] epoch 17/130, iter 4250:
[06/23 09:48:49] train_loss: 3.46088
[06/23 09:48:49] train_acc: 50.300
[06/23 09:50:05] val_5-way-5-shot_acc: 73.211	0.479
[06/23 09:51:52] 
[06/23 09:51:52] epoch 18/130, iter 4500:
[06/23 09:51:52] train_loss: 3.38365
[06/23 09:51:52] train_acc: 51.293
[06/23 09:53:08] val_5-way-5-shot_acc: 76.409	0.474
[06/23 09:53:08] BEST!
[06/23 09:54:56] 
[06/23 09:54:56] epoch 19/130, iter 4750:
[06/23 09:54:56] train_loss: 3.34773
[06/23 09:54:56] train_acc: 52.071
[06/23 09:56:13] val_5-way-5-shot_acc: 77.154	0.430
[06/23 09:56:13] BEST!
[06/23 09:58:00] 
[06/23 09:58:00] epoch 20/130, iter 5000:
[06/23 09:58:00] train_loss: 3.33381
[06/23 09:58:00] train_acc: 52.252
[06/23 09:59:16] val_5-way-5-shot_acc: 76.135	0.460
[06/23 10:01:09] 
[06/23 10:01:09] epoch 21/130, iter 5250:
[06/23 10:01:09] train_loss: 3.29145
[06/23 10:01:09] train_acc: 52.796
[06/23 10:02:32] val_5-way-5-shot_acc: 73.877	0.476
[06/23 10:04:31] 
[06/23 10:04:31] epoch 22/130, iter 5500:
[06/23 10:04:31] train_loss: 3.24815
[06/23 10:04:31] train_acc: 53.338
[06/23 10:05:57] val_5-way-5-shot_acc: 76.400	0.484
[06/23 10:07:55] 
[06/23 10:07:55] epoch 23/130, iter 5750:
[06/23 10:07:55] train_loss: 3.22826
[06/23 10:07:55] train_acc: 54.115
[06/23 10:09:20] val_5-way-5-shot_acc: 75.371	0.459
[06/23 10:11:18] 
[06/23 10:11:18] epoch 24/130, iter 6000:
[06/23 10:11:18] train_loss: 3.22244
[06/23 10:11:18] train_acc: 53.963
[06/23 10:12:40] val_5-way-5-shot_acc: 76.630	0.497
[06/23 10:14:26] 
[06/23 10:14:26] epoch 25/130, iter 6250:
[06/23 10:14:26] train_loss: 3.19637
[06/23 10:14:26] train_acc: 54.412
[06/23 10:15:42] val_5-way-5-shot_acc: 76.486	0.453
[06/23 10:17:30] 
[06/23 10:17:30] epoch 26/130, iter 6500:
[06/23 10:17:30] train_loss: 3.14022
[06/23 10:17:30] train_acc: 55.179
[06/23 10:18:45] val_5-way-5-shot_acc: 73.546	0.470
[06/23 10:20:31] 
[06/23 10:20:31] epoch 27/130, iter 6750:
[06/23 10:20:31] train_loss: 3.13955
[06/23 10:20:31] train_acc: 55.404
[06/23 10:21:48] val_5-way-5-shot_acc: 77.649	0.454
[06/23 10:21:48] BEST!
[06/23 10:23:34] 
[06/23 10:23:34] epoch 28/130, iter 7000:
[06/23 10:23:34] train_loss: 3.13752
[06/23 10:23:34] train_acc: 55.448
[06/23 10:24:55] val_5-way-5-shot_acc: 78.330	0.445
[06/23 10:24:55] BEST!
[06/23 10:26:57] 
[06/23 10:26:57] epoch 29/130, iter 7250:
[06/23 10:26:57] train_loss: 3.10836
[06/23 10:26:57] train_acc: 55.776
[06/23 10:28:22] val_5-way-5-shot_acc: 77.415	0.478
[06/23 10:30:29] 
[06/23 10:30:29] epoch 30/130, iter 7500:
[06/23 10:30:29] train_loss: 3.11530
[06/23 10:30:29] train_acc: 55.718
[06/23 10:32:02] val_5-way-5-shot_acc: 76.274	0.465
[06/23 10:34:00] 
[06/23 10:34:00] epoch 31/130, iter 7750:
[06/23 10:34:00] train_loss: 3.06377
[06/23 10:34:00] train_acc: 56.515
[06/23 10:35:25] val_5-way-5-shot_acc: 76.140	0.468
[06/23 10:37:27] 
[06/23 10:37:27] epoch 32/130, iter 8000:
[06/23 10:37:27] train_loss: 3.02108
[06/23 10:37:27] train_acc: 57.235
[06/23 10:38:58] val_5-way-5-shot_acc: 77.045	0.454
[06/23 10:41:03] 
[06/23 10:41:03] epoch 33/130, iter 8250:
[06/23 10:41:03] train_loss: 3.05323
[06/23 10:41:03] train_acc: 56.713
[06/23 10:42:33] val_5-way-5-shot_acc: 77.570	0.469
[06/23 10:44:32] 
[06/23 10:44:32] epoch 34/130, iter 8500:
[06/23 10:44:32] train_loss: 3.03086
[06/23 10:44:32] train_acc: 57.108
[06/23 10:45:52] val_5-way-5-shot_acc: 78.911	0.428
[06/23 10:45:52] BEST!
[06/23 10:47:42] 
[06/23 10:47:42] epoch 35/130, iter 8750:
[06/23 10:47:42] train_loss: 3.04954
[06/23 10:47:42] train_acc: 56.824
[06/23 10:49:01] val_5-way-5-shot_acc: 79.156	0.436
[06/23 10:49:01] BEST!
[06/23 10:51:05] 
[06/23 10:51:05] epoch 36/130, iter 9000:
[06/23 10:51:05] train_loss: 2.98091
[06/23 10:51:05] train_acc: 57.610
[06/23 10:52:34] val_5-way-5-shot_acc: 76.816	0.471
[06/23 10:54:43] 
[06/23 10:54:43] epoch 37/130, iter 9250:
[06/23 10:54:43] train_loss: 2.99650
[06/23 10:54:43] train_acc: 57.733
[06/23 10:56:15] val_5-way-5-shot_acc: 74.176	0.505
[06/23 10:58:27] 
[06/23 10:58:27] epoch 38/130, iter 9500:
[06/23 10:58:27] train_loss: 3.00566
[06/23 10:58:27] train_acc: 57.412
[06/23 11:00:00] val_5-way-5-shot_acc: 79.254	0.437
[06/23 11:00:00] BEST!
[06/23 11:02:15] 
[06/23 11:02:15] epoch 39/130, iter 9750:
[06/23 11:02:15] train_loss: 2.98968
[06/23 11:02:15] train_acc: 57.940
[06/23 11:03:49] val_5-way-5-shot_acc: 77.463	0.468
[06/23 11:06:00] 
[06/23 11:06:00] epoch 40/130, iter 10000:
[06/23 11:06:00] train_loss: 2.97061
[06/23 11:06:00] train_acc: 57.973
[06/23 11:07:32] val_5-way-5-shot_acc: 78.409	0.420
[06/23 11:09:34] 
[06/23 11:09:34] epoch 41/130, iter 10250:
[06/23 11:09:34] train_loss: 2.94899
[06/23 11:09:34] train_acc: 58.224
[06/23 11:11:10] val_5-way-5-shot_acc: 78.105	0.442
[06/23 11:13:29] 
[06/23 11:13:29] epoch 42/130, iter 10500:
[06/23 11:13:29] train_loss: 2.96935
[06/23 11:13:29] train_acc: 58.160
[06/23 11:15:25] val_5-way-5-shot_acc: 76.681	0.442
[06/23 11:17:50] 
[06/23 11:17:50] epoch 43/130, iter 10750:
[06/23 11:17:50] train_loss: 2.94637
[06/23 11:17:50] train_acc: 58.390
[06/23 11:19:21] val_5-way-5-shot_acc: 76.681	0.478
[06/23 11:21:36] 
[06/23 11:21:36] epoch 44/130, iter 11000:
[06/23 11:21:36] train_loss: 2.94412
[06/23 11:21:36] train_acc: 58.540
[06/23 11:23:06] val_5-way-5-shot_acc: 77.715	0.444
[06/23 11:25:16] 
[06/23 11:25:16] epoch 45/130, iter 11250:
[06/23 11:25:16] train_loss: 2.93378
[06/23 11:25:16] train_acc: 58.712
[06/23 11:26:45] val_5-way-5-shot_acc: 78.686	0.453
[06/23 11:28:58] 
[06/23 11:28:58] epoch 46/130, iter 11500:
[06/23 11:28:58] train_loss: 2.93593
[06/23 11:28:58] train_acc: 58.553
[06/23 11:30:29] val_5-way-5-shot_acc: 76.585	0.453
[06/23 11:32:34] 
[06/23 11:32:34] epoch 47/130, iter 11750:
[06/23 11:32:34] train_loss: 2.92479
[06/23 11:32:34] train_acc: 58.766
[06/23 11:34:00] val_5-way-5-shot_acc: 75.909	0.441
[06/23 11:36:03] 
[06/23 11:36:03] epoch 48/130, iter 12000:
[06/23 11:36:03] train_loss: 2.91362
[06/23 11:36:03] train_acc: 58.953
[06/23 11:37:29] val_5-way-5-shot_acc: 78.103	0.453
[06/23 11:39:31] 
[06/23 11:39:31] epoch 49/130, iter 12250:
[06/23 11:39:31] train_loss: 2.92141
[06/23 11:39:31] train_acc: 58.580
[06/23 11:41:00] val_5-way-5-shot_acc: 79.066	0.435
[06/23 11:43:07] 
[06/23 11:43:07] epoch 50/130, iter 12500:
[06/23 11:43:07] train_loss: 2.90645
[06/23 11:43:07] train_acc: 59.148
[06/23 11:44:41] val_5-way-5-shot_acc: 78.017	0.464
[06/23 11:46:54] 
[06/23 11:46:54] epoch 51/130, iter 12750:
[06/23 11:46:54] train_loss: 2.88626
[06/23 11:46:54] train_acc: 59.303
[06/23 11:48:26] val_5-way-5-shot_acc: 78.834	0.430
[06/23 11:50:38] 
[06/23 11:50:38] epoch 52/130, iter 13000:
[06/23 11:50:38] train_loss: 2.90437
[06/23 11:50:38] train_acc: 58.984
[06/23 11:52:05] val_5-way-5-shot_acc: 78.431	0.450
[06/23 11:54:04] 
[06/23 11:54:04] epoch 53/130, iter 13250:
[06/23 11:54:04] train_loss: 2.89425
[06/23 11:54:04] train_acc: 59.292
[06/23 11:55:31] val_5-way-5-shot_acc: 77.365	0.470
[06/23 11:57:32] 
[06/23 11:57:32] epoch 54/130, iter 13500:
[06/23 11:57:32] train_loss: 2.86385
[06/23 11:57:32] train_acc: 59.591
[06/23 11:58:56] val_5-way-5-shot_acc: 78.349	0.446
[06/23 12:00:58] 
[06/23 12:00:58] epoch 55/130, iter 13750:
[06/23 12:00:58] train_loss: 2.87448
[06/23 12:00:58] train_acc: 59.539
[06/23 12:02:21] val_5-way-5-shot_acc: 78.810	0.448
[06/23 12:04:23] 
[06/23 12:04:23] epoch 56/130, iter 14000:
[06/23 12:04:23] train_loss: 2.89179
[06/23 12:04:23] train_acc: 59.330
[06/23 12:05:50] val_5-way-5-shot_acc: 78.433	0.453
[06/23 12:07:50] 
[06/23 12:07:50] epoch 57/130, iter 14250:
[06/23 12:07:50] train_loss: 2.85597
[06/23 12:07:50] train_acc: 59.802
[06/23 12:09:12] val_5-way-5-shot_acc: 75.472	0.484
[06/23 12:11:06] 
[06/23 12:11:06] epoch 58/130, iter 14500:
[06/23 12:11:06] train_loss: 2.87114
[06/23 12:11:06] train_acc: 59.521
[06/23 12:12:25] val_5-way-5-shot_acc: 77.912	0.457
[06/23 12:14:21] 
[06/23 12:14:21] epoch 59/130, iter 14750:
[06/23 12:14:21] train_loss: 2.86606
[06/23 12:14:21] train_acc: 59.748
[06/23 12:15:44] val_5-way-5-shot_acc: 78.000	0.438
[06/23 12:17:48] 
[06/23 12:17:48] epoch 60/130, iter 15000:
[06/23 12:17:48] train_loss: 2.84349
[06/23 12:17:48] train_acc: 59.924
[06/23 12:19:11] val_5-way-5-shot_acc: 77.000	0.473
[06/23 12:21:10] 
[06/23 12:21:11] epoch 61/130, iter 15250:
[06/23 12:21:11] train_loss: 2.83792
[06/23 12:21:11] train_acc: 60.249
[06/23 12:22:31] val_5-way-5-shot_acc: 77.736	0.423
[06/23 12:24:25] 
[06/23 12:24:25] epoch 62/130, iter 15500:
[06/23 12:24:25] train_loss: 2.83608
[06/23 12:24:25] train_acc: 60.157
[06/23 12:25:50] val_5-way-5-shot_acc: 78.672	0.421
[06/23 12:27:49] 
[06/23 12:27:49] epoch 63/130, iter 15750:
[06/23 12:27:49] train_loss: 2.83735
[06/23 12:27:49] train_acc: 59.972
[06/23 12:29:09] val_5-way-5-shot_acc: 76.873	0.454
[06/23 12:31:07] 
[06/23 12:31:07] epoch 64/130, iter 16000:
[06/23 12:31:07] train_loss: 2.84159
[06/23 12:31:07] train_acc: 60.099
[06/23 12:32:31] val_5-way-5-shot_acc: 77.600	0.468
[06/23 12:34:32] 
[06/23 12:34:32] epoch 65/130, iter 16250:
[06/23 12:34:32] train_loss: 2.85562
[06/23 12:34:32] train_acc: 60.039
[06/23 12:35:55] val_5-way-5-shot_acc: 76.720	0.455
[06/23 12:37:54] 
[06/23 12:37:54] epoch 66/130, iter 16500:
[06/23 12:37:54] train_loss: 2.82922
[06/23 12:37:54] train_acc: 60.389
[06/23 12:39:19] val_5-way-5-shot_acc: 76.050	0.466
[06/23 12:41:13] 
[06/23 12:41:13] epoch 67/130, iter 16750:
[06/23 12:41:13] train_loss: 2.82696
[06/23 12:41:13] train_acc: 60.411
[06/23 12:42:34] val_5-way-5-shot_acc: 77.215	0.434
[06/23 12:44:29] 
[06/23 12:44:29] epoch 68/130, iter 17000:
[06/23 12:44:29] train_loss: 2.81983
[06/23 12:44:29] train_acc: 60.523
[06/23 12:45:55] val_5-way-5-shot_acc: 79.862	0.403
[06/23 12:45:55] BEST!
[06/23 12:48:02] 
[06/23 12:48:02] epoch 69/130, iter 17250:
[06/23 12:48:02] train_loss: 2.84183
[06/23 12:48:02] train_acc: 60.073
[06/23 12:49:24] val_5-way-5-shot_acc: 78.672	0.434
[06/23 12:51:23] 
[06/23 12:51:23] epoch 70/130, iter 17500:
[06/23 12:51:23] train_loss: 2.81279
[06/23 12:51:23] train_acc: 60.682
[06/23 12:52:44] val_5-way-5-shot_acc: 78.374	0.425
[06/23 12:54:44] 
[06/23 12:54:44] epoch 71/130, iter 17750:
[06/23 12:54:44] train_loss: 2.36292
[06/23 12:54:44] train_acc: 66.202
[06/23 12:56:04] val_5-way-5-shot_acc: 83.484	0.376
[06/23 12:56:04] BEST!
[06/23 12:59:02] 
[06/23 12:59:02] epoch 72/130, iter 18000:
[06/23 12:59:02] train_loss: 2.22962
[06/23 12:59:02] train_acc: 68.071
[06/23 01:01:21] val_5-way-5-shot_acc: 83.961	0.384
[06/23 01:01:21] BEST!
[06/23 01:04:06] 
[06/23 01:04:06] epoch 73/130, iter 18250:
[06/23 01:04:06] train_loss: 2.14866
[06/23 01:04:06] train_acc: 69.296
[06/23 01:05:34] val_5-way-5-shot_acc: 83.634	0.384
[06/23 01:07:33] 
[06/23 01:07:33] epoch 74/130, iter 18500:
[06/23 01:07:33] train_loss: 2.12202
[06/23 01:07:33] train_acc: 69.680
[06/23 01:09:09] val_5-way-5-shot_acc: 83.669	0.409
[06/23 01:11:36] 
[06/23 01:11:36] epoch 75/130, iter 18750:
[06/23 01:11:36] train_loss: 2.10109
[06/23 01:11:36] train_acc: 70.072
[06/23 01:13:15] val_5-way-5-shot_acc: 83.920	0.393
[06/23 01:15:38] 
[06/23 01:15:38] epoch 76/130, iter 19000:
[06/23 01:15:38] train_loss: 2.08869
[06/23 01:15:38] train_acc: 70.228
[06/23 01:17:24] val_5-way-5-shot_acc: 84.421	0.384
[06/23 01:17:24] BEST!
[06/23 01:19:53] 
[06/23 01:19:53] epoch 77/130, iter 19250:
[06/23 01:19:53] train_loss: 2.04283
[06/23 01:19:53] train_acc: 70.890
[06/23 01:21:27] val_5-way-5-shot_acc: 83.919	0.418
[06/23 01:23:34] 
[06/23 01:23:34] epoch 78/130, iter 19500:
[06/23 01:23:34] train_loss: 2.04511
[06/23 01:23:34] train_acc: 71.005
[06/23 01:25:03] val_5-way-5-shot_acc: 84.326	0.395
[06/23 01:27:09] 
[06/23 01:27:09] epoch 79/130, iter 19750:
[06/23 01:27:09] train_loss: 2.01466
[06/23 01:27:09] train_acc: 71.471
[06/23 01:28:42] val_5-way-5-shot_acc: 83.860	0.404
[06/23 01:30:51] 
[06/23 01:30:51] epoch 80/130, iter 20000:
[06/23 01:30:51] train_loss: 2.02552
[06/23 01:30:51] train_acc: 71.345
[06/23 01:32:19] val_5-way-5-shot_acc: 83.763	0.390
[06/23 01:34:24] 
[06/23 01:34:24] epoch 81/130, iter 20250:
[06/23 01:34:24] train_loss: 1.97667
[06/23 01:34:24] train_acc: 71.881
[06/23 01:35:52] val_5-way-5-shot_acc: 84.199	0.392
[06/23 01:37:58] 
[06/23 01:37:58] epoch 82/130, iter 20500:
[06/23 01:37:58] train_loss: 1.97606
[06/23 01:37:58] train_acc: 71.932
[06/23 01:39:28] val_5-way-5-shot_acc: 84.150	0.389
[06/23 01:41:33] 
[06/23 01:41:33] epoch 83/130, iter 20750:
[06/23 01:41:33] train_loss: 1.96396
[06/23 01:41:33] train_acc: 72.294
[06/23 01:43:03] val_5-way-5-shot_acc: 84.116	0.398
[06/23 01:45:13] 
[06/23 01:45:13] epoch 84/130, iter 21000:
[06/23 01:45:13] train_loss: 1.97504
[06/23 01:45:13] train_acc: 71.984
[06/23 01:46:42] val_5-way-5-shot_acc: 83.938	0.432
[06/23 01:48:54] 
[06/23 01:48:54] epoch 85/130, iter 21250:
[06/23 01:48:54] train_loss: 1.95980
[06/23 01:48:54] train_acc: 72.441
[06/23 01:50:24] val_5-way-5-shot_acc: 84.371	0.400
[06/23 01:52:37] 
[06/23 01:52:37] epoch 86/130, iter 21500:
[06/23 01:52:37] train_loss: 1.94202
[06/23 01:52:37] train_acc: 72.808
[06/23 01:54:08] val_5-way-5-shot_acc: 83.491	0.396
[06/23 01:56:18] 
[06/23 01:56:18] epoch 87/130, iter 21750:
[06/23 01:56:18] train_loss: 1.92709
[06/23 01:56:18] train_acc: 72.945
[06/23 01:57:49] val_5-way-5-shot_acc: 83.926	0.392
[06/23 01:59:57] 
[06/23 01:59:57] epoch 88/130, iter 22000:
[06/23 01:59:57] train_loss: 1.93132
[06/23 01:59:57] train_acc: 72.722
[06/23 02:01:28] val_5-way-5-shot_acc: 83.772	0.415
[06/23 02:03:46] 
[06/23 02:03:46] epoch 89/130, iter 22250:
[06/23 02:03:46] train_loss: 1.94087
[06/23 02:03:46] train_acc: 72.718
[06/23 02:05:23] val_5-way-5-shot_acc: 83.939	0.393
[06/23 02:07:46] 
[06/23 02:07:46] epoch 90/130, iter 22500:
[06/23 02:07:46] train_loss: 1.93891
[06/23 02:07:46] train_acc: 72.706
[06/23 02:09:29] val_5-way-5-shot_acc: 83.293	0.411
[06/23 02:11:50] 
[06/23 02:11:50] epoch 91/130, iter 22750:
[06/23 02:11:50] train_loss: 1.94153
[06/23 02:11:50] train_acc: 72.612
[06/23 02:13:27] val_5-way-5-shot_acc: 84.149	0.387
[06/23 02:15:49] 
[06/23 02:15:49] epoch 92/130, iter 23000:
[06/23 02:15:49] train_loss: 1.93131
[06/23 02:15:49] train_acc: 72.994
[06/23 02:17:23] val_5-way-5-shot_acc: 84.604	0.393
[06/23 02:17:23] BEST!
[06/23 02:19:46] 
[06/23 02:19:46] epoch 93/130, iter 23250:
[06/23 02:19:46] train_loss: 1.91368
[06/23 02:19:46] train_acc: 73.189
[06/23 02:21:21] val_5-way-5-shot_acc: 83.266	0.400
[06/23 02:23:38] 
[06/23 02:23:38] epoch 94/130, iter 23500:
[06/23 02:23:38] train_loss: 1.90906
[06/23 02:23:38] train_acc: 73.199
[06/23 02:25:23] val_5-way-5-shot_acc: 83.907	0.400
[06/23 02:27:50] 
[06/23 02:27:50] epoch 95/130, iter 23750:
[06/23 02:27:50] train_loss: 1.89599
[06/23 02:27:50] train_acc: 73.384
[06/23 02:29:17] val_5-way-5-shot_acc: 84.524	0.392
[06/23 02:31:20] 
[06/23 02:31:20] epoch 96/130, iter 24000:
[06/23 02:31:20] train_loss: 1.90094
[06/23 02:31:20] train_acc: 73.259
[06/23 02:32:49] val_5-way-5-shot_acc: 83.745	0.413
[06/23 02:34:47] 
[06/23 02:34:47] epoch 97/130, iter 24250:
[06/23 02:34:47] train_loss: 1.91233
[06/23 02:34:47] train_acc: 73.227
[06/23 02:36:07] val_5-way-5-shot_acc: 84.104	0.402
[06/23 02:38:06] 
[06/23 02:38:06] epoch 98/130, iter 24500:
[06/23 02:38:06] train_loss: 1.89172
[06/23 02:38:06] train_acc: 73.636
[06/23 02:39:33] val_5-way-5-shot_acc: 84.305	0.394
[06/23 02:41:40] 
[06/23 02:41:40] epoch 99/130, iter 24750:
[06/23 02:41:40] train_loss: 1.89376
[06/23 02:41:40] train_acc: 73.688
[06/23 02:43:09] val_5-way-5-shot_acc: 83.886	0.389
[06/23 02:45:10] 
[06/23 02:45:10] epoch 100/130, iter 25000:
[06/23 02:45:10] train_loss: 1.90643
[06/23 02:45:10] train_acc: 73.332
[06/23 02:46:33] val_5-way-5-shot_acc: 83.969	0.406
[06/23 02:48:31] 
[06/23 02:48:31] epoch 101/130, iter 25250:
[06/23 02:48:31] train_loss: 1.82228
[06/23 02:48:31] train_acc: 74.600
[06/23 02:49:53] val_5-way-5-shot_acc: 84.901	0.396
[06/23 02:49:53] BEST!
[06/23 02:51:49] 
[06/23 02:51:49] epoch 102/130, iter 25500:
[06/23 02:51:49] train_loss: 1.77498
[06/23 02:51:49] train_acc: 75.246
[06/23 02:53:12] val_5-way-5-shot_acc: 84.526	0.386
[06/23 02:55:16] 
[06/23 02:55:16] epoch 103/130, iter 25750:
[06/23 02:55:16] train_loss: 1.76494
[06/23 02:55:16] train_acc: 75.255
[06/23 02:56:44] val_5-way-5-shot_acc: 84.885	0.402
[06/23 02:58:45] 
[06/23 02:58:46] epoch 104/130, iter 26000:
[06/23 02:58:46] train_loss: 1.74868
[06/23 02:58:46] train_acc: 75.551
[06/23 03:00:11] val_5-way-5-shot_acc: 85.028	0.410
[06/23 03:00:11] BEST!
[06/23 03:02:11] 
[06/23 03:02:11] epoch 105/130, iter 26250:
[06/23 03:02:11] train_loss: 1.73001
[06/23 03:02:11] train_acc: 75.923
[06/23 03:03:40] val_5-way-5-shot_acc: 84.804	0.390
[06/23 03:05:43] 
[06/23 03:05:43] epoch 106/130, iter 26500:
[06/23 03:05:43] train_loss: 1.72697
[06/23 03:05:43] train_acc: 75.875
[06/23 03:07:10] val_5-way-5-shot_acc: 85.144	0.378
[06/23 03:07:10] BEST!
[06/23 03:09:13] 
[06/23 03:09:13] epoch 107/130, iter 26750:
[06/23 03:09:13] train_loss: 1.72995
[06/23 03:09:13] train_acc: 75.816
[06/23 03:10:42] val_5-way-5-shot_acc: 84.905	0.383
[06/23 03:12:47] 
[06/23 03:12:47] epoch 108/130, iter 27000:
[06/23 03:12:47] train_loss: 1.72959
[06/23 03:12:47] train_acc: 75.972
[06/23 03:14:13] val_5-way-5-shot_acc: 85.139	0.386
[06/23 03:16:20] 
[06/23 03:16:20] epoch 109/130, iter 27250:
[06/23 03:16:20] train_loss: 1.73503
[06/23 03:16:20] train_acc: 75.805
[06/23 03:17:47] val_5-way-5-shot_acc: 85.101	0.381
[06/23 03:19:45] 
[06/23 03:19:45] epoch 110/130, iter 27500:
[06/23 03:19:45] train_loss: 1.72971
[06/23 03:19:45] train_acc: 75.876
[06/23 03:21:06] val_5-way-5-shot_acc: 85.287	0.377
[06/23 03:21:06] BEST!
[06/23 03:23:10] 
[06/23 03:23:10] epoch 111/130, iter 27750:
[06/23 03:23:10] train_loss: 1.72834
[06/23 03:23:10] train_acc: 75.938
[06/23 03:24:38] val_5-way-5-shot_acc: 85.236	0.400
[06/23 03:26:39] 
[06/23 03:26:39] epoch 112/130, iter 28000:
[06/23 03:26:39] train_loss: 1.72152
[06/23 03:26:39] train_acc: 76.051
[06/23 03:28:07] val_5-way-5-shot_acc: 85.070	0.401
[06/23 03:30:12] 
[06/23 03:30:12] epoch 113/130, iter 28250:
[06/23 03:30:12] train_loss: 1.72757
[06/23 03:30:12] train_acc: 75.751
[06/23 03:31:45] val_5-way-5-shot_acc: 85.191	0.378
[06/23 03:34:01] 
[06/23 03:34:01] epoch 114/130, iter 28500:
[06/23 03:34:01] train_loss: 1.71976
[06/23 03:34:01] train_acc: 76.121
[06/23 03:35:31] val_5-way-5-shot_acc: 84.811	0.390
[06/23 03:37:42] 
[06/23 03:37:42] epoch 115/130, iter 28750:
[06/23 03:37:42] train_loss: 1.71977
[06/23 03:37:42] train_acc: 76.040
[06/23 03:39:14] val_5-way-5-shot_acc: 85.397	0.374
[06/23 03:39:14] BEST!
[06/23 03:41:28] 
[06/23 03:41:28] epoch 116/130, iter 29000:
[06/23 03:41:28] train_loss: 1.69865
[06/23 03:41:28] train_acc: 76.332
[06/23 03:42:57] val_5-way-5-shot_acc: 85.289	0.380
[06/23 03:45:00] 
[06/23 03:45:00] epoch 117/130, iter 29250:
[06/23 03:45:00] train_loss: 1.70993
[06/23 03:45:00] train_acc: 76.404
[06/23 03:46:26] val_5-way-5-shot_acc: 85.250	0.385
[06/23 03:48:23] 
[06/23 03:48:23] epoch 118/130, iter 29500:
[06/23 03:48:23] train_loss: 1.71327
[06/23 03:48:23] train_acc: 76.217
[06/23 03:49:45] val_5-way-5-shot_acc: 84.970	0.396
[06/23 03:51:46] 
[06/23 03:51:46] epoch 119/130, iter 29750:
[06/23 03:51:46] train_loss: 1.72101
[06/23 03:51:46] train_acc: 76.078
[06/23 03:53:20] val_5-way-5-shot_acc: 84.780	0.384
[06/23 03:55:34] 
[06/23 03:55:34] epoch 120/130, iter 30000:
[06/23 03:55:34] train_loss: 1.70858
[06/23 03:55:34] train_acc: 76.220
[06/23 03:57:08] val_5-way-5-shot_acc: 84.890	0.387
[06/23 03:59:20] 
[06/23 03:59:20] epoch 121/130, iter 30250:
[06/23 03:59:20] train_loss: 1.69905
[06/23 03:59:20] train_acc: 76.174
[06/23 04:00:51] val_5-way-5-shot_acc: 84.925	0.403
[06/23 04:03:02] 
[06/23 04:03:02] epoch 122/130, iter 30500:
[06/23 04:03:02] train_loss: 1.69893
[06/23 04:03:02] train_acc: 76.349
[06/23 04:04:36] val_5-way-5-shot_acc: 85.260	0.389
[06/23 04:06:47] 
[06/23 04:06:47] epoch 123/130, iter 30750:
[06/23 04:06:47] train_loss: 1.69273
[06/23 04:06:47] train_acc: 76.506
[06/23 04:08:18] val_5-way-5-shot_acc: 84.877	0.385
[06/23 04:10:28] 
[06/23 04:10:28] epoch 124/130, iter 31000:
[06/23 04:10:28] train_loss: 1.70537
[06/23 04:10:28] train_acc: 76.249
[06/23 04:11:59] val_5-way-5-shot_acc: 85.275	0.393
[06/23 04:14:10] 
[06/23 04:14:10] epoch 125/130, iter 31250:
[06/23 04:14:10] train_loss: 1.70178
[06/23 04:14:10] train_acc: 76.420
[06/23 04:15:41] val_5-way-5-shot_acc: 84.801	0.407
[06/23 04:17:52] 
[06/23 04:17:52] epoch 126/130, iter 31500:
[06/23 04:17:52] train_loss: 1.69519
[06/23 04:17:52] train_acc: 76.580
[06/23 04:19:23] val_5-way-5-shot_acc: 85.328	0.360
[06/23 04:21:26] 
[06/23 04:21:26] epoch 127/130, iter 31750:
[06/23 04:21:26] train_loss: 1.67554
[06/23 04:21:26] train_acc: 76.831
[06/23 04:22:52] val_5-way-5-shot_acc: 84.819	0.403
[06/23 04:25:19] 
[06/23 04:25:19] epoch 128/130, iter 32000:
[06/23 04:25:19] train_loss: 1.70774
[06/23 04:25:19] train_acc: 76.213
[06/23 04:26:55] val_5-way-5-shot_acc: 84.609	0.415
[06/23 04:29:04] 
[06/23 04:29:04] epoch 129/130, iter 32250:
[06/23 04:29:04] train_loss: 1.69094
[06/23 04:29:04] train_acc: 76.545
[06/23 04:30:29] val_5-way-5-shot_acc: 85.360	0.382
[06/23 04:32:33] 
[06/23 04:32:33] epoch 130/130, iter 32500:
[06/23 04:32:33] train_loss: 1.69588
[06/23 04:32:33] train_acc: 76.452
[06/23 04:33:58] val_5-way-5-shot_acc: 85.206	0.375
[06/23 04:33:58] training finished!
[06/23 04:33:58] ------------------------
[06/23 04:33:58] the best epoch is 115/130
[06/23 04:33:58] the best 5-way 5-shot val acc is 85.397
[06/23 04:33:58] ------------------------
[06/23 04:33:58] evaluating on test set:
[06/23 04:36:18] 5-way-1-shot acc: 71.87	0.49
[06/23 04:39:05] 5-way-5-shot acc: 85.59	0.28
