[06/25 07:28:15] display all the hyper-parameters in args:
[06/25 07:28:15] opt: sgd
[06/25 07:28:15] lr: 0.1
[06/25 07:28:15] gamma: 0.1
[06/25 07:28:15] epoch: 130
[06/25 07:28:15] weight_decay: 0.0005
[06/25 07:28:15] gpu: 3
[06/25 07:28:15] seed: 42
[06/25 07:28:15] val_epoch: 1
[06/25 07:28:15] resnet: True
[06/25 07:28:15] nesterov: True
[06/25 07:28:15] pre: False
[06/25 07:28:15] no_val: False
[06/25 07:28:15] train_way: 20
[06/25 07:28:15] test_way: 5
[06/25 07:28:15] train_shot: 5
[06/25 07:28:15] test_shot: [1, 5]
[06/25 07:28:15] train_query_shot: 7
[06/25 07:28:15] test_query_shot: 16
[06/25 07:28:15] train_transform_type: 0
[06/25 07:28:15] test_transform_type: 0
[06/25 07:28:15] val_trial: 1000
[06/25 07:28:15] detailed_name: False
[06/25 07:28:15] dataset: stanford_dog
[06/25 07:28:15] alpha: 0.5
[06/25 07:28:15] model: MDF_Net
[06/25 07:28:15] resume: False
[06/25 07:28:15] resume_epoch: 0
[06/25 07:28:15] save_folder: /home/temp/py/model_design/MDF-Net_adjust/experiments/StanfordDog/MDF_Net/ResNet-12_5-shot
[06/25 07:28:15] ------------------------
[06/25 07:28:16] start training!
[06/25 07:30:08] 
[06/25 07:30:08] epoch 1/130, iter 250:
[06/25 07:30:08] train_loss: 5.71427
[06/25 07:30:08] train_acc: 11.160
[06/25 07:31:26] val_5-way-5-shot_acc: 40.799	0.519
[06/25 07:31:27] BEST!
[06/25 07:33:13] 
[06/25 07:33:13] epoch 2/130, iter 500:
[06/25 07:33:13] train_loss: 5.29465
[06/25 07:33:13] train_acc: 17.126
[06/25 07:34:34] val_5-way-5-shot_acc: 49.460	0.604
[06/25 07:34:34] BEST!
[06/25 07:36:22] 
[06/25 07:36:22] epoch 3/130, iter 750:
[06/25 07:36:22] train_loss: 4.93668
[06/25 07:36:22] train_acc: 22.814
[06/25 07:37:43] val_5-way-5-shot_acc: 54.974	0.652
[06/25 07:37:43] BEST!
[06/25 07:39:30] 
[06/25 07:39:30] epoch 4/130, iter 1000:
[06/25 07:39:30] train_loss: 4.63932
[06/25 07:39:30] train_acc: 27.211
[06/25 07:40:50] val_5-way-5-shot_acc: 57.981	0.615
[06/25 07:40:51] BEST!
[06/25 07:42:38] 
[06/25 07:42:38] epoch 5/130, iter 1250:
[06/25 07:42:38] train_loss: 4.39653
[06/25 07:42:38] train_acc: 31.300
[06/25 07:43:58] val_5-way-5-shot_acc: 61.801	0.572
[06/25 07:43:59] BEST!
[06/25 07:45:47] 
[06/25 07:45:47] epoch 6/130, iter 1500:
[06/25 07:45:47] train_loss: 4.13831
[06/25 07:45:47] train_acc: 34.963
[06/25 07:47:09] val_5-way-5-shot_acc: 62.091	0.618
[06/25 07:47:10] BEST!
[06/25 07:48:58] 
[06/25 07:48:58] epoch 7/130, iter 1750:
[06/25 07:48:58] train_loss: 3.93492
[06/25 07:48:58] train_acc: 38.343
[06/25 07:50:17] val_5-way-5-shot_acc: 64.284	0.628
[06/25 07:50:17] BEST!
[06/25 07:52:05] 
[06/25 07:52:05] epoch 8/130, iter 2000:
[06/25 07:52:05] train_loss: 3.72171
[06/25 07:52:05] train_acc: 42.026
[06/25 07:53:25] val_5-way-5-shot_acc: 69.972	0.555
[06/25 07:53:25] BEST!
[06/25 07:55:13] 
[06/25 07:55:13] epoch 9/130, iter 2250:
[06/25 07:55:13] train_loss: 3.49060
[06/25 07:55:13] train_acc: 45.369
[06/25 07:56:34] val_5-way-5-shot_acc: 70.666	0.541
[06/25 07:56:35] BEST!
[06/25 07:58:22] 
[06/25 07:58:22] epoch 10/130, iter 2500:
[06/25 07:58:22] train_loss: 3.35591
[06/25 07:58:22] train_acc: 48.260
[06/25 07:59:41] val_5-way-5-shot_acc: 72.530	0.513
[06/25 07:59:42] BEST!
[06/25 08:01:30] 
[06/25 08:01:30] epoch 11/130, iter 2750:
[06/25 08:01:30] train_loss: 3.22225
[06/25 08:01:30] train_acc: 50.449
[06/25 08:02:50] val_5-way-5-shot_acc: 73.675	0.512
[06/25 08:02:50] BEST!
[06/25 08:04:36] 
[06/25 08:04:36] epoch 12/130, iter 3000:
[06/25 08:04:36] train_loss: 3.08462
[06/25 08:04:36] train_acc: 52.477
[06/25 08:05:57] val_5-way-5-shot_acc: 76.265	0.492
[06/25 08:05:57] BEST!
[06/25 08:07:44] 
[06/25 08:07:44] epoch 13/130, iter 3250:
[06/25 08:07:44] train_loss: 3.01819
[06/25 08:07:44] train_acc: 53.540
[06/25 08:09:02] val_5-way-5-shot_acc: 72.115	0.509
[06/25 08:10:47] 
[06/25 08:10:47] epoch 14/130, iter 3500:
[06/25 08:10:47] train_loss: 2.95018
[06/25 08:10:47] train_acc: 54.963
[06/25 08:12:06] val_5-way-5-shot_acc: 77.736	0.458
[06/25 08:12:07] BEST!
[06/25 08:13:54] 
[06/25 08:13:54] epoch 15/130, iter 3750:
[06/25 08:13:54] train_loss: 2.85173
[06/25 08:13:54] train_acc: 56.451
[06/25 08:15:14] val_5-way-5-shot_acc: 76.139	0.500
[06/25 08:17:01] 
[06/25 08:17:01] epoch 16/130, iter 4000:
[06/25 08:17:01] train_loss: 2.76731
[06/25 08:17:01] train_acc: 57.900
[06/25 08:18:22] val_5-way-5-shot_acc: 77.881	0.477
[06/25 08:18:23] BEST!
[06/25 08:20:10] 
[06/25 08:20:10] epoch 17/130, iter 4250:
[06/25 08:20:10] train_loss: 2.76180
[06/25 08:20:10] train_acc: 57.723
[06/25 08:21:34] val_5-way-5-shot_acc: 78.284	0.462
[06/25 08:21:35] BEST!
[06/25 08:23:23] 
[06/25 08:23:23] epoch 18/130, iter 4500:
[06/25 08:23:23] train_loss: 2.68597
[06/25 08:23:23] train_acc: 59.163
[06/25 08:24:54] val_5-way-5-shot_acc: 78.541	0.458
[06/25 08:24:54] BEST!
[06/25 08:26:44] 
[06/25 08:26:44] epoch 19/130, iter 4750:
[06/25 08:26:44] train_loss: 2.65869
[06/25 08:26:44] train_acc: 59.317
[06/25 08:28:13] val_5-way-5-shot_acc: 79.525	0.440
[06/25 08:28:14] BEST!
[06/25 08:30:05] 
[06/25 08:30:05] epoch 20/130, iter 5000:
[06/25 08:30:05] train_loss: 2.63081
[06/25 08:30:05] train_acc: 60.043
[06/25 08:31:35] val_5-way-5-shot_acc: 81.075	0.439
[06/25 08:31:36] BEST!
[06/25 08:33:27] 
[06/25 08:33:27] epoch 21/130, iter 5250:
[06/25 08:33:27] train_loss: 2.60019
[06/25 08:33:27] train_acc: 60.397
[06/25 08:35:01] val_5-way-5-shot_acc: 79.975	0.436
[06/25 08:36:53] 
[06/25 08:36:53] epoch 22/130, iter 5500:
[06/25 08:36:53] train_loss: 2.53467
[06/25 08:36:53] train_acc: 61.231
[06/25 08:38:27] val_5-way-5-shot_acc: 80.594	0.432
[06/25 08:40:20] 
[06/25 08:40:20] epoch 23/130, iter 5750:
[06/25 08:40:20] train_loss: 2.50027
[06/25 08:40:20] train_acc: 62.229
[06/25 08:41:51] val_5-way-5-shot_acc: 74.705	0.462
[06/25 08:43:46] 
[06/25 08:43:46] epoch 24/130, iter 6000:
[06/25 08:43:46] train_loss: 2.48098
[06/25 08:43:46] train_acc: 62.169
[06/25 08:45:17] val_5-way-5-shot_acc: 81.228	0.418
[06/25 08:45:17] BEST!
[06/25 08:47:10] 
[06/25 08:47:10] epoch 25/130, iter 6250:
[06/25 08:47:10] train_loss: 2.46300
[06/25 08:47:10] train_acc: 63.029
[06/25 08:48:42] val_5-way-5-shot_acc: 80.114	0.451
[06/25 08:50:37] 
[06/25 08:50:37] epoch 26/130, iter 6500:
[06/25 08:50:37] train_loss: 2.46304
[06/25 08:50:37] train_acc: 62.654
[06/25 08:52:05] val_5-way-5-shot_acc: 79.099	0.430
[06/25 08:53:57] 
[06/25 08:53:57] epoch 27/130, iter 6750:
[06/25 08:53:57] train_loss: 2.42700
[06/25 08:53:57] train_acc: 63.591
[06/25 08:55:26] val_5-way-5-shot_acc: 82.407	0.442
[06/25 08:55:27] BEST!
[06/25 08:57:20] 
[06/25 08:57:20] epoch 28/130, iter 7000:
[06/25 08:57:20] train_loss: 2.40507
[06/25 08:57:20] train_acc: 63.569
[06/25 08:58:50] val_5-way-5-shot_acc: 81.624	0.418
[06/25 09:00:44] 
[06/25 09:00:44] epoch 29/130, iter 7250:
[06/25 09:00:44] train_loss: 2.38916
[06/25 09:00:44] train_acc: 63.843
[06/25 09:02:12] val_5-way-5-shot_acc: 80.580	0.418
[06/25 09:04:05] 
[06/25 09:04:05] epoch 30/130, iter 7500:
[06/25 09:04:05] train_loss: 2.36208
[06/25 09:04:05] train_acc: 64.420
[06/25 09:05:35] val_5-way-5-shot_acc: 80.198	0.436
[06/25 09:07:28] 
[06/25 09:07:28] epoch 31/130, iter 7750:
[06/25 09:07:28] train_loss: 2.35703
[06/25 09:07:28] train_acc: 64.300
[06/25 09:09:02] val_5-way-5-shot_acc: 79.481	0.435
[06/25 09:10:58] 
[06/25 09:10:58] epoch 32/130, iter 8000:
[06/25 09:10:58] train_loss: 2.33534
[06/25 09:10:58] train_acc: 64.951
[06/25 09:12:26] val_5-way-5-shot_acc: 82.684	0.410
[06/25 09:12:26] BEST!
[06/25 09:14:15] 
[06/25 09:14:15] epoch 33/130, iter 8250:
[06/25 09:14:15] train_loss: 2.32294
[06/25 09:14:15] train_acc: 64.891
[06/25 09:15:39] val_5-way-5-shot_acc: 82.953	0.403
[06/25 09:15:40] BEST!
[06/25 09:17:29] 
[06/25 09:17:29] epoch 34/130, iter 8500:
[06/25 09:17:29] train_loss: 2.29821
[06/25 09:17:29] train_acc: 65.389
[06/25 09:18:50] val_5-way-5-shot_acc: 79.483	0.449
[06/25 09:20:39] 
[06/25 09:20:39] epoch 35/130, iter 8750:
[06/25 09:20:39] train_loss: 2.29046
[06/25 09:20:39] train_acc: 65.614
[06/25 09:22:24] val_5-way-5-shot_acc: 79.969	0.418
[06/25 09:24:16] 
[06/25 09:24:16] epoch 36/130, iter 9000:
[06/25 09:24:16] train_loss: 2.28598
[06/25 09:24:16] train_acc: 65.903
[06/25 09:25:38] val_5-way-5-shot_acc: 82.873	0.394
[06/25 09:27:25] 
[06/25 09:27:25] epoch 37/130, iter 9250:
[06/25 09:27:25] train_loss: 2.26107
[06/25 09:27:25] train_acc: 65.777
[06/25 09:28:49] val_5-way-5-shot_acc: 81.841	0.397
[06/25 09:30:37] 
[06/25 09:30:37] epoch 38/130, iter 9500:
[06/25 09:30:37] train_loss: 2.27719
[06/25 09:30:37] train_acc: 65.817
[06/25 09:31:58] val_5-way-5-shot_acc: 81.644	0.421
[06/25 09:33:46] 
[06/25 09:33:46] epoch 39/130, iter 9750:
[06/25 09:33:46] train_loss: 2.29082
[06/25 09:33:46] train_acc: 65.226
[06/25 09:35:05] val_5-way-5-shot_acc: 83.317	0.383
[06/25 09:35:05] BEST!
[06/25 09:36:52] 
[06/25 09:36:52] epoch 40/130, iter 10000:
[06/25 09:36:52] train_loss: 2.22988
[06/25 09:36:52] train_acc: 66.591
[06/25 09:38:13] val_5-way-5-shot_acc: 82.562	0.408
[06/25 09:40:01] 
[06/25 09:40:01] epoch 41/130, iter 10250:
[06/25 09:40:01] train_loss: 2.23192
[06/25 09:40:01] train_acc: 66.303
[06/25 09:41:29] val_5-way-5-shot_acc: 83.495	0.410
[06/25 09:41:30] BEST!
[06/25 09:43:25] 
[06/25 09:43:25] epoch 42/130, iter 10500:
[06/25 09:43:25] train_loss: 2.25055
[06/25 09:43:25] train_acc: 66.554
[06/25 09:45:27] val_5-way-5-shot_acc: 82.550	0.426
[06/25 09:47:32] 
[06/25 09:47:32] epoch 43/130, iter 10750:
[06/25 09:47:32] train_loss: 2.22093
[06/25 09:47:32] train_acc: 66.837
[06/25 09:49:22] val_5-way-5-shot_acc: 83.025	0.404
[06/25 09:51:28] 
[06/25 09:51:28] epoch 44/130, iter 11000:
[06/25 09:51:28] train_loss: 2.19454
[06/25 09:51:28] train_acc: 67.189
[06/25 09:53:15] val_5-way-5-shot_acc: 79.495	0.437
[06/25 09:55:18] 
[06/25 09:55:18] epoch 45/130, iter 11250:
[06/25 09:55:18] train_loss: 2.21750
[06/25 09:55:18] train_acc: 66.846
[06/25 09:57:15] val_5-way-5-shot_acc: 83.286	0.413
[06/25 09:59:13] 
[06/25 09:59:13] epoch 46/130, iter 11500:
[06/25 09:59:13] train_loss: 2.17952
[06/25 09:59:13] train_acc: 67.129
[06/25 10:00:37] val_5-way-5-shot_acc: 82.966	0.402
[06/25 10:02:25] 
[06/25 10:02:25] epoch 47/130, iter 11750:
[06/25 10:02:25] train_loss: 2.21137
[06/25 10:02:25] train_acc: 66.971
[06/25 10:03:51] val_5-way-5-shot_acc: 83.011	0.400
[06/25 10:05:40] 
[06/25 10:05:40] epoch 48/130, iter 12000:
[06/25 10:05:40] train_loss: 2.17509
[06/25 10:05:40] train_acc: 66.966
[06/25 10:07:03] val_5-way-5-shot_acc: 81.650	0.405
[06/25 10:08:57] 
[06/25 10:08:57] epoch 49/130, iter 12250:
[06/25 10:08:57] train_loss: 2.15642
[06/25 10:08:57] train_acc: 67.814
[06/25 10:11:02] val_5-way-5-shot_acc: 82.980	0.418
[06/25 10:13:03] 
[06/25 10:13:03] epoch 50/130, iter 12500:
[06/25 10:13:03] train_loss: 2.14914
[06/25 10:13:03] train_acc: 67.789
[06/25 10:15:18] val_5-way-5-shot_acc: 83.073	0.418
[06/25 10:17:08] 
[06/25 10:17:08] epoch 51/130, iter 12750:
[06/25 10:17:08] train_loss: 2.18981
[06/25 10:17:08] train_acc: 67.286
[06/25 10:19:08] val_5-way-5-shot_acc: 83.581	0.393
[06/25 10:19:09] BEST!
[06/25 10:21:11] 
[06/25 10:21:11] epoch 52/130, iter 13000:
[06/25 10:21:11] train_loss: 2.15967
[06/25 10:21:11] train_acc: 67.869
[06/25 10:23:46] val_5-way-5-shot_acc: 83.776	0.401
[06/25 10:23:47] BEST!
[06/25 10:25:55] 
[06/25 10:25:55] epoch 53/130, iter 13250:
[06/25 10:25:55] train_loss: 2.15092
[06/25 10:25:55] train_acc: 67.943
[06/25 10:28:38] val_5-way-5-shot_acc: 82.194	0.395
[06/25 10:30:54] 
[06/25 10:30:54] epoch 54/130, iter 13500:
[06/25 10:30:54] train_loss: 2.12810
[06/25 10:30:54] train_acc: 68.006
[06/25 10:33:36] val_5-way-5-shot_acc: 81.454	0.412
[06/25 10:35:44] 
[06/25 10:35:44] epoch 55/130, iter 13750:
[06/25 10:35:44] train_loss: 2.11487
[06/25 10:35:44] train_acc: 68.449
[06/25 10:38:20] val_5-way-5-shot_acc: 83.305	0.401
[06/25 10:40:28] 
[06/25 10:40:28] epoch 56/130, iter 14000:
[06/25 10:40:28] train_loss: 2.11738
[06/25 10:40:28] train_acc: 68.383
[06/25 10:43:05] val_5-way-5-shot_acc: 81.680	0.417
[06/25 10:45:15] 
[06/25 10:45:15] epoch 57/130, iter 14250:
[06/25 10:45:15] train_loss: 2.11019
[06/25 10:45:15] train_acc: 68.286
[06/25 10:47:53] val_5-way-5-shot_acc: 81.662	0.410
[06/25 10:50:05] 
[06/25 10:50:05] epoch 58/130, iter 14500:
[06/25 10:50:05] train_loss: 2.13132
[06/25 10:50:05] train_acc: 68.131
[06/25 10:52:42] val_5-way-5-shot_acc: 81.014	0.394
[06/25 10:54:47] 
[06/25 10:54:47] epoch 59/130, iter 14750:
[06/25 10:54:47] train_loss: 2.11915
[06/25 10:54:47] train_acc: 68.234
[06/25 10:57:38] val_5-way-5-shot_acc: 82.045	0.403
[06/25 10:59:45] 
[06/25 10:59:45] epoch 60/130, iter 15000:
[06/25 10:59:45] train_loss: 2.11894
[06/25 10:59:45] train_acc: 68.577
[06/25 11:03:02] val_5-way-5-shot_acc: 81.690	0.426
[06/25 11:05:19] 
[06/25 11:05:19] epoch 61/130, iter 15250:
[06/25 11:05:19] train_loss: 2.09404
[06/25 11:05:19] train_acc: 68.906
[06/25 11:08:26] val_5-way-5-shot_acc: 81.786	0.418
[06/25 11:10:41] 
[06/25 11:10:41] epoch 62/130, iter 15500:
[06/25 11:10:41] train_loss: 2.09217
[06/25 11:10:41] train_acc: 68.594
[06/25 11:13:50] val_5-way-5-shot_acc: 82.854	0.405
[06/25 11:16:05] 
[06/25 11:16:05] epoch 63/130, iter 15750:
[06/25 11:16:05] train_loss: 2.09235
[06/25 11:16:05] train_acc: 69.000
[06/25 11:19:07] val_5-way-5-shot_acc: 81.918	0.411
[06/25 11:21:18] 
[06/25 11:21:18] epoch 64/130, iter 16000:
[06/25 11:21:18] train_loss: 2.09310
[06/25 11:21:18] train_acc: 68.700
[06/25 11:24:13] val_5-way-5-shot_acc: 81.031	0.424
[06/25 11:26:23] 
[06/25 11:26:23] epoch 65/130, iter 16250:
[06/25 11:26:23] train_loss: 2.08320
[06/25 11:26:23] train_acc: 68.734
[06/25 11:29:02] val_5-way-5-shot_acc: 82.454	0.440
[06/25 11:31:14] 
[06/25 11:31:14] epoch 66/130, iter 16500:
[06/25 11:31:14] train_loss: 2.06947
[06/25 11:31:14] train_acc: 69.151
[06/25 11:33:45] val_5-way-5-shot_acc: 82.897	0.385
[06/25 11:35:47] 
[06/25 11:35:47] epoch 67/130, iter 16750:
[06/25 11:35:47] train_loss: 2.10230
[06/25 11:35:47] train_acc: 68.774
[06/25 11:38:19] val_5-way-5-shot_acc: 82.871	0.392
[06/25 11:40:24] 
[06/25 11:40:24] epoch 68/130, iter 17000:
[06/25 11:40:24] train_loss: 2.07823
[06/25 11:40:24] train_acc: 68.826
[06/25 11:42:52] val_5-way-5-shot_acc: 82.551	0.403
[06/25 11:45:02] 
[06/25 11:45:02] epoch 69/130, iter 17250:
[06/25 11:45:02] train_loss: 2.11298
[06/25 11:45:02] train_acc: 68.649
[06/25 11:47:52] val_5-way-5-shot_acc: 81.389	0.442
[06/25 11:49:57] 
[06/25 11:49:57] epoch 70/130, iter 17500:
[06/25 11:49:57] train_loss: 2.08064
[06/25 11:49:57] train_acc: 69.054
[06/25 11:52:30] val_5-way-5-shot_acc: 83.119	0.409
[06/25 11:54:33] 
[06/25 11:54:33] epoch 71/130, iter 17750:
[06/25 11:54:33] train_loss: 1.60263
[06/25 11:54:33] train_acc: 76.006
[06/25 11:57:04] val_5-way-5-shot_acc: 88.669	0.345
[06/25 11:57:04] BEST!
[06/25 11:59:01] 
[06/25 11:59:01] epoch 72/130, iter 18000:
[06/25 11:59:01] train_loss: 1.42595
[06/25 11:59:01] train_acc: 78.097
[06/26 12:00:56] val_5-way-5-shot_acc: 89.000	0.334
[06/26 12:00:56] BEST!
[06/26 12:02:48] 
[06/26 12:02:48] epoch 73/130, iter 18250:
[06/26 12:02:48] train_loss: 1.37039
[06/26 12:02:48] train_acc: 79.151
[06/26 12:04:30] val_5-way-5-shot_acc: 88.945	0.353
[06/26 12:06:24] 
[06/26 12:06:24] epoch 74/130, iter 18500:
[06/26 12:06:24] train_loss: 1.31086
[06/26 12:06:24] train_acc: 79.934
[06/26 12:08:10] val_5-way-5-shot_acc: 89.664	0.334
[06/26 12:08:10] BEST!
[06/26 12:10:03] 
[06/26 12:10:03] epoch 75/130, iter 18750:
[06/26 12:10:03] train_loss: 1.27133
[06/26 12:10:03] train_acc: 80.763
[06/26 12:11:54] val_5-way-5-shot_acc: 89.123	0.338
[06/26 12:13:45] 
[06/26 12:13:45] epoch 76/130, iter 19000:
[06/26 12:13:45] train_loss: 1.23439
[06/26 12:13:45] train_acc: 81.160
[06/26 12:15:28] val_5-way-5-shot_acc: 89.286	0.337
[06/26 12:17:23] 
[06/26 12:17:23] epoch 77/130, iter 19250:
[06/26 12:17:23] train_loss: 1.21016
[06/26 12:17:23] train_acc: 81.857
[06/26 12:19:01] val_5-way-5-shot_acc: 89.335	0.330
[06/26 12:20:53] 
[06/26 12:20:53] epoch 78/130, iter 19500:
[06/26 12:20:53] train_loss: 1.19947
[06/26 12:20:53] train_acc: 82.089
[06/26 12:22:40] val_5-way-5-shot_acc: 89.270	0.343
[06/26 12:24:31] 
[06/26 12:24:31] epoch 79/130, iter 19750:
[06/26 12:24:31] train_loss: 1.18126
[06/26 12:24:31] train_acc: 82.143
[06/26 12:26:16] val_5-way-5-shot_acc: 89.295	0.327
[06/26 12:28:08] 
[06/26 12:28:08] epoch 80/130, iter 20000:
[06/26 12:28:08] train_loss: 1.17124
[06/26 12:28:08] train_acc: 82.509
[06/26 12:29:43] val_5-way-5-shot_acc: 89.475	0.337
[06/26 12:31:31] 
[06/26 12:31:31] epoch 81/130, iter 20250:
[06/26 12:31:31] train_loss: 1.14988
[06/26 12:31:31] train_acc: 82.949
[06/26 12:33:05] val_5-way-5-shot_acc: 89.445	0.345
[06/26 12:34:54] 
[06/26 12:34:54] epoch 82/130, iter 20500:
[06/26 12:34:54] train_loss: 1.12383
[06/26 12:34:54] train_acc: 83.194
[06/26 12:36:24] val_5-way-5-shot_acc: 89.580	0.338
[06/26 12:38:15] 
[06/26 12:38:15] epoch 83/130, iter 20750:
[06/26 12:38:15] train_loss: 1.12321
[06/26 12:38:15] train_acc: 83.163
[06/26 12:39:44] val_5-way-5-shot_acc: 89.190	0.344
[06/26 12:41:34] 
[06/26 12:41:34] epoch 84/130, iter 21000:
[06/26 12:41:34] train_loss: 1.12013
[06/26 12:41:34] train_acc: 83.120
[06/26 12:43:04] val_5-way-5-shot_acc: 89.317	0.328
[06/26 12:44:54] 
[06/26 12:44:54] epoch 85/130, iter 21250:
[06/26 12:44:54] train_loss: 1.09681
[06/26 12:44:54] train_acc: 83.489
[06/26 12:46:22] val_5-way-5-shot_acc: 89.546	0.336
[06/26 12:48:12] 
[06/26 12:48:12] epoch 86/130, iter 21500:
[06/26 12:48:12] train_loss: 1.09620
[06/26 12:48:12] train_acc: 83.746
[06/26 12:49:38] val_5-way-5-shot_acc: 89.664	0.322
[06/26 12:51:26] 
[06/26 12:51:26] epoch 87/130, iter 21750:
[06/26 12:51:26] train_loss: 1.07768
[06/26 12:51:26] train_acc: 83.757
[06/26 12:52:50] val_5-way-5-shot_acc: 89.545	0.323
[06/26 12:54:37] 
[06/26 12:54:37] epoch 88/130, iter 22000:
[06/26 12:54:37] train_loss: 1.05616
[06/26 12:54:37] train_acc: 84.200
[06/26 12:56:01] val_5-way-5-shot_acc: 89.422	0.345
[06/26 12:57:49] 
[06/26 12:57:49] epoch 89/130, iter 22250:
[06/26 12:57:49] train_loss: 1.05166
[06/26 12:57:49] train_acc: 84.420
[06/26 12:59:15] val_5-way-5-shot_acc: 89.311	0.337
[06/26 01:01:05] 
[06/26 01:01:05] epoch 90/130, iter 22500:
[06/26 01:01:05] train_loss: 1.04354
[06/26 01:01:05] train_acc: 84.289
[06/26 01:02:31] val_5-way-5-shot_acc: 89.493	0.331
[06/26 01:04:21] 
[06/26 01:04:21] epoch 91/130, iter 22750:
[06/26 01:04:21] train_loss: 1.04174
[06/26 01:04:21] train_acc: 84.549
[06/26 01:05:49] val_5-way-5-shot_acc: 89.436	0.319
[06/26 01:07:37] 
[06/26 01:07:37] epoch 92/130, iter 23000:
[06/26 01:07:37] train_loss: 1.04544
[06/26 01:07:37] train_acc: 84.503
[06/26 01:09:04] val_5-way-5-shot_acc: 89.650	0.330
[06/26 01:10:52] 
[06/26 01:10:52] epoch 93/130, iter 23250:
[06/26 01:10:52] train_loss: 1.03601
[06/26 01:10:52] train_acc: 84.603
[06/26 01:12:22] val_5-way-5-shot_acc: 89.638	0.330
[06/26 01:14:12] 
[06/26 01:14:12] epoch 94/130, iter 23500:
[06/26 01:14:12] train_loss: 1.03142
[06/26 01:14:12] train_acc: 84.583
[06/26 01:15:35] val_5-way-5-shot_acc: 89.909	0.302
[06/26 01:15:36] BEST!
[06/26 01:17:24] 
[06/26 01:17:24] epoch 95/130, iter 23750:
[06/26 01:17:24] train_loss: 1.00950
[06/26 01:17:24] train_acc: 85.051
[06/26 01:18:47] val_5-way-5-shot_acc: 89.491	0.324
[06/26 01:20:36] 
[06/26 01:20:36] epoch 96/130, iter 24000:
[06/26 01:20:36] train_loss: 1.04455
[06/26 01:20:36] train_acc: 84.720
[06/26 01:21:58] val_5-way-5-shot_acc: 89.355	0.335
[06/26 01:23:46] 
[06/26 01:23:46] epoch 97/130, iter 24250:
[06/26 01:23:46] train_loss: 0.99886
[06/26 01:23:46] train_acc: 85.380
[06/26 01:25:07] val_5-way-5-shot_acc: 89.456	0.336
[06/26 01:26:55] 
[06/26 01:26:55] epoch 98/130, iter 24500:
[06/26 01:26:55] train_loss: 0.99557
[06/26 01:26:55] train_acc: 85.209
[06/26 01:28:20] val_5-way-5-shot_acc: 89.190	0.337
[06/26 01:30:09] 
[06/26 01:30:09] epoch 99/130, iter 24750:
[06/26 01:30:09] train_loss: 1.02342
[06/26 01:30:09] train_acc: 85.020
[06/26 01:31:35] val_5-way-5-shot_acc: 89.695	0.324
[06/26 01:33:24] 
[06/26 01:33:24] epoch 100/130, iter 25000:
[06/26 01:33:24] train_loss: 1.00669
[06/26 01:33:24] train_acc: 84.834
[06/26 01:34:50] val_5-way-5-shot_acc: 89.589	0.324
[06/26 01:36:39] 
[06/26 01:36:39] epoch 101/130, iter 25250:
[06/26 01:36:39] train_loss: 0.92008
[06/26 01:36:39] train_acc: 86.517
[06/26 01:38:07] val_5-way-5-shot_acc: 90.394	0.315
[06/26 01:38:07] BEST!
[06/26 01:39:56] 
[06/26 01:39:56] epoch 102/130, iter 25500:
[06/26 01:39:56] train_loss: 0.89342
[06/26 01:39:56] train_acc: 86.794
[06/26 01:41:16] val_5-way-5-shot_acc: 90.236	0.311
[06/26 01:43:04] 
[06/26 01:43:04] epoch 103/130, iter 25750:
[06/26 01:43:04] train_loss: 0.87409
[06/26 01:43:04] train_acc: 87.043
[06/26 01:44:33] val_5-way-5-shot_acc: 90.365	0.310
[06/26 01:46:23] 
[06/26 01:46:23] epoch 104/130, iter 26000:
[06/26 01:46:23] train_loss: 0.86652
[06/26 01:46:23] train_acc: 87.357
[06/26 01:47:55] val_5-way-5-shot_acc: 90.626	0.310
[06/26 01:47:55] BEST!
[06/26 01:49:45] 
[06/26 01:49:45] epoch 105/130, iter 26250:
[06/26 01:49:45] train_loss: 0.85174
[06/26 01:49:45] train_acc: 87.446
[06/26 01:51:12] val_5-way-5-shot_acc: 90.401	0.314
[06/26 01:53:02] 
[06/26 01:53:02] epoch 106/130, iter 26500:
[06/26 01:53:02] train_loss: 0.85649
[06/26 01:53:02] train_acc: 87.294
[06/26 01:54:31] val_5-way-5-shot_acc: 90.301	0.320
[06/26 01:56:19] 
[06/26 01:56:19] epoch 107/130, iter 26750:
[06/26 01:56:19] train_loss: 0.84186
[06/26 01:56:19] train_acc: 87.626
[06/26 01:57:42] val_5-way-5-shot_acc: 90.251	0.321
[06/26 01:59:31] 
[06/26 01:59:31] epoch 108/130, iter 27000:
[06/26 01:59:31] train_loss: 0.82842
[06/26 01:59:31] train_acc: 87.757
[06/26 02:00:52] val_5-way-5-shot_acc: 90.366	0.305
[06/26 02:02:40] 
[06/26 02:02:40] epoch 109/130, iter 27250:
[06/26 02:02:40] train_loss: 0.81391
[06/26 02:02:40] train_acc: 88.200
[06/26 02:04:02] val_5-way-5-shot_acc: 90.153	0.320
[06/26 02:05:50] 
[06/26 02:05:50] epoch 110/130, iter 27500:
[06/26 02:05:50] train_loss: 0.83067
[06/26 02:05:50] train_acc: 87.786
[06/26 02:07:11] val_5-way-5-shot_acc: 90.440	0.322
[06/26 02:08:58] 
[06/26 02:08:58] epoch 111/130, iter 27750:
[06/26 02:08:58] train_loss: 0.83277
[06/26 02:08:58] train_acc: 87.743
[06/26 02:10:19] val_5-way-5-shot_acc: 90.260	0.319
[06/26 02:12:07] 
[06/26 02:12:07] epoch 112/130, iter 28000:
[06/26 02:12:07] train_loss: 0.81471
[06/26 02:12:07] train_acc: 88.160
[06/26 02:13:27] val_5-way-5-shot_acc: 90.304	0.328
[06/26 02:15:15] 
[06/26 02:15:15] epoch 113/130, iter 28250:
[06/26 02:15:15] train_loss: 0.79563
[06/26 02:15:15] train_acc: 88.369
[06/26 02:16:36] val_5-way-5-shot_acc: 90.104	0.331
[06/26 02:18:24] 
[06/26 02:18:24] epoch 114/130, iter 28500:
[06/26 02:18:24] train_loss: 0.79161
[06/26 02:18:24] train_acc: 88.440
[06/26 02:19:46] val_5-way-5-shot_acc: 90.539	0.299
[06/26 02:21:33] 
[06/26 02:21:33] epoch 115/130, iter 28750:
[06/26 02:21:33] train_loss: 0.80786
[06/26 02:21:33] train_acc: 88.203
[06/26 02:22:55] val_5-way-5-shot_acc: 90.142	0.307
[06/26 02:24:42] 
[06/26 02:24:42] epoch 116/130, iter 29000:
[06/26 02:24:42] train_loss: 0.81500
[06/26 02:24:42] train_acc: 88.100
[06/26 02:26:04] val_5-way-5-shot_acc: 90.263	0.315
[06/26 02:27:51] 
[06/26 02:27:51] epoch 117/130, iter 29250:
[06/26 02:27:51] train_loss: 0.81846
[06/26 02:27:51] train_acc: 88.097
[06/26 02:29:12] val_5-way-5-shot_acc: 90.270	0.308
[06/26 02:30:59] 
[06/26 02:30:59] epoch 118/130, iter 29500:
[06/26 02:30:59] train_loss: 0.81140
[06/26 02:30:59] train_acc: 88.203
[06/26 02:32:20] val_5-way-5-shot_acc: 89.942	0.331
[06/26 02:34:07] 
[06/26 02:34:07] epoch 119/130, iter 29750:
[06/26 02:34:07] train_loss: 0.77216
[06/26 02:34:07] train_acc: 88.869
[06/26 02:35:28] val_5-way-5-shot_acc: 90.489	0.306
[06/26 02:37:16] 
[06/26 02:37:16] epoch 120/130, iter 30000:
[06/26 02:37:16] train_loss: 0.80662
[06/26 02:37:16] train_acc: 88.220
[06/26 02:38:36] val_5-way-5-shot_acc: 90.361	0.317
[06/26 02:40:25] 
[06/26 02:40:25] epoch 121/130, iter 30250:
[06/26 02:40:25] train_loss: 0.78565
[06/26 02:40:25] train_acc: 88.669
[06/26 02:41:46] val_5-way-5-shot_acc: 90.435	0.304
[06/26 02:43:34] 
[06/26 02:43:34] epoch 122/130, iter 30500:
[06/26 02:43:34] train_loss: 0.76214
[06/26 02:43:34] train_acc: 88.929
[06/26 02:44:56] val_5-way-5-shot_acc: 90.362	0.318
[06/26 02:46:44] 
[06/26 02:46:44] epoch 123/130, iter 30750:
[06/26 02:46:44] train_loss: 0.77647
[06/26 02:46:44] train_acc: 88.720
[06/26 02:48:05] val_5-way-5-shot_acc: 90.220	0.323
[06/26 02:49:53] 
[06/26 02:49:53] epoch 124/130, iter 31000:
[06/26 02:49:53] train_loss: 0.78433
[06/26 02:49:53] train_acc: 88.586
[06/26 02:51:14] val_5-way-5-shot_acc: 90.418	0.320
[06/26 02:53:01] 
[06/26 02:53:01] epoch 125/130, iter 31250:
[06/26 02:53:01] train_loss: 0.77664
[06/26 02:53:01] train_acc: 88.811
[06/26 02:54:22] val_5-way-5-shot_acc: 90.316	0.313
[06/26 02:56:09] 
[06/26 02:56:09] epoch 126/130, iter 31500:
[06/26 02:56:09] train_loss: 0.78636
[06/26 02:56:09] train_acc: 88.783
[06/26 02:57:30] val_5-way-5-shot_acc: 90.390	0.320
[06/26 02:59:19] 
[06/26 02:59:19] epoch 127/130, iter 31750:
[06/26 02:59:19] train_loss: 0.78315
[06/26 02:59:19] train_acc: 88.700
[06/26 03:00:40] val_5-way-5-shot_acc: 90.221	0.309
[06/26 03:02:27] 
[06/26 03:02:27] epoch 128/130, iter 32000:
[06/26 03:02:27] train_loss: 0.78378
[06/26 03:02:27] train_acc: 88.709
[06/26 03:03:48] val_5-way-5-shot_acc: 90.267	0.303
[06/26 03:05:36] 
[06/26 03:05:36] epoch 129/130, iter 32250:
[06/26 03:05:36] train_loss: 0.79682
[06/26 03:05:36] train_acc: 88.500
[06/26 03:06:58] val_5-way-5-shot_acc: 90.125	0.322
[06/26 03:08:46] 
[06/26 03:08:46] epoch 130/130, iter 32500:
[06/26 03:08:46] train_loss: 0.78618
[06/26 03:08:46] train_acc: 88.751
[06/26 03:10:08] val_5-way-5-shot_acc: 90.490	0.319
[06/26 03:10:08] training finished!
[06/26 03:10:08] ------------------------
[06/26 03:10:08] the best epoch is 104/130
[06/26 03:10:08] the best 5-way 5-shot val acc is 90.626
[06/26 03:10:08] ------------------------
[06/26 03:10:08] evaluating on test set:
[06/26 03:12:23] 5-way-1-shot acc: 80.00	0.44
[06/26 03:15:01] 5-way-5-shot acc: 90.73	0.24
