[06/26 08:27:28] display all the hyper-parameters in args:
[06/26 08:27:28] opt: sgd
[06/26 08:27:28] lr: 0.1
[06/26 08:27:28] gamma: 0.1
[06/26 08:27:28] epoch: 130
[06/26 08:27:28] weight_decay: 0.0005
[06/26 08:27:28] gpu: 3
[06/26 08:27:28] seed: 42
[06/26 08:27:28] val_epoch: 1
[06/26 08:27:28] resnet: True
[06/26 08:27:28] nesterov: True
[06/26 08:27:28] pre: False
[06/26 08:27:28] no_val: False
[06/26 08:27:28] train_way: 20
[06/26 08:27:28] test_way: 5
[06/26 08:27:28] train_shot: 5
[06/26 08:27:28] test_shot: [1, 5]
[06/26 08:27:28] train_query_shot: 7
[06/26 08:27:28] test_query_shot: 16
[06/26 08:27:28] train_transform_type: 0
[06/26 08:27:28] test_transform_type: 0
[06/26 08:27:28] val_trial: 1000
[06/26 08:27:28] detailed_name: False
[06/26 08:27:28] dataset: cub_raw
[06/26 08:27:28] alpha: 0.5
[06/26 08:27:28] model: MDF_Net
[06/26 08:27:28] resume: False
[06/26 08:27:28] resume_epoch: 0
[06/26 08:27:28] save_folder: /home/temp/py/model_design/MDF-Net_adjust/experiments/CUB_raw/MDF_Net/ResNet-12_5-shot
[06/26 08:27:28] ------------------------
[06/26 08:27:28] start training!
[06/26 08:29:25] 
[06/26 08:29:25] epoch 1/130, iter 250:
[06/26 08:29:25] train_loss: 5.07792
[06/26 08:29:25] train_acc: 21.083
[06/26 08:31:04] val_5-way-5-shot_acc: 64.535	0.604
[06/26 08:31:04] BEST!
[06/26 08:32:53] 
[06/26 08:32:53] epoch 2/130, iter 500:
[06/26 08:32:53] train_loss: 4.17710
[06/26 08:32:53] train_acc: 34.140
[06/26 08:34:28] val_5-way-5-shot_acc: 72.829	0.572
[06/26 08:34:29] BEST!
[06/26 08:36:16] 
[06/26 08:36:16] epoch 3/130, iter 750:
[06/26 08:36:16] train_loss: 3.56391
[06/26 08:36:16] train_acc: 44.271
[06/26 08:37:51] val_5-way-5-shot_acc: 77.636	0.552
[06/26 08:37:52] BEST!
[06/26 08:39:40] 
[06/26 08:39:40] epoch 4/130, iter 1000:
[06/26 08:39:40] train_loss: 3.15119
[06/26 08:39:40] train_acc: 51.077
[06/26 08:41:16] val_5-way-5-shot_acc: 79.938	0.493
[06/26 08:41:16] BEST!
[06/26 08:43:05] 
[06/26 08:43:05] epoch 5/130, iter 1250:
[06/26 08:43:05] train_loss: 2.83820
[06/26 08:43:05] train_acc: 55.980
[06/26 08:44:40] val_5-way-5-shot_acc: 83.084	0.482
[06/26 08:44:40] BEST!
[06/26 08:46:28] 
[06/26 08:46:28] epoch 6/130, iter 1500:
[06/26 08:46:28] train_loss: 2.57402
[06/26 08:46:28] train_acc: 60.031
[06/26 08:48:01] val_5-way-5-shot_acc: 83.431	0.456
[06/26 08:48:02] BEST!
[06/26 08:49:50] 
[06/26 08:49:50] epoch 7/130, iter 1750:
[06/26 08:49:50] train_loss: 2.45554
[06/26 08:49:50] train_acc: 62.326
[06/26 08:51:23] val_5-way-5-shot_acc: 83.987	0.462
[06/26 08:51:24] BEST!
[06/26 08:53:12] 
[06/26 08:53:12] epoch 8/130, iter 2000:
[06/26 08:53:12] train_loss: 2.29582
[06/26 08:53:12] train_acc: 64.954
[06/26 08:54:45] val_5-way-5-shot_acc: 85.735	0.433
[06/26 08:54:46] BEST!
[06/26 08:56:34] 
[06/26 08:56:34] epoch 9/130, iter 2250:
[06/26 08:56:34] train_loss: 2.16287
[06/26 08:56:34] train_acc: 67.457
[06/26 08:58:07] val_5-way-5-shot_acc: 84.900	0.456
[06/26 08:59:55] 
[06/26 08:59:55] epoch 10/130, iter 2500:
[06/26 08:59:55] train_loss: 2.06883
[06/26 08:59:55] train_acc: 68.729
[06/26 09:01:30] val_5-way-5-shot_acc: 85.582	0.463
[06/26 09:03:19] 
[06/26 09:03:19] epoch 11/130, iter 2750:
[06/26 09:03:19] train_loss: 1.96261
[06/26 09:03:19] train_acc: 70.329
[06/26 09:04:53] val_5-way-5-shot_acc: 86.106	0.437
[06/26 09:04:54] BEST!
[06/26 09:06:41] 
[06/26 09:06:41] epoch 12/130, iter 3000:
[06/26 09:06:41] train_loss: 1.91399
[06/26 09:06:41] train_acc: 71.403
[06/26 09:08:16] val_5-way-5-shot_acc: 86.451	0.424
[06/26 09:08:17] BEST!
[06/26 09:10:05] 
[06/26 09:10:05] epoch 13/130, iter 3250:
[06/26 09:10:05] train_loss: 1.87639
[06/26 09:10:05] train_acc: 71.991
[06/26 09:11:39] val_5-way-5-shot_acc: 88.121	0.421
[06/26 09:11:40] BEST!
[06/26 09:13:28] 
[06/26 09:13:28] epoch 14/130, iter 3500:
[06/26 09:13:28] train_loss: 1.80200
[06/26 09:13:28] train_acc: 73.260
[06/26 09:15:02] val_5-way-5-shot_acc: 86.900	0.426
[06/26 09:16:50] 
[06/26 09:16:50] epoch 15/130, iter 3750:
[06/26 09:16:50] train_loss: 1.79580
[06/26 09:16:50] train_acc: 73.554
[06/26 09:18:24] val_5-way-5-shot_acc: 86.896	0.451
[06/26 09:20:13] 
[06/26 09:20:13] epoch 16/130, iter 4000:
[06/26 09:20:13] train_loss: 1.71611
[06/26 09:20:13] train_acc: 74.403
[06/26 09:21:46] val_5-way-5-shot_acc: 87.796	0.444
[06/26 09:23:34] 
[06/26 09:23:34] epoch 17/130, iter 4250:
[06/26 09:23:34] train_loss: 1.67633
[06/26 09:23:34] train_acc: 75.343
[06/26 09:25:08] val_5-way-5-shot_acc: 87.391	0.413
[06/26 09:26:56] 
[06/26 09:26:56] epoch 18/130, iter 4500:
[06/26 09:26:56] train_loss: 1.66316
[06/26 09:26:56] train_acc: 75.237
[06/26 09:28:30] val_5-way-5-shot_acc: 87.754	0.436
[06/26 09:30:17] 
[06/26 09:30:17] epoch 19/130, iter 4750:
[06/26 09:30:17] train_loss: 1.64964
[06/26 09:30:17] train_acc: 76.006
[06/26 09:31:51] val_5-way-5-shot_acc: 86.692	0.452
[06/26 09:33:39] 
[06/26 09:33:39] epoch 20/130, iter 5000:
[06/26 09:33:39] train_loss: 1.58765
[06/26 09:33:39] train_acc: 76.800
[06/26 09:35:12] val_5-way-5-shot_acc: 87.075	0.425
[06/26 09:37:00] 
[06/26 09:37:00] epoch 21/130, iter 5250:
[06/26 09:37:00] train_loss: 1.57795
[06/26 09:37:00] train_acc: 76.754
[06/26 09:38:35] val_5-way-5-shot_acc: 88.834	0.402
[06/26 09:38:35] BEST!
[06/26 09:40:23] 
[06/26 09:40:23] epoch 22/130, iter 5500:
[06/26 09:40:23] train_loss: 1.54299
[06/26 09:40:23] train_acc: 77.551
[06/26 09:41:56] val_5-way-5-shot_acc: 87.716	0.422
[06/26 09:43:44] 
[06/26 09:43:44] epoch 23/130, iter 5750:
[06/26 09:43:44] train_loss: 1.53769
[06/26 09:43:44] train_acc: 77.514
[06/26 09:45:21] val_5-way-5-shot_acc: 88.739	0.399
[06/26 09:47:10] 
[06/26 09:47:10] epoch 24/130, iter 6000:
[06/26 09:47:10] train_loss: 1.53940
[06/26 09:47:10] train_acc: 77.286
[06/26 09:48:46] val_5-way-5-shot_acc: 87.778	0.425
[06/26 09:50:33] 
[06/26 09:50:33] epoch 25/130, iter 6250:
[06/26 09:50:33] train_loss: 1.51231
[06/26 09:50:33] train_acc: 77.814
[06/26 09:52:10] val_5-way-5-shot_acc: 87.824	0.385
[06/26 09:53:58] 
[06/26 09:53:58] epoch 26/130, iter 6500:
[06/26 09:53:58] train_loss: 1.46550
[06/26 09:53:58] train_acc: 78.517
[06/26 09:55:33] val_5-way-5-shot_acc: 88.784	0.410
[06/26 09:57:22] 
[06/26 09:57:22] epoch 27/130, iter 6750:
[06/26 09:57:22] train_loss: 1.48575
[06/26 09:57:22] train_acc: 78.520
[06/26 09:58:58] val_5-way-5-shot_acc: 87.780	0.423
[06/26 10:00:45] 
[06/26 10:00:45] epoch 28/130, iter 7000:
[06/26 10:00:45] train_loss: 1.42849
[06/26 10:00:45] train_acc: 79.371
[06/26 10:02:23] val_5-way-5-shot_acc: 88.074	0.406
[06/26 10:04:10] 
[06/26 10:04:10] epoch 29/130, iter 7250:
[06/26 10:04:10] train_loss: 1.45999
[06/26 10:04:10] train_acc: 78.963
[06/26 10:05:48] val_5-way-5-shot_acc: 88.272	0.394
[06/26 10:07:36] 
[06/26 10:07:36] epoch 30/130, iter 7500:
[06/26 10:07:36] train_loss: 1.41252
[06/26 10:07:36] train_acc: 79.417
[06/26 10:09:14] val_5-way-5-shot_acc: 88.052	0.413
[06/26 10:11:01] 
[06/26 10:11:01] epoch 31/130, iter 7750:
[06/26 10:11:01] train_loss: 1.43169
[06/26 10:11:01] train_acc: 78.997
[06/26 10:12:37] val_5-way-5-shot_acc: 90.304	0.358
[06/26 10:12:38] BEST!
[06/26 10:14:25] 
[06/26 10:14:25] epoch 32/130, iter 8000:
[06/26 10:14:25] train_loss: 1.39530
[06/26 10:14:25] train_acc: 80.089
[06/26 10:16:01] val_5-way-5-shot_acc: 89.812	0.370
[06/26 10:17:50] 
[06/26 10:17:50] epoch 33/130, iter 8250:
[06/26 10:17:50] train_loss: 1.39728
[06/26 10:17:50] train_acc: 79.746
[06/26 10:19:25] val_5-way-5-shot_acc: 86.514	0.410
[06/26 10:21:12] 
[06/26 10:21:12] epoch 34/130, iter 8500:
[06/26 10:21:12] train_loss: 1.37467
[06/26 10:21:12] train_acc: 80.086
[06/26 10:22:47] val_5-way-5-shot_acc: 88.616	0.404
[06/26 10:24:36] 
[06/26 10:24:36] epoch 35/130, iter 8750:
[06/26 10:24:36] train_loss: 1.41227
[06/26 10:24:36] train_acc: 79.400
[06/26 10:26:12] val_5-way-5-shot_acc: 89.159	0.388
[06/26 10:28:01] 
[06/26 10:28:01] epoch 36/130, iter 9000:
[06/26 10:28:01] train_loss: 1.37814
[06/26 10:28:01] train_acc: 80.286
[06/26 10:29:36] val_5-way-5-shot_acc: 88.544	0.400
[06/26 10:31:24] 
[06/26 10:31:24] epoch 37/130, iter 9250:
[06/26 10:31:24] train_loss: 1.35891
[06/26 10:31:24] train_acc: 80.480
[06/26 10:32:59] val_5-way-5-shot_acc: 89.478	0.382
[06/26 10:34:48] 
[06/26 10:34:48] epoch 38/130, iter 9500:
[06/26 10:34:48] train_loss: 1.37387
[06/26 10:34:48] train_acc: 80.240
[06/26 10:36:23] val_5-way-5-shot_acc: 88.589	0.407
[06/26 10:38:11] 
[06/26 10:38:11] epoch 39/130, iter 9750:
[06/26 10:38:11] train_loss: 1.35777
[06/26 10:38:11] train_acc: 80.571
[06/26 10:39:47] val_5-way-5-shot_acc: 88.215	0.436
[06/26 10:41:35] 
[06/26 10:41:35] epoch 40/130, iter 10000:
[06/26 10:41:35] train_loss: 1.35166
[06/26 10:41:35] train_acc: 80.580
[06/26 10:43:10] val_5-way-5-shot_acc: 88.939	0.409
[06/26 10:44:57] 
[06/26 10:44:57] epoch 41/130, iter 10250:
[06/26 10:44:57] train_loss: 1.32792
[06/26 10:44:57] train_acc: 80.846
[06/26 10:46:34] val_5-way-5-shot_acc: 89.239	0.383
[06/26 10:48:22] 
[06/26 10:48:22] epoch 42/130, iter 10500:
[06/26 10:48:22] train_loss: 1.31480
[06/26 10:48:22] train_acc: 81.143
[06/26 10:49:58] val_5-way-5-shot_acc: 89.020	0.406
[06/26 10:51:47] 
[06/26 10:51:47] epoch 43/130, iter 10750:
[06/26 10:51:47] train_loss: 1.33279
[06/26 10:51:47] train_acc: 80.617
[06/26 10:53:24] val_5-way-5-shot_acc: 89.059	0.396
[06/26 10:55:11] 
[06/26 10:55:11] epoch 44/130, iter 11000:
[06/26 10:55:11] train_loss: 1.34016
[06/26 10:55:11] train_acc: 80.520
[06/26 10:56:48] val_5-way-5-shot_acc: 89.134	0.386
[06/26 10:58:35] 
[06/26 10:58:35] epoch 45/130, iter 11250:
[06/26 10:58:35] train_loss: 1.31682
[06/26 10:58:35] train_acc: 81.157
[06/26 11:00:11] val_5-way-5-shot_acc: 89.596	0.388
[06/26 11:01:58] 
[06/26 11:01:58] epoch 46/130, iter 11500:
[06/26 11:01:58] train_loss: 1.29336
[06/26 11:01:58] train_acc: 81.529
[06/26 11:03:34] val_5-way-5-shot_acc: 89.274	0.396
[06/26 11:05:23] 
[06/26 11:05:23] epoch 47/130, iter 11750:
[06/26 11:05:23] train_loss: 1.31796
[06/26 11:05:23] train_acc: 81.251
[06/26 11:06:59] val_5-way-5-shot_acc: 89.889	0.373
[06/26 11:08:47] 
[06/26 11:08:47] epoch 48/130, iter 12000:
[06/26 11:08:47] train_loss: 1.28711
[06/26 11:08:47] train_acc: 81.591
[06/26 11:10:23] val_5-way-5-shot_acc: 89.812	0.373
[06/26 11:12:11] 
[06/26 11:12:11] epoch 49/130, iter 12250:
[06/26 11:12:11] train_loss: 1.27490
[06/26 11:12:11] train_acc: 81.823
[06/26 11:13:46] val_5-way-5-shot_acc: 89.927	0.346
[06/26 11:15:34] 
[06/26 11:15:34] epoch 50/130, iter 12500:
[06/26 11:15:34] train_loss: 1.27977
[06/26 11:15:34] train_acc: 81.800
[06/26 11:17:11] val_5-way-5-shot_acc: 89.472	0.392
[06/26 11:18:58] 
[06/26 11:18:58] epoch 51/130, iter 12750:
[06/26 11:18:58] train_loss: 1.31830
[06/26 11:18:58] train_acc: 81.151
[06/26 11:20:34] val_5-way-5-shot_acc: 89.520	0.389
[06/26 11:22:21] 
[06/26 11:22:21] epoch 52/130, iter 13000:
[06/26 11:22:21] train_loss: 1.27117
[06/26 11:22:21] train_acc: 81.831
[06/26 11:23:58] val_5-way-5-shot_acc: 89.219	0.420
[06/26 11:25:46] 
[06/26 11:25:46] epoch 53/130, iter 13250:
[06/26 11:25:46] train_loss: 1.28562
[06/26 11:25:46] train_acc: 81.434
[06/26 11:27:20] val_5-way-5-shot_acc: 90.066	0.361
[06/26 11:29:08] 
[06/26 11:29:08] epoch 54/130, iter 13500:
[06/26 11:29:08] train_loss: 1.29324
[06/26 11:29:08] train_acc: 81.491
[06/26 11:30:42] val_5-way-5-shot_acc: 88.794	0.412
[06/26 11:32:30] 
[06/26 11:32:30] epoch 55/130, iter 13750:
[06/26 11:32:30] train_loss: 1.30616
[06/26 11:32:30] train_acc: 81.129
[06/26 11:34:05] val_5-way-5-shot_acc: 89.596	0.374
[06/26 11:35:53] 
[06/26 11:35:53] epoch 56/130, iter 14000:
[06/26 11:35:53] train_loss: 1.26434
[06/26 11:35:53] train_acc: 81.877
[06/26 11:37:27] val_5-way-5-shot_acc: 90.130	0.374
[06/26 11:39:14] 
[06/26 11:39:14] epoch 57/130, iter 14250:
[06/26 11:39:14] train_loss: 1.28597
[06/26 11:39:14] train_acc: 81.737
[06/26 11:40:47] val_5-way-5-shot_acc: 89.770	0.382
[06/26 11:42:35] 
[06/26 11:42:35] epoch 58/130, iter 14500:
[06/26 11:42:35] train_loss: 1.26024
[06/26 11:42:35] train_acc: 82.120
[06/26 11:44:09] val_5-way-5-shot_acc: 89.064	0.412
[06/26 11:45:57] 
[06/26 11:45:57] epoch 59/130, iter 14750:
[06/26 11:45:57] train_loss: 1.26271
[06/26 11:45:57] train_acc: 81.934
[06/26 11:47:30] val_5-way-5-shot_acc: 89.839	0.387
[06/26 11:49:17] 
[06/26 11:49:17] epoch 60/130, iter 15000:
[06/26 11:49:17] train_loss: 1.26314
[06/26 11:49:17] train_acc: 82.226
[06/26 11:50:51] val_5-way-5-shot_acc: 89.281	0.407
[06/26 11:52:38] 
[06/26 11:52:38] epoch 61/130, iter 15250:
[06/26 11:52:38] train_loss: 1.26789
[06/26 11:52:38] train_acc: 81.897
[06/26 11:54:11] val_5-way-5-shot_acc: 89.236	0.386
[06/26 11:55:59] 
[06/26 11:55:59] epoch 62/130, iter 15500:
[06/26 11:55:59] train_loss: 1.28720
[06/26 11:55:59] train_acc: 81.434
[06/26 11:57:33] val_5-way-5-shot_acc: 89.274	0.406
[06/26 11:59:21] 
[06/26 11:59:21] epoch 63/130, iter 15750:
[06/26 11:59:21] train_loss: 1.24850
[06/26 11:59:21] train_acc: 82.249
[06/26 12:00:55] val_5-way-5-shot_acc: 88.810	0.403
[06/26 12:02:42] 
[06/26 12:02:42] epoch 64/130, iter 16000:
[06/26 12:02:42] train_loss: 1.23947
[06/26 12:02:42] train_acc: 82.429
[06/26 12:04:17] val_5-way-5-shot_acc: 89.987	0.359
[06/26 12:06:04] 
[06/26 12:06:04] epoch 65/130, iter 16250:
[06/26 12:06:04] train_loss: 1.25318
[06/26 12:06:04] train_acc: 82.100
[06/26 12:07:38] val_5-way-5-shot_acc: 89.566	0.387
[06/26 12:09:26] 
[06/26 12:09:26] epoch 66/130, iter 16500:
[06/26 12:09:26] train_loss: 1.26155
[06/26 12:09:26] train_acc: 81.934
[06/26 12:11:00] val_5-way-5-shot_acc: 89.334	0.395
[06/26 12:12:48] 
[06/26 12:12:48] epoch 67/130, iter 16750:
[06/26 12:12:48] train_loss: 1.26154
[06/26 12:12:48] train_acc: 81.866
[06/26 12:14:24] val_5-way-5-shot_acc: 89.791	0.383
[06/26 12:16:12] 
[06/26 12:16:12] epoch 68/130, iter 17000:
[06/26 12:16:12] train_loss: 1.24690
[06/26 12:16:12] train_acc: 82.306
[06/26 12:17:46] val_5-way-5-shot_acc: 89.139	0.407
[06/26 12:19:34] 
[06/26 12:19:34] epoch 69/130, iter 17250:
[06/26 12:19:34] train_loss: 1.25696
[06/26 12:19:34] train_acc: 82.029
[06/26 12:21:08] val_5-way-5-shot_acc: 89.884	0.375
[06/26 12:22:57] 
[06/26 12:22:57] epoch 70/130, iter 17500:
[06/26 12:22:57] train_loss: 1.25620
[06/26 12:22:57] train_acc: 82.049
[06/26 12:24:31] val_5-way-5-shot_acc: 88.769	0.414
[06/26 12:26:19] 
[06/26 12:26:19] epoch 71/130, iter 17750:
[06/26 12:26:19] train_loss: 0.88110
[06/26 12:26:19] train_acc: 87.129
[06/26 12:27:52] val_5-way-5-shot_acc: 92.789	0.333
[06/26 12:27:53] BEST!
[06/26 12:29:40] 
[06/26 12:29:40] epoch 72/130, iter 18000:
[06/26 12:29:40] train_loss: 0.79210
[06/26 12:29:40] train_acc: 88.306
[06/26 12:31:15] val_5-way-5-shot_acc: 92.759	0.330
[06/26 12:33:03] 
[06/26 12:33:03] epoch 73/130, iter 18250:
[06/26 12:33:03] train_loss: 0.70228
[06/26 12:33:03] train_acc: 89.706
[06/26 12:34:37] val_5-way-5-shot_acc: 92.830	0.335
[06/26 12:34:37] BEST!
[06/26 12:36:24] 
[06/26 12:36:24] epoch 74/130, iter 18500:
[06/26 12:36:24] train_loss: 0.68319
[06/26 12:36:24] train_acc: 89.740
[06/26 12:37:58] val_5-way-5-shot_acc: 92.719	0.333
[06/26 12:39:46] 
[06/26 12:39:46] epoch 75/130, iter 18750:
[06/26 12:39:46] train_loss: 0.67224
[06/26 12:39:46] train_acc: 89.834
[06/26 12:41:20] val_5-way-5-shot_acc: 92.875	0.336
[06/26 12:41:21] BEST!
[06/26 12:43:08] 
[06/26 12:43:08] epoch 76/130, iter 19000:
[06/26 12:43:08] train_loss: 0.66845
[06/26 12:43:08] train_acc: 90.223
[06/26 12:44:42] val_5-way-5-shot_acc: 92.854	0.336
[06/26 12:46:30] 
[06/26 12:46:30] epoch 77/130, iter 19250:
[06/26 12:46:30] train_loss: 0.65858
[06/26 12:46:30] train_acc: 90.334
[06/26 12:48:09] val_5-way-5-shot_acc: 92.504	0.339
[06/26 12:49:59] 
[06/26 12:49:59] epoch 78/130, iter 19500:
[06/26 12:49:59] train_loss: 0.62442
[06/26 12:49:59] train_acc: 90.669
[06/26 12:51:36] val_5-way-5-shot_acc: 92.736	0.327
[06/26 12:53:23] 
[06/26 12:53:23] epoch 79/130, iter 19750:
[06/26 12:53:23] train_loss: 0.61846
[06/26 12:53:23] train_acc: 90.951
[06/26 12:54:59] val_5-way-5-shot_acc: 93.039	0.323
[06/26 12:54:59] BEST!
[06/26 12:56:46] 
[06/26 12:56:46] epoch 80/130, iter 20000:
[06/26 12:56:46] train_loss: 0.60948
[06/26 12:56:46] train_acc: 91.063
[06/26 12:58:22] val_5-way-5-shot_acc: 93.159	0.317
[06/26 12:58:23] BEST!
[06/26 01:00:10] 
[06/26 01:00:10] epoch 81/130, iter 20250:
[06/26 01:00:10] train_loss: 0.60085
[06/26 01:00:10] train_acc: 91.111
[06/26 01:01:47] val_5-way-5-shot_acc: 93.103	0.326
[06/26 01:03:36] 
[06/26 01:03:36] epoch 82/130, iter 20500:
[06/26 01:03:36] train_loss: 0.60385
[06/26 01:03:36] train_acc: 91.269
[06/26 01:05:14] val_5-way-5-shot_acc: 92.755	0.332
[06/26 01:07:00] 
[06/26 01:07:00] epoch 83/130, iter 20750:
[06/26 01:07:00] train_loss: 0.62394
[06/26 01:07:00] train_acc: 90.957
[06/26 01:08:37] val_5-way-5-shot_acc: 92.739	0.356
[06/26 01:10:24] 
[06/26 01:10:24] epoch 84/130, iter 21000:
[06/26 01:10:24] train_loss: 0.59124
[06/26 01:10:24] train_acc: 91.451
[06/26 01:12:01] val_5-way-5-shot_acc: 93.190	0.322
[06/26 01:12:02] BEST!
[06/26 01:13:49] 
[06/26 01:13:49] epoch 85/130, iter 21250:
[06/26 01:13:49] train_loss: 0.57130
[06/26 01:13:49] train_acc: 91.691
[06/26 01:15:27] val_5-way-5-shot_acc: 92.791	0.340
[06/26 01:17:14] 
[06/26 01:17:14] epoch 86/130, iter 21500:
[06/26 01:17:14] train_loss: 0.56794
[06/26 01:17:14] train_acc: 91.751
[06/26 01:18:49] val_5-way-5-shot_acc: 92.695	0.358
[06/26 01:20:36] 
[06/26 01:20:36] epoch 87/130, iter 21750:
[06/26 01:20:36] train_loss: 0.56408
[06/26 01:20:36] train_acc: 91.737
[06/26 01:22:12] val_5-way-5-shot_acc: 93.054	0.328
[06/26 01:23:58] 
[06/26 01:23:58] epoch 88/130, iter 22000:
[06/26 01:23:58] train_loss: 0.56907
[06/26 01:23:58] train_acc: 91.694
[06/26 01:25:34] val_5-way-5-shot_acc: 93.184	0.310
[06/26 01:27:20] 
[06/26 01:27:20] epoch 89/130, iter 22250:
[06/26 01:27:20] train_loss: 0.56321
[06/26 01:27:20] train_acc: 91.969
[06/26 01:28:57] val_5-way-5-shot_acc: 93.076	0.317
[06/26 01:30:43] 
[06/26 01:30:43] epoch 90/130, iter 22500:
[06/26 01:30:43] train_loss: 0.56116
[06/26 01:30:43] train_acc: 91.954
[06/26 01:32:20] val_5-way-5-shot_acc: 92.900	0.325
[06/26 01:34:08] 
[06/26 01:34:08] epoch 91/130, iter 22750:
[06/26 01:34:08] train_loss: 0.57549
[06/26 01:34:08] train_acc: 91.689
[06/26 01:35:43] val_5-way-5-shot_acc: 92.916	0.319
[06/26 01:37:31] 
[06/26 01:37:31] epoch 92/130, iter 23000:
[06/26 01:37:31] train_loss: 0.53522
[06/26 01:37:31] train_acc: 92.369
[06/26 01:39:08] val_5-way-5-shot_acc: 92.661	0.328
[06/26 01:40:58] 
[06/26 01:40:58] epoch 93/130, iter 23250:
[06/26 01:40:58] train_loss: 0.54369
[06/26 01:40:58] train_acc: 92.263
[06/26 01:42:35] val_5-way-5-shot_acc: 92.926	0.321
[06/26 01:44:22] 
[06/26 01:44:22] epoch 94/130, iter 23500:
[06/26 01:44:22] train_loss: 0.53077
[06/26 01:44:22] train_acc: 92.243
[06/26 01:45:58] val_5-way-5-shot_acc: 92.894	0.337
[06/26 01:47:44] 
[06/26 01:47:44] epoch 95/130, iter 23750:
[06/26 01:47:44] train_loss: 0.53025
[06/26 01:47:44] train_acc: 92.406
[06/26 01:49:20] val_5-way-5-shot_acc: 92.700	0.333
[06/26 01:51:07] 
[06/26 01:51:07] epoch 96/130, iter 24000:
[06/26 01:51:07] train_loss: 0.54590
[06/26 01:51:07] train_acc: 92.154
[06/26 01:52:43] val_5-way-5-shot_acc: 92.588	0.334
[06/26 01:54:31] 
[06/26 01:54:31] epoch 97/130, iter 24250:
[06/26 01:54:31] train_loss: 0.54289
[06/26 01:54:31] train_acc: 92.189
[06/26 01:56:07] val_5-way-5-shot_acc: 92.914	0.335
[06/26 01:57:55] 
[06/26 01:57:55] epoch 98/130, iter 24500:
[06/26 01:57:55] train_loss: 0.53940
[06/26 01:57:55] train_acc: 92.191
[06/26 01:59:31] val_5-way-5-shot_acc: 92.386	0.329
[06/26 02:01:18] 
[06/26 02:01:18] epoch 99/130, iter 24750:
[06/26 02:01:18] train_loss: 0.54232
[06/26 02:01:18] train_acc: 92.200
[06/26 02:02:55] val_5-way-5-shot_acc: 92.540	0.348
[06/26 02:04:42] 
[06/26 02:04:42] epoch 100/130, iter 25000:
[06/26 02:04:42] train_loss: 0.53758
[06/26 02:04:42] train_acc: 92.449
[06/26 02:06:18] val_5-way-5-shot_acc: 92.718	0.348
[06/26 02:08:05] 
[06/26 02:08:05] epoch 101/130, iter 25250:
[06/26 02:08:05] train_loss: 0.49176
[06/26 02:08:05] train_acc: 93.031
[06/26 02:09:41] val_5-way-5-shot_acc: 93.510	0.329
[06/26 02:09:42] BEST!
[06/26 02:11:30] 
[06/26 02:11:30] epoch 102/130, iter 25500:
[06/26 02:11:30] train_loss: 0.47475
[06/26 02:11:30] train_acc: 93.357
[06/26 02:13:06] val_5-way-5-shot_acc: 93.290	0.329
[06/26 02:14:53] 
[06/26 02:14:53] epoch 103/130, iter 25750:
[06/26 02:14:53] train_loss: 0.46995
[06/26 02:14:53] train_acc: 93.417
[06/26 02:16:29] val_5-way-5-shot_acc: 92.981	0.331
[06/26 02:18:18] 
[06/26 02:18:18] epoch 104/130, iter 26000:
[06/26 02:18:18] train_loss: 0.45224
[06/26 02:18:18] train_acc: 93.374
[06/26 02:19:55] val_5-way-5-shot_acc: 93.155	0.330
[06/26 02:21:41] 
[06/26 02:21:41] epoch 105/130, iter 26250:
[06/26 02:21:41] train_loss: 0.44001
[06/26 02:21:41] train_acc: 93.680
[06/26 02:23:19] val_5-way-5-shot_acc: 92.978	0.331
[06/26 02:25:06] 
[06/26 02:25:06] epoch 106/130, iter 26500:
[06/26 02:25:06] train_loss: 0.45022
[06/26 02:25:06] train_acc: 93.554
[06/26 02:26:41] val_5-way-5-shot_acc: 93.290	0.327
[06/26 02:28:27] 
[06/26 02:28:27] epoch 107/130, iter 26750:
[06/26 02:28:27] train_loss: 0.45353
[06/26 02:28:27] train_acc: 93.383
[06/26 02:30:01] val_5-way-5-shot_acc: 92.930	0.331
[06/26 02:31:48] 
[06/26 02:31:48] epoch 108/130, iter 27000:
[06/26 02:31:48] train_loss: 0.44217
[06/26 02:31:48] train_acc: 93.634
[06/26 02:33:22] val_5-way-5-shot_acc: 93.310	0.330
[06/26 02:35:08] 
[06/26 02:35:08] epoch 109/130, iter 27250:
[06/26 02:35:08] train_loss: 0.44867
[06/26 02:35:08] train_acc: 93.486
[06/26 02:36:42] val_5-way-5-shot_acc: 93.243	0.331
[06/26 02:38:29] 
[06/26 02:38:29] epoch 110/130, iter 27500:
[06/26 02:38:29] train_loss: 0.44206
[06/26 02:38:29] train_acc: 93.743
[06/26 02:40:05] val_5-way-5-shot_acc: 93.086	0.341
[06/26 02:41:53] 
[06/26 02:41:53] epoch 111/130, iter 27750:
[06/26 02:41:53] train_loss: 0.43909
[06/26 02:41:53] train_acc: 93.777
[06/26 02:43:30] val_5-way-5-shot_acc: 93.265	0.331
[06/26 02:45:18] 
[06/26 02:45:18] epoch 112/130, iter 28000:
[06/26 02:45:18] train_loss: 0.43518
[06/26 02:45:18] train_acc: 93.883
[06/26 02:46:55] val_5-way-5-shot_acc: 93.295	0.312
[06/26 02:48:43] 
[06/26 02:48:43] epoch 113/130, iter 28250:
[06/26 02:48:43] train_loss: 0.43662
[06/26 02:48:43] train_acc: 93.780
[06/26 02:50:20] val_5-way-5-shot_acc: 93.069	0.333
[06/26 02:52:07] 
[06/26 02:52:07] epoch 114/130, iter 28500:
[06/26 02:52:07] train_loss: 0.42541
[06/26 02:52:07] train_acc: 93.920
[06/26 02:53:43] val_5-way-5-shot_acc: 93.024	0.336
[06/26 02:55:30] 
[06/26 02:55:30] epoch 115/130, iter 28750:
[06/26 02:55:30] train_loss: 0.42446
[06/26 02:55:30] train_acc: 93.923
[06/26 02:57:05] val_5-way-5-shot_acc: 93.135	0.332
[06/26 02:58:52] 
[06/26 02:58:52] epoch 116/130, iter 29000:
[06/26 02:58:52] train_loss: 0.42400
[06/26 02:58:52] train_acc: 94.043
[06/26 03:00:28] val_5-way-5-shot_acc: 93.280	0.327
[06/26 03:02:16] 
[06/26 03:02:16] epoch 117/130, iter 29250:
[06/26 03:02:16] train_loss: 0.43746
[06/26 03:02:16] train_acc: 93.603
[06/26 03:03:52] val_5-way-5-shot_acc: 93.316	0.338
[06/26 03:05:39] 
[06/26 03:05:39] epoch 118/130, iter 29500:
[06/26 03:05:39] train_loss: 0.43299
[06/26 03:05:39] train_acc: 93.854
[06/26 03:07:15] val_5-way-5-shot_acc: 93.225	0.319
[06/26 03:09:03] 
[06/26 03:09:03] epoch 119/130, iter 29750:
[06/26 03:09:03] train_loss: 0.44012
[06/26 03:09:03] train_acc: 93.654
[06/26 03:10:41] val_5-way-5-shot_acc: 93.233	0.320
[06/26 03:12:28] 
[06/26 03:12:28] epoch 120/130, iter 30000:
[06/26 03:12:28] train_loss: 0.42919
[06/26 03:12:28] train_acc: 93.897
[06/26 03:14:03] val_5-way-5-shot_acc: 93.300	0.328
[06/26 03:15:50] 
[06/26 03:15:50] epoch 121/130, iter 30250:
[06/26 03:15:50] train_loss: 0.43302
[06/26 03:15:50] train_acc: 93.891
[06/26 03:17:26] val_5-way-5-shot_acc: 93.049	0.335
[06/26 03:19:13] 
[06/26 03:19:13] epoch 122/130, iter 30500:
[06/26 03:19:13] train_loss: 0.42544
[06/26 03:19:13] train_acc: 93.929
[06/26 03:20:50] val_5-way-5-shot_acc: 93.252	0.322
[06/26 03:22:37] 
[06/26 03:22:37] epoch 123/130, iter 30750:
[06/26 03:22:37] train_loss: 0.42502
[06/26 03:22:37] train_acc: 94.020
[06/26 03:24:13] val_5-way-5-shot_acc: 93.062	0.329
[06/26 03:26:01] 
[06/26 03:26:01] epoch 124/130, iter 31000:
[06/26 03:26:01] train_loss: 0.40568
[06/26 03:26:01] train_acc: 94.437
[06/26 03:27:38] val_5-way-5-shot_acc: 93.088	0.329
[06/26 03:29:26] 
[06/26 03:29:26] epoch 125/130, iter 31250:
[06/26 03:29:26] train_loss: 0.42311
[06/26 03:29:26] train_acc: 93.926
[06/26 03:31:03] val_5-way-5-shot_acc: 93.184	0.320
[06/26 03:32:51] 
[06/26 03:32:51] epoch 126/130, iter 31500:
[06/26 03:32:51] train_loss: 0.42587
[06/26 03:32:51] train_acc: 93.897
[06/26 03:34:27] val_5-way-5-shot_acc: 93.426	0.315
[06/26 03:36:14] 
[06/26 03:36:14] epoch 127/130, iter 31750:
[06/26 03:36:14] train_loss: 0.41443
[06/26 03:36:14] train_acc: 94.214
[06/26 03:37:51] val_5-way-5-shot_acc: 93.114	0.336
[06/26 03:39:40] 
[06/26 03:39:40] epoch 128/130, iter 32000:
[06/26 03:39:40] train_loss: 0.41176
[06/26 03:39:40] train_acc: 94.323
[06/26 03:41:15] val_5-way-5-shot_acc: 93.274	0.322
[06/26 03:43:04] 
[06/26 03:43:04] epoch 129/130, iter 32250:
[06/26 03:43:04] train_loss: 0.40609
[06/26 03:43:04] train_acc: 94.297
[06/26 03:44:40] val_5-way-5-shot_acc: 93.426	0.306
[06/26 03:46:27] 
[06/26 03:46:27] epoch 130/130, iter 32500:
[06/26 03:46:27] train_loss: 0.41355
[06/26 03:46:27] train_acc: 94.123
[06/26 03:48:03] val_5-way-5-shot_acc: 93.138	0.336
[06/26 03:48:03] training finished!
[06/26 03:48:03] ------------------------
[06/26 03:48:03] the best epoch is 101/130
[06/26 03:48:03] the best 5-way 5-shot val acc is 93.510
[06/26 03:48:03] ------------------------
[06/26 03:48:03] evaluating on test set:
[06/26 03:50:45] 5-way-1-shot acc: 84.08	0.42
[06/26 03:53:57] 5-way-5-shot acc: 92.50	0.25
