[05/24 05:19:06] display all the hyper-parameters in args:
[05/24 05:19:06] opt: sgd
[05/24 05:19:06] lr: 0.1
[05/24 05:19:06] gamma: 0.1
[05/24 05:19:06] epoch: 150
[05/24 05:19:06] weight_decay: 0.0005
[05/24 05:19:06] gpu: 0
[05/24 05:19:06] seed: 42
[05/24 05:19:06] val_epoch: 1
[05/24 05:19:06] resnet: False
[05/24 05:19:06] nesterov: True
[05/24 05:19:06] pre: False
[05/24 05:19:06] no_val: False
[05/24 05:19:06] train_way: 30
[05/24 05:19:06] test_way: 5
[05/24 05:19:06] train_shot: 5
[05/24 05:19:06] test_shot: [1, 5]
[05/24 05:19:06] train_query_shot: 15
[05/24 05:19:06] test_query_shot: 16
[05/24 05:19:06] train_transform_type: 0
[05/24 05:19:06] test_transform_type: 0
[05/24 05:19:06] val_trial: 1000
[05/24 05:19:06] detailed_name: False
[05/24 05:19:06] dataset: cub_cropped
[05/24 05:19:06] alpha: 0.5
[05/24 05:19:06] model: C2_Net
[05/24 05:19:06] resume: False
[05/24 05:19:06] resume_epoch: 0
[05/24 05:19:06] save_folder: /home/temp/py/MDF-Net/experiments/C2_Net/Conv-4_5-shot
[05/24 05:19:06] ------------------------
[05/24 05:19:06] start training!
[05/24 05:20:41] 
[05/24 05:20:41] epoch 1/150, iter 250:
[05/24 05:20:41] train_loss: 6.24025
[05/24 05:20:41] train_acc: 16.791
[05/24 05:21:40] val_5-way-5-shot_acc: 65.216	0.618
[05/24 05:21:40] BEST!
[05/24 05:23:08] 
[05/24 05:23:08] epoch 2/150, iter 500:
[05/24 05:23:08] train_loss: 5.73955
[05/24 05:23:08] train_acc: 28.596
[05/24 05:24:06] val_5-way-5-shot_acc: 72.571	0.578
[05/24 05:24:06] BEST!
[05/24 05:25:33] 
[05/24 05:25:33] epoch 3/150, iter 750:
[05/24 05:25:33] train_loss: 5.44871
[05/24 05:25:33] train_acc: 36.781
[05/24 05:26:31] val_5-way-5-shot_acc: 74.911	0.577
[05/24 05:26:31] BEST!
[05/24 05:27:59] 
[05/24 05:27:59] epoch 4/150, iter 1000:
[05/24 05:27:59] train_loss: 5.24079
[05/24 05:27:59] train_acc: 42.028
[05/24 05:28:57] val_5-way-5-shot_acc: 79.445	0.530
[05/24 05:28:57] BEST!
[05/24 05:30:25] 
[05/24 05:30:25] epoch 5/150, iter 1250:
[05/24 05:30:25] train_loss: 5.08853
[05/24 05:30:25] train_acc: 46.680
[05/24 05:31:23] val_5-way-5-shot_acc: 79.918	0.508
[05/24 05:31:23] BEST!
[05/24 05:32:51] 
[05/24 05:32:51] epoch 6/150, iter 1500:
[05/24 05:32:51] train_loss: 4.96824
[05/24 05:32:51] train_acc: 50.464
[05/24 05:33:49] val_5-way-5-shot_acc: 81.315	0.498
[05/24 05:33:49] BEST!
[05/24 05:35:17] 
[05/24 05:35:17] epoch 7/150, iter 1750:
[05/24 05:35:17] train_loss: 4.86721
[05/24 05:35:17] train_acc: 53.829
[05/24 05:36:15] val_5-way-5-shot_acc: 80.573	0.468
[05/24 05:37:44] 
[05/24 05:37:44] epoch 8/150, iter 2000:
[05/24 05:37:44] train_loss: 4.80283
[05/24 05:37:44] train_acc: 55.436
[05/24 05:38:42] val_5-way-5-shot_acc: 81.130	0.504
[05/24 05:40:11] 
[05/24 05:40:11] epoch 9/150, iter 2250:
[05/24 05:40:11] train_loss: 4.76326
[05/24 05:40:11] train_acc: 57.076
[05/24 05:41:08] val_5-way-5-shot_acc: 82.703	0.481
[05/24 05:41:08] BEST!
[05/24 05:42:37] 
[05/24 05:42:37] epoch 10/150, iter 2500:
[05/24 05:42:37] train_loss: 4.69926
[05/24 05:42:37] train_acc: 59.109
[05/24 05:43:35] val_5-way-5-shot_acc: 83.131	0.455
[05/24 05:43:35] BEST!
[05/24 05:45:03] 
[05/24 05:45:03] epoch 11/150, iter 2750:
[05/24 05:45:03] train_loss: 4.65595
[05/24 05:45:03] train_acc: 60.271
[05/24 05:46:01] val_5-way-5-shot_acc: 82.127	0.479
[05/24 05:47:29] 
[05/24 05:47:29] epoch 12/150, iter 3000:
[05/24 05:47:29] train_loss: 4.62891
[05/24 05:47:29] train_acc: 61.448
[05/24 05:48:26] val_5-way-5-shot_acc: 83.624	0.456
[05/24 05:48:26] BEST!
[05/24 05:49:55] 
[05/24 05:49:55] epoch 13/150, iter 3250:
[05/24 05:49:55] train_loss: 4.60574
[05/24 05:49:55] train_acc: 61.979
[05/24 05:50:53] val_5-way-5-shot_acc: 83.430	0.487
[05/24 05:52:22] 
[05/24 05:52:22] epoch 14/150, iter 3500:
[05/24 05:52:22] train_loss: 4.57641
[05/24 05:52:22] train_acc: 63.109
[05/24 05:53:20] val_5-way-5-shot_acc: 83.839	0.491
[05/24 05:53:20] BEST!
[05/24 05:54:48] 
[05/24 05:54:48] epoch 15/150, iter 3750:
[05/24 05:54:48] train_loss: 4.55353
[05/24 05:54:48] train_acc: 63.604
[05/24 05:55:46] val_5-way-5-shot_acc: 83.379	0.457
[05/24 05:57:14] 
[05/24 05:57:14] epoch 16/150, iter 4000:
[05/24 05:57:14] train_loss: 4.53045
[05/24 05:57:14] train_acc: 64.407
[05/24 05:58:12] val_5-way-5-shot_acc: 84.674	0.437
[05/24 05:58:12] BEST!
[05/24 05:59:40] 
[05/24 05:59:40] epoch 17/150, iter 4250:
[05/24 05:59:40] train_loss: 4.51651
[05/24 05:59:40] train_acc: 64.828
[05/24 06:00:37] val_5-way-5-shot_acc: 84.335	0.451
[05/24 06:02:05] 
[05/24 06:02:05] epoch 18/150, iter 4500:
[05/24 06:02:05] train_loss: 4.49972
[05/24 06:02:05] train_acc: 65.506
[05/24 06:03:04] val_5-way-5-shot_acc: 84.900	0.451
[05/24 06:03:04] BEST!
[05/24 06:04:33] 
[05/24 06:04:33] epoch 19/150, iter 4750:
[05/24 06:04:33] train_loss: 4.48421
[05/24 06:04:33] train_acc: 65.794
[05/24 06:05:31] val_5-way-5-shot_acc: 85.216	0.438
[05/24 06:05:31] BEST!
[05/24 06:06:58] 
[05/24 06:06:58] epoch 20/150, iter 5000:
[05/24 06:06:58] train_loss: 4.47806
[05/24 06:06:58] train_acc: 66.115
[05/24 06:07:56] val_5-way-5-shot_acc: 84.665	0.437
[05/24 06:09:25] 
[05/24 06:09:25] epoch 21/150, iter 5250:
[05/24 06:09:25] train_loss: 4.46562
[05/24 06:09:25] train_acc: 66.240
[05/24 06:10:22] val_5-way-5-shot_acc: 83.371	0.454
[05/24 06:11:51] 
[05/24 06:11:51] epoch 22/150, iter 5500:
[05/24 06:11:51] train_loss: 4.45019
[05/24 06:11:51] train_acc: 66.831
[05/24 06:12:49] val_5-way-5-shot_acc: 84.226	0.465
[05/24 06:14:18] 
[05/24 06:14:18] epoch 23/150, iter 5750:
[05/24 06:14:18] train_loss: 4.43719
[05/24 06:14:18] train_acc: 67.447
[05/24 06:15:15] val_5-way-5-shot_acc: 85.051	0.438
[05/24 06:16:43] 
[05/24 06:16:43] epoch 24/150, iter 6000:
[05/24 06:16:43] train_loss: 4.43087
[05/24 06:16:43] train_acc: 67.695
[05/24 06:17:41] val_5-way-5-shot_acc: 84.490	0.455
[05/24 06:19:09] 
[05/24 06:19:09] epoch 25/150, iter 6250:
[05/24 06:19:09] train_loss: 4.42333
[05/24 06:19:09] train_acc: 67.973
[05/24 06:20:07] val_5-way-5-shot_acc: 82.694	0.478
[05/24 06:21:35] 
[05/24 06:21:35] epoch 26/150, iter 6500:
[05/24 06:21:35] train_loss: 4.39998
[05/24 06:21:35] train_acc: 68.604
[05/24 06:22:33] val_5-way-5-shot_acc: 85.065	0.434
[05/24 06:24:01] 
[05/24 06:24:01] epoch 27/150, iter 6750:
[05/24 06:24:01] train_loss: 4.41459
[05/24 06:24:01] train_acc: 68.141
[05/24 06:24:59] val_5-way-5-shot_acc: 84.011	0.459
[05/24 06:26:28] 
[05/24 06:26:28] epoch 28/150, iter 7000:
[05/24 06:26:28] train_loss: 4.39777
[05/24 06:26:28] train_acc: 68.742
[05/24 06:27:26] val_5-way-5-shot_acc: 85.032	0.454
[05/24 06:28:55] 
[05/24 06:28:55] epoch 29/150, iter 7250:
[05/24 06:28:55] train_loss: 4.39070
[05/24 06:28:55] train_acc: 68.910
[05/24 06:29:52] val_5-way-5-shot_acc: 83.816	0.457
[05/24 06:31:21] 
[05/24 06:31:21] epoch 30/150, iter 7500:
[05/24 06:31:21] train_loss: 4.39038
[05/24 06:31:21] train_acc: 68.822
[05/24 06:32:19] val_5-way-5-shot_acc: 84.700	0.445
[05/24 06:33:48] 
[05/24 06:33:48] epoch 31/150, iter 7750:
[05/24 06:33:48] train_loss: 4.38259
[05/24 06:33:48] train_acc: 69.217
[05/24 06:34:46] val_5-way-5-shot_acc: 84.419	0.460
[05/24 06:36:14] 
[05/24 06:36:14] epoch 32/150, iter 8000:
[05/24 06:36:14] train_loss: 4.37281
[05/24 06:36:14] train_acc: 69.631
[05/24 06:37:12] val_5-way-5-shot_acc: 85.459	0.435
[05/24 06:37:12] BEST!
[05/24 06:38:40] 
[05/24 06:38:40] epoch 33/150, iter 8250:
[05/24 06:38:40] train_loss: 4.37601
[05/24 06:38:40] train_acc: 69.478
[05/24 06:39:38] val_5-way-5-shot_acc: 83.779	0.464
[05/24 06:41:06] 
[05/24 06:41:06] epoch 34/150, iter 8500:
[05/24 06:41:06] train_loss: 4.37344
[05/24 06:41:06] train_acc: 69.526
[05/24 06:42:03] val_5-way-5-shot_acc: 85.921	0.435
[05/24 06:42:03] BEST!
[05/24 06:43:31] 
[05/24 06:43:31] epoch 35/150, iter 8750:
[05/24 06:43:31] train_loss: 4.36141
[05/24 06:43:31] train_acc: 69.912
[05/24 06:44:29] val_5-way-5-shot_acc: 85.300	0.427
[05/24 06:45:57] 
[05/24 06:45:57] epoch 36/150, iter 9000:
[05/24 06:45:57] train_loss: 4.35217
[05/24 06:45:57] train_acc: 70.088
[05/24 06:46:54] val_5-way-5-shot_acc: 84.654	0.456
[05/24 06:48:22] 
[05/24 06:48:22] epoch 37/150, iter 9250:
[05/24 06:48:22] train_loss: 4.35384
[05/24 06:48:22] train_acc: 70.132
[05/24 06:49:20] val_5-way-5-shot_acc: 83.969	0.452
[05/24 06:50:48] 
[05/24 06:50:48] epoch 38/150, iter 9500:
[05/24 06:50:48] train_loss: 4.34592
[05/24 06:50:48] train_acc: 70.428
[05/24 06:51:46] val_5-way-5-shot_acc: 86.513	0.444
[05/24 06:51:46] BEST!
[05/24 06:53:14] 
[05/24 06:53:14] epoch 39/150, iter 9750:
[05/24 06:53:14] train_loss: 4.35740
[05/24 06:53:14] train_acc: 69.929
[05/24 06:54:12] val_5-way-5-shot_acc: 84.263	0.434
[05/24 06:55:41] 
[05/24 06:55:41] epoch 40/150, iter 10000:
[05/24 06:55:41] train_loss: 4.34706
[05/24 06:55:41] train_acc: 70.339
[05/24 06:56:38] val_5-way-5-shot_acc: 84.046	0.452
[05/24 06:58:07] 
[05/24 06:58:07] epoch 41/150, iter 10250:
[05/24 06:58:07] train_loss: 4.33076
[05/24 06:58:07] train_acc: 70.904
[05/24 06:59:04] val_5-way-5-shot_acc: 84.110	0.458
[05/24 07:00:33] 
[05/24 07:00:33] epoch 42/150, iter 10500:
[05/24 07:00:33] train_loss: 4.33504
[05/24 07:00:33] train_acc: 70.532
[05/24 07:01:31] val_5-way-5-shot_acc: 84.859	0.451
[05/24 07:03:00] 
[05/24 07:03:00] epoch 43/150, iter 10750:
[05/24 07:03:00] train_loss: 4.33378
[05/24 07:03:00] train_acc: 70.673
[05/24 07:03:58] val_5-way-5-shot_acc: 85.145	0.452
[05/24 07:05:26] 
[05/24 07:05:26] epoch 44/150, iter 11000:
[05/24 07:05:26] train_loss: 4.33416
[05/24 07:05:26] train_acc: 70.502
[05/24 07:06:24] val_5-way-5-shot_acc: 85.296	0.430
[05/24 07:07:52] 
[05/24 07:07:52] epoch 45/150, iter 11250:
[05/24 07:07:52] train_loss: 4.32488
[05/24 07:07:52] train_acc: 71.161
[05/24 07:08:50] val_5-way-5-shot_acc: 84.043	0.455
[05/24 07:10:18] 
[05/24 07:10:18] epoch 46/150, iter 11500:
[05/24 07:10:18] train_loss: 4.32850
[05/24 07:10:18] train_acc: 70.834
[05/24 07:11:16] val_5-way-5-shot_acc: 84.683	0.455
[05/24 07:12:45] 
[05/24 07:12:45] epoch 47/150, iter 11750:
[05/24 07:12:45] train_loss: 4.31334
[05/24 07:12:45] train_acc: 71.354
[05/24 07:13:43] val_5-way-5-shot_acc: 83.791	0.437
[05/24 07:15:11] 
[05/24 07:15:11] epoch 48/150, iter 12000:
[05/24 07:15:11] train_loss: 4.33830
[05/24 07:15:11] train_acc: 70.637
[05/24 07:16:09] val_5-way-5-shot_acc: 85.266	0.424
[05/24 07:17:37] 
[05/24 07:17:37] epoch 49/150, iter 12250:
[05/24 07:17:37] train_loss: 4.32907
[05/24 07:17:37] train_acc: 70.863
[05/24 07:18:35] val_5-way-5-shot_acc: 83.466	0.460
[05/24 07:20:03] 
[05/24 07:20:03] epoch 50/150, iter 12500:
[05/24 07:20:03] train_loss: 4.32158
[05/24 07:20:03] train_acc: 71.131
[05/24 07:21:01] val_5-way-5-shot_acc: 84.771	0.447
[05/24 07:22:29] 
[05/24 07:22:29] epoch 51/150, iter 12750:
[05/24 07:22:29] train_loss: 4.31590
[05/24 07:22:29] train_acc: 71.335
[05/24 07:23:28] val_5-way-5-shot_acc: 86.035	0.422
[05/24 07:24:57] 
[05/24 07:24:57] epoch 52/150, iter 13000:
[05/24 07:24:57] train_loss: 4.31922
[05/24 07:24:57] train_acc: 71.171
[05/24 07:25:54] val_5-way-5-shot_acc: 84.058	0.451
[05/24 07:27:22] 
[05/24 07:27:22] epoch 53/150, iter 13250:
[05/24 07:27:22] train_loss: 4.31217
[05/24 07:27:22] train_acc: 71.548
[05/24 07:28:20] val_5-way-5-shot_acc: 84.578	0.454
[05/24 07:29:48] 
[05/24 07:29:48] epoch 54/150, iter 13500:
[05/24 07:29:48] train_loss: 4.30715
[05/24 07:29:48] train_acc: 71.505
[05/24 07:30:45] val_5-way-5-shot_acc: 84.609	0.440
[05/24 07:32:14] 
[05/24 07:32:14] epoch 55/150, iter 13750:
[05/24 07:32:14] train_loss: 4.30304
[05/24 07:32:14] train_acc: 71.805
[05/24 07:33:11] val_5-way-5-shot_acc: 84.860	0.458
[05/24 07:34:39] 
[05/24 07:34:39] epoch 56/150, iter 14000:
[05/24 07:34:39] train_loss: 4.30195
[05/24 07:34:39] train_acc: 71.771
[05/24 07:35:37] val_5-way-5-shot_acc: 84.707	0.450
[05/24 07:37:05] 
[05/24 07:37:05] epoch 57/150, iter 14250:
[05/24 07:37:05] train_loss: 4.30086
[05/24 07:37:05] train_acc: 71.834
[05/24 07:38:02] val_5-way-5-shot_acc: 85.892	0.407
[05/24 07:39:30] 
[05/24 07:39:30] epoch 58/150, iter 14500:
[05/24 07:39:30] train_loss: 4.30537
[05/24 07:39:30] train_acc: 71.721
[05/24 07:40:28] val_5-way-5-shot_acc: 85.235	0.435
[05/24 07:41:56] 
[05/24 07:41:56] epoch 59/150, iter 14750:
[05/24 07:41:56] train_loss: 4.28965
[05/24 07:41:56] train_acc: 72.146
[05/24 07:42:53] val_5-way-5-shot_acc: 85.968	0.452
[05/24 07:44:22] 
[05/24 07:44:22] epoch 60/150, iter 15000:
[05/24 07:44:22] train_loss: 4.29317
[05/24 07:44:22] train_acc: 72.131
[05/24 07:45:19] val_5-way-5-shot_acc: 84.866	0.439
[05/24 07:46:48] 
[05/24 07:46:48] epoch 61/150, iter 15250:
[05/24 07:46:48] train_loss: 4.28618
[05/24 07:46:48] train_acc: 72.467
[05/24 07:47:46] val_5-way-5-shot_acc: 84.983	0.438
[05/24 07:49:14] 
[05/24 07:49:14] epoch 62/150, iter 15500:
[05/24 07:49:14] train_loss: 4.29046
[05/24 07:49:14] train_acc: 72.252
[05/24 07:50:12] val_5-way-5-shot_acc: 84.362	0.452
[05/24 07:51:39] 
[05/24 07:51:39] epoch 63/150, iter 15750:
[05/24 07:51:39] train_loss: 4.28752
[05/24 07:51:39] train_acc: 72.180
[05/24 07:52:36] val_5-way-5-shot_acc: 83.915	0.449
[05/24 07:54:05] 
[05/24 07:54:05] epoch 64/150, iter 16000:
[05/24 07:54:05] train_loss: 4.28917
[05/24 07:54:05] train_acc: 72.316
[05/24 07:55:03] val_5-way-5-shot_acc: 85.543	0.458
[05/24 07:56:30] 
[05/24 07:56:30] epoch 65/150, iter 16250:
[05/24 07:56:30] train_loss: 4.28341
[05/24 07:56:30] train_acc: 72.410
[05/24 07:57:28] val_5-way-5-shot_acc: 84.892	0.450
[05/24 07:58:57] 
[05/24 07:58:57] epoch 66/150, iter 16500:
[05/24 07:58:57] train_loss: 4.29342
[05/24 07:58:57] train_acc: 72.111
[05/24 07:59:54] val_5-way-5-shot_acc: 83.517	0.455
[05/24 08:01:23] 
[05/24 08:01:23] epoch 67/150, iter 16750:
[05/24 08:01:23] train_loss: 4.28590
[05/24 08:01:23] train_acc: 72.335
[05/24 08:02:20] val_5-way-5-shot_acc: 84.745	0.431
[05/24 08:03:48] 
[05/24 08:03:48] epoch 68/150, iter 17000:
[05/24 08:03:48] train_loss: 4.28705
[05/24 08:03:48] train_acc: 72.182
[05/24 08:04:46] val_5-way-5-shot_acc: 85.114	0.429
[05/24 08:06:14] 
[05/24 08:06:14] epoch 69/150, iter 17250:
[05/24 08:06:14] train_loss: 4.27818
[05/24 08:06:14] train_acc: 72.668
[05/24 08:07:11] val_5-way-5-shot_acc: 85.058	0.421
[05/24 08:08:39] 
[05/24 08:08:39] epoch 70/150, iter 17500:
[05/24 08:08:39] train_loss: 4.27792
[05/24 08:08:39] train_acc: 72.426
[05/24 08:09:37] val_5-way-5-shot_acc: 84.959	0.447
[05/24 08:11:06] 
[05/24 08:11:06] epoch 71/150, iter 17750:
[05/24 08:11:06] train_loss: 4.09115
[05/24 08:11:06] train_acc: 77.937
[05/24 08:12:03] val_5-way-5-shot_acc: 88.782	0.402
[05/24 08:12:03] BEST!
[05/24 08:13:31] 
[05/24 08:13:31] epoch 72/150, iter 18000:
[05/24 08:13:31] train_loss: 4.02587
[05/24 08:13:31] train_acc: 80.041
[05/24 08:14:29] val_5-way-5-shot_acc: 88.399	0.391
[05/24 08:15:58] 
[05/24 08:15:58] epoch 73/150, iter 18250:
[05/24 08:15:58] train_loss: 4.00044
[05/24 08:15:58] train_acc: 80.900
[05/24 08:16:56] val_5-way-5-shot_acc: 89.155	0.391
[05/24 08:16:56] BEST!
[05/24 08:18:24] 
[05/24 08:18:24] epoch 74/150, iter 18500:
[05/24 08:18:24] train_loss: 3.97655
[05/24 08:18:24] train_acc: 81.656
[05/24 08:19:22] val_5-way-5-shot_acc: 88.766	0.395
[05/24 08:20:50] 
[05/24 08:20:50] epoch 75/150, iter 18750:
[05/24 08:20:50] train_loss: 3.97360
[05/24 08:20:50] train_acc: 81.820
[05/24 08:21:48] val_5-way-5-shot_acc: 88.858	0.416
[05/24 08:23:16] 
[05/24 08:23:16] epoch 76/150, iter 19000:
[05/24 08:23:16] train_loss: 3.95995
[05/24 08:23:16] train_acc: 82.064
[05/24 08:24:14] val_5-way-5-shot_acc: 88.733	0.394
[05/24 08:25:42] 
[05/24 08:25:42] epoch 77/150, iter 19250:
[05/24 08:25:42] train_loss: 3.95176
[05/24 08:25:42] train_acc: 82.526
[05/24 08:26:39] val_5-way-5-shot_acc: 88.840	0.396
[05/24 08:28:08] 
[05/24 08:28:08] epoch 78/150, iter 19500:
[05/24 08:28:08] train_loss: 3.95142
[05/24 08:28:08] train_acc: 82.526
[05/24 08:29:05] val_5-way-5-shot_acc: 88.608	0.384
[05/24 08:30:34] 
[05/24 08:30:34] epoch 79/150, iter 19750:
[05/24 08:30:34] train_loss: 3.95128
[05/24 08:30:34] train_acc: 82.427
[05/24 08:31:31] val_5-way-5-shot_acc: 88.647	0.413
[05/24 08:33:00] 
[05/24 08:33:00] epoch 80/150, iter 20000:
[05/24 08:33:00] train_loss: 3.93542
[05/24 08:33:00] train_acc: 82.940
[05/24 08:33:58] val_5-way-5-shot_acc: 88.972	0.386
[05/24 08:35:27] 
[05/24 08:35:27] epoch 81/150, iter 20250:
[05/24 08:35:27] train_loss: 3.93153
[05/24 08:35:27] train_acc: 83.090
[05/24 08:36:24] val_5-way-5-shot_acc: 88.882	0.393
[05/24 08:37:53] 
[05/24 08:37:53] epoch 82/150, iter 20500:
[05/24 08:37:53] train_loss: 3.92491
[05/24 08:37:53] train_acc: 83.506
[05/24 08:38:50] val_5-way-5-shot_acc: 88.591	0.389
[05/24 08:40:16] 
[05/24 08:40:16] epoch 83/150, iter 20750:
[05/24 08:40:16] train_loss: 3.92502
[05/24 08:40:16] train_acc: 83.368
[05/24 08:41:14] val_5-way-5-shot_acc: 89.324	0.381
[05/24 08:41:14] BEST!
[05/24 08:42:42] 
[05/24 08:42:42] epoch 84/150, iter 21000:
[05/24 08:42:42] train_loss: 3.92891
[05/24 08:42:42] train_acc: 83.172
[05/24 08:43:40] val_5-way-5-shot_acc: 89.044	0.380
[05/24 08:45:08] 
[05/24 08:45:08] epoch 85/150, iter 21250:
[05/24 08:45:08] train_loss: 3.92602
[05/24 08:45:08] train_acc: 83.260
[05/24 08:46:05] val_5-way-5-shot_acc: 88.864	0.402
[05/24 08:47:32] 
[05/24 08:47:32] epoch 86/150, iter 21500:
[05/24 08:47:32] train_loss: 3.91763
[05/24 08:47:32] train_acc: 83.487
[05/24 08:48:30] val_5-way-5-shot_acc: 89.097	0.391
[05/24 08:49:58] 
[05/24 08:49:58] epoch 87/150, iter 21750:
[05/24 08:49:58] train_loss: 3.91193
[05/24 08:49:58] train_acc: 83.770
[05/24 08:50:55] val_5-way-5-shot_acc: 88.755	0.392
[05/24 08:52:24] 
[05/24 08:52:24] epoch 88/150, iter 22000:
[05/24 08:52:24] train_loss: 3.91245
[05/24 08:52:24] train_acc: 83.846
[05/24 08:53:21] val_5-way-5-shot_acc: 88.213	0.402
[05/24 08:54:50] 
[05/24 08:54:50] epoch 89/150, iter 22250:
[05/24 08:54:50] train_loss: 3.91951
[05/24 08:54:50] train_acc: 83.447
[05/24 08:55:47] val_5-way-5-shot_acc: 88.830	0.401
[05/24 08:57:16] 
[05/24 08:57:16] epoch 90/150, iter 22500:
[05/24 08:57:16] train_loss: 3.91494
[05/24 08:57:16] train_acc: 83.565
[05/24 08:58:14] val_5-way-5-shot_acc: 88.860	0.411
[05/24 08:59:41] 
[05/24 08:59:41] epoch 91/150, iter 22750:
[05/24 08:59:41] train_loss: 3.91532
[05/24 08:59:41] train_acc: 83.564
[05/24 09:00:38] val_5-way-5-shot_acc: 88.924	0.383
[05/24 09:02:08] 
[05/24 09:02:08] epoch 92/150, iter 23000:
[05/24 09:02:08] train_loss: 3.89958
[05/24 09:02:08] train_acc: 84.252
[05/24 09:03:05] val_5-way-5-shot_acc: 88.888	0.386
[05/24 09:04:34] 
[05/24 09:04:34] epoch 93/150, iter 23250:
[05/24 09:04:34] train_loss: 3.91474
[05/24 09:04:34] train_acc: 83.556
[05/24 09:05:31] val_5-way-5-shot_acc: 88.940	0.410
[05/24 09:07:00] 
[05/24 09:07:00] epoch 94/150, iter 23500:
[05/24 09:07:00] train_loss: 3.89504
[05/24 09:07:00] train_acc: 84.344
[05/24 09:07:57] val_5-way-5-shot_acc: 88.389	0.401
[05/24 09:09:24] 
[05/24 09:09:24] epoch 95/150, iter 23750:
[05/24 09:09:24] train_loss: 3.90261
[05/24 09:09:24] train_acc: 84.042
[05/24 09:10:22] val_5-way-5-shot_acc: 88.384	0.404
[05/24 09:11:49] 
[05/24 09:11:49] epoch 96/150, iter 24000:
[05/24 09:11:49] train_loss: 3.90706
[05/24 09:11:49] train_acc: 83.939
[05/24 09:12:46] val_5-way-5-shot_acc: 88.651	0.386
[05/24 09:14:14] 
[05/24 09:14:14] epoch 97/150, iter 24250:
[05/24 09:14:14] train_loss: 3.90093
[05/24 09:14:14] train_acc: 84.186
[05/24 09:15:12] val_5-way-5-shot_acc: 88.228	0.411
[05/24 09:16:39] 
[05/24 09:16:39] epoch 98/150, iter 24500:
[05/24 09:16:39] train_loss: 3.89571
[05/24 09:16:39] train_acc: 84.356
[05/24 09:17:36] val_5-way-5-shot_acc: 88.582	0.380
[05/24 09:19:03] 
[05/24 09:19:03] epoch 99/150, iter 24750:
[05/24 09:19:03] train_loss: 3.91003
[05/24 09:19:03] train_acc: 83.984
[05/24 09:20:01] val_5-way-5-shot_acc: 88.869	0.389
[05/24 09:21:29] 
[05/24 09:21:29] epoch 100/150, iter 25000:
[05/24 09:21:29] train_loss: 3.90196
[05/24 09:21:29] train_acc: 84.147
[05/24 09:22:26] val_5-way-5-shot_acc: 88.454	0.395
[05/24 09:23:54] 
[05/24 09:23:54] epoch 101/150, iter 25250:
[05/24 09:23:54] train_loss: 3.89804
[05/24 09:23:54] train_acc: 84.175
[05/24 09:24:50] val_5-way-5-shot_acc: 88.126	0.406
[05/24 09:26:19] 
[05/24 09:26:19] epoch 102/150, iter 25500:
[05/24 09:26:19] train_loss: 3.89395
[05/24 09:26:19] train_acc: 84.333
[05/24 09:27:16] val_5-way-5-shot_acc: 88.420	0.395
[05/24 09:28:45] 
[05/24 09:28:45] epoch 103/150, iter 25750:
[05/24 09:28:45] train_loss: 3.89266
[05/24 09:28:45] train_acc: 84.417
[05/24 09:29:42] val_5-way-5-shot_acc: 88.703	0.389
[05/24 09:31:10] 
[05/24 09:31:10] epoch 104/150, iter 26000:
[05/24 09:31:10] train_loss: 3.90460
[05/24 09:31:10] train_acc: 84.085
[05/24 09:32:08] val_5-way-5-shot_acc: 88.017	0.387
[05/24 09:33:36] 
[05/24 09:33:36] epoch 105/150, iter 26250:
[05/24 09:33:36] train_loss: 3.89843
[05/24 09:33:36] train_acc: 84.283
[05/24 09:34:33] val_5-way-5-shot_acc: 88.293	0.402
[05/24 09:36:01] 
[05/24 09:36:01] epoch 106/150, iter 26500:
[05/24 09:36:01] train_loss: 3.89832
[05/24 09:36:01] train_acc: 84.150
[05/24 09:36:58] val_5-way-5-shot_acc: 89.060	0.385
[05/24 09:38:25] 
[05/24 09:38:25] epoch 107/150, iter 26750:
[05/24 09:38:25] train_loss: 3.89925
[05/24 09:38:25] train_acc: 84.383
[05/24 09:39:24] val_5-way-5-shot_acc: 88.118	0.397
[05/24 09:40:52] 
[05/24 09:40:52] epoch 108/150, iter 27000:
[05/24 09:40:52] train_loss: 3.89066
[05/24 09:40:52] train_acc: 84.525
[05/24 09:41:50] val_5-way-5-shot_acc: 88.661	0.396
[05/24 09:43:16] 
[05/24 09:43:16] epoch 109/150, iter 27250:
[05/24 09:43:16] train_loss: 3.89161
[05/24 09:43:16] train_acc: 84.532
[05/24 09:44:14] val_5-way-5-shot_acc: 88.849	0.377
[05/24 09:45:42] 
[05/24 09:45:42] epoch 110/150, iter 27500:
[05/24 09:45:42] train_loss: 3.90035
[05/24 09:45:42] train_acc: 84.308
[05/24 09:46:39] val_5-way-5-shot_acc: 88.237	0.401
[05/24 09:48:06] 
[05/24 09:48:06] epoch 111/150, iter 27750:
[05/24 09:48:06] train_loss: 3.85836
[05/24 09:48:06] train_acc: 85.520
[05/24 09:49:03] val_5-way-5-shot_acc: 89.121	0.404
[05/24 09:50:30] 
[05/24 09:50:30] epoch 112/150, iter 28000:
[05/24 09:50:30] train_loss: 3.83970
[05/24 09:50:30] train_acc: 86.155
[05/24 09:51:28] val_5-way-5-shot_acc: 89.334	0.392
[05/24 09:51:28] BEST!
[05/24 09:52:55] 
[05/24 09:52:55] epoch 113/150, iter 28250:
[05/24 09:52:55] train_loss: 3.82989
[05/24 09:52:55] train_acc: 86.452
[05/24 09:53:52] val_5-way-5-shot_acc: 89.332	0.389
[05/24 09:55:20] 
[05/24 09:55:20] epoch 114/150, iter 28500:
[05/24 09:55:20] train_loss: 3.82952
[05/24 09:55:20] train_acc: 86.415
[05/24 09:56:17] val_5-way-5-shot_acc: 89.079	0.372
[05/24 09:57:45] 
[05/24 09:57:45] epoch 115/150, iter 28750:
[05/24 09:57:45] train_loss: 3.82613
[05/24 09:57:45] train_acc: 86.491
[05/24 09:58:43] val_5-way-5-shot_acc: 89.370	0.372
[05/24 09:58:43] BEST!
[05/24 10:00:09] 
[05/24 10:00:09] epoch 116/150, iter 29000:
[05/24 10:00:09] train_loss: 3.82485
[05/24 10:00:09] train_acc: 86.549
[05/24 10:01:07] val_5-way-5-shot_acc: 89.519	0.396
[05/24 10:01:07] BEST!
[05/24 10:02:33] 
[05/24 10:02:33] epoch 117/150, iter 29250:
[05/24 10:02:33] train_loss: 3.82088
[05/24 10:02:33] train_acc: 86.716
[05/24 10:03:30] val_5-way-5-shot_acc: 89.029	0.383
[05/24 10:04:57] 
[05/24 10:04:57] epoch 118/150, iter 29500:
[05/24 10:04:57] train_loss: 3.81845
[05/24 10:04:57] train_acc: 86.820
[05/24 10:05:55] val_5-way-5-shot_acc: 89.121	0.377
[05/24 10:07:22] 
[05/24 10:07:22] epoch 119/150, iter 29750:
[05/24 10:07:22] train_loss: 3.81868
[05/24 10:07:22] train_acc: 86.833
[05/24 10:08:20] val_5-way-5-shot_acc: 89.065	0.381
[05/24 10:09:47] 
[05/24 10:09:47] epoch 120/150, iter 30000:
[05/24 10:09:47] train_loss: 3.81977
[05/24 10:09:47] train_acc: 86.584
[05/24 10:10:44] val_5-way-5-shot_acc: 88.884	0.382
[05/24 10:12:12] 
[05/24 10:12:12] epoch 121/150, iter 30250:
[05/24 10:12:12] train_loss: 3.81712
[05/24 10:12:12] train_acc: 86.900
[05/24 10:13:10] val_5-way-5-shot_acc: 89.045	0.387
[05/24 10:14:39] 
[05/24 10:14:39] epoch 122/150, iter 30500:
[05/24 10:14:39] train_loss: 3.81349
[05/24 10:14:39] train_acc: 86.960
[05/24 10:15:37] val_5-way-5-shot_acc: 89.359	0.380
[05/24 10:17:04] 
[05/24 10:17:04] epoch 123/150, iter 30750:
[05/24 10:17:04] train_loss: 3.81743
[05/24 10:17:04] train_acc: 86.780
[05/24 10:18:01] val_5-way-5-shot_acc: 89.280	0.390
[05/24 10:19:29] 
[05/24 10:19:29] epoch 124/150, iter 31000:
[05/24 10:19:29] train_loss: 3.81420
[05/24 10:19:29] train_acc: 86.947
[05/24 10:20:26] val_5-way-5-shot_acc: 88.574	0.393
[05/24 10:21:55] 
[05/24 10:21:55] epoch 125/150, iter 31250:
[05/24 10:21:55] train_loss: 3.81532
[05/24 10:21:55] train_acc: 86.892
[05/24 10:22:52] val_5-way-5-shot_acc: 89.069	0.390
[05/24 10:24:20] 
[05/24 10:24:20] epoch 126/150, iter 31500:
[05/24 10:24:20] train_loss: 3.80795
[05/24 10:24:20] train_acc: 87.270
[05/24 10:25:18] val_5-way-5-shot_acc: 88.968	0.395
[05/24 10:26:45] 
[05/24 10:26:45] epoch 127/150, iter 31750:
[05/24 10:26:45] train_loss: 3.81591
[05/24 10:26:45] train_acc: 86.876
[05/24 10:27:43] val_5-way-5-shot_acc: 89.444	0.376
[05/24 10:29:11] 
[05/24 10:29:11] epoch 128/150, iter 32000:
[05/24 10:29:11] train_loss: 3.80698
[05/24 10:29:11] train_acc: 87.200
[05/24 10:30:08] val_5-way-5-shot_acc: 89.149	0.388
[05/24 10:31:37] 
[05/24 10:31:37] epoch 129/150, iter 32250:
[05/24 10:31:37] train_loss: 3.81170
[05/24 10:31:37] train_acc: 87.035
[05/24 10:32:34] val_5-way-5-shot_acc: 88.684	0.401
[05/24 10:34:02] 
[05/24 10:34:02] epoch 130/150, iter 32500:
[05/24 10:34:02] train_loss: 3.80620
[05/24 10:34:02] train_acc: 87.075
[05/24 10:34:59] val_5-way-5-shot_acc: 88.785	0.397
[05/24 10:36:27] 
[05/24 10:36:27] epoch 131/150, iter 32750:
[05/24 10:36:27] train_loss: 3.81293
[05/24 10:36:27] train_acc: 86.993
[05/24 10:37:25] val_5-way-5-shot_acc: 89.084	0.376
[05/24 10:38:52] 
[05/24 10:38:52] epoch 132/150, iter 33000:
[05/24 10:38:52] train_loss: 3.80340
[05/24 10:38:52] train_acc: 87.240
[05/24 10:39:50] val_5-way-5-shot_acc: 89.379	0.392
[05/24 10:41:16] 
[05/24 10:41:16] epoch 133/150, iter 33250:
[05/24 10:41:16] train_loss: 3.80430
[05/24 10:41:16] train_acc: 87.274
[05/24 10:42:13] val_5-way-5-shot_acc: 89.026	0.400
[05/24 10:43:42] 
[05/24 10:43:42] epoch 134/150, iter 33500:
[05/24 10:43:42] train_loss: 3.80978
[05/24 10:43:42] train_acc: 87.076
[05/24 10:44:40] val_5-way-5-shot_acc: 88.894	0.387
[05/24 10:46:09] 
[05/24 10:46:09] epoch 135/150, iter 33750:
[05/24 10:46:09] train_loss: 3.80453
[05/24 10:46:09] train_acc: 87.239
[05/24 10:47:06] val_5-way-5-shot_acc: 89.006	0.382
[05/24 10:48:35] 
[05/24 10:48:35] epoch 136/150, iter 34000:
[05/24 10:48:35] train_loss: 3.80687
[05/24 10:48:35] train_acc: 87.104
[05/24 10:49:31] val_5-way-5-shot_acc: 89.231	0.386
[05/24 10:50:58] 
[05/24 10:50:58] epoch 137/150, iter 34250:
[05/24 10:50:58] train_loss: 3.79523
[05/24 10:50:58] train_acc: 87.662
[05/24 10:51:56] val_5-way-5-shot_acc: 88.870	0.381
[05/24 10:53:25] 
[05/24 10:53:25] epoch 138/150, iter 34500:
[05/24 10:53:25] train_loss: 3.80361
[05/24 10:53:25] train_acc: 87.398
[05/24 10:54:23] val_5-way-5-shot_acc: 88.834	0.421
[05/24 10:55:51] 
[05/24 10:55:51] epoch 139/150, iter 34750:
[05/24 10:55:51] train_loss: 3.80605
[05/24 10:55:51] train_acc: 87.217
[05/24 10:56:48] val_5-way-5-shot_acc: 88.945	0.381
[05/24 10:58:16] 
[05/24 10:58:16] epoch 140/150, iter 35000:
[05/24 10:58:16] train_loss: 3.80382
[05/24 10:58:16] train_acc: 87.263
[05/24 10:59:14] val_5-way-5-shot_acc: 89.215	0.369
[05/24 11:00:42] 
[05/24 11:00:42] epoch 141/150, iter 35250:
[05/24 11:00:42] train_loss: 3.79685
[05/24 11:00:42] train_acc: 87.356
[05/24 11:01:39] val_5-way-5-shot_acc: 89.039	0.387
[05/24 11:03:07] 
[05/24 11:03:07] epoch 142/150, iter 35500:
[05/24 11:03:07] train_loss: 3.80397
[05/24 11:03:07] train_acc: 87.318
[05/24 11:04:05] val_5-way-5-shot_acc: 89.411	0.384
[05/24 11:05:32] 
[05/24 11:05:32] epoch 143/150, iter 35750:
[05/24 11:05:32] train_loss: 3.79510
[05/24 11:05:32] train_acc: 87.649
[05/24 11:06:29] val_5-way-5-shot_acc: 88.986	0.386
[05/24 11:07:55] 
[05/24 11:07:55] epoch 144/150, iter 36000:
[05/24 11:07:55] train_loss: 3.79032
[05/24 11:07:55] train_acc: 87.731
[05/24 11:08:53] val_5-way-5-shot_acc: 88.903	0.396
[05/24 11:10:21] 
[05/24 11:10:21] epoch 145/150, iter 36250:
[05/24 11:10:21] train_loss: 3.79866
[05/24 11:10:21] train_acc: 87.476
[05/24 11:11:18] val_5-way-5-shot_acc: 89.392	0.371
[05/24 11:12:46] 
[05/24 11:12:46] epoch 146/150, iter 36500:
[05/24 11:12:46] train_loss: 3.80457
[05/24 11:12:46] train_acc: 87.339
[05/24 11:13:43] val_5-way-5-shot_acc: 89.156	0.382
[05/24 11:15:11] 
[05/24 11:15:11] epoch 147/150, iter 36750:
[05/24 11:15:11] train_loss: 3.79480
[05/24 11:15:11] train_acc: 87.484
[05/24 11:16:08] val_5-way-5-shot_acc: 88.864	0.398
[05/24 11:17:36] 
[05/24 11:17:36] epoch 148/150, iter 37000:
[05/24 11:17:36] train_loss: 3.80037
[05/24 11:17:36] train_acc: 87.340
[05/24 11:18:34] val_5-way-5-shot_acc: 89.089	0.386
[05/24 11:20:01] 
[05/24 11:20:01] epoch 149/150, iter 37250:
[05/24 11:20:01] train_loss: 3.80060
[05/24 11:20:01] train_acc: 87.381
[05/24 11:20:58] val_5-way-5-shot_acc: 89.266	0.370
[05/24 11:22:26] 
[05/24 11:22:26] epoch 150/150, iter 37500:
[05/24 11:22:26] train_loss: 3.79640
[05/24 11:22:26] train_acc: 87.504
[05/24 11:23:22] val_5-way-5-shot_acc: 88.785	0.396
[05/24 11:23:22] training finished!
[05/24 11:23:22] ------------------------
[05/24 11:23:22] the best epoch is 116/150
[05/24 11:23:22] the best 5-way 5-shot val acc is 89.519
[05/24 11:23:22] ------------------------
[05/24 11:23:22] evaluating on test set:
[05/24 11:24:54] 5-way-1-shot acc: 76.70	0.47
[05/24 11:26:44] 5-way-5-shot acc: 88.66	0.26
