[06/23 11:05:27] display all the hyper-parameters in args:
[06/23 11:05:27] opt: sgd
[06/23 11:05:27] lr: 0.1
[06/23 11:05:27] gamma: 0.1
[06/23 11:05:27] epoch: 130
[06/23 11:05:27] weight_decay: 0.0005
[06/23 11:05:27] gpu: 2
[06/23 11:05:27] seed: 42
[06/23 11:05:27] val_epoch: 1
[06/23 11:05:27] resnet: False
[06/23 11:05:27] nesterov: True
[06/23 11:05:27] pre: False
[06/23 11:05:27] no_val: False
[06/23 11:05:27] train_way: 30
[06/23 11:05:27] test_way: 5
[06/23 11:05:27] train_shot: 5
[06/23 11:05:27] test_shot: [1, 5]
[06/23 11:05:27] train_query_shot: 15
[06/23 11:05:27] test_query_shot: 16
[06/23 11:05:27] train_transform_type: 0
[06/23 11:05:27] test_transform_type: 0
[06/23 11:05:27] val_trial: 1000
[06/23 11:05:27] detailed_name: False
[06/23 11:05:27] dataset: cub_raw
[06/23 11:05:27] alpha: 0.5
[06/23 11:05:27] model: MDF_Net
[06/23 11:05:27] resume: False
[06/23 11:05:27] resume_epoch: 0
[06/23 11:05:27] save_folder: /home/temp/py/model_design/MDF-Net_adjust/experiments/CUB_raw/MDF_Net/Conv-4_5-shot
[06/23 11:05:27] ------------------------
[06/23 11:05:27] start training!
[06/23 11:09:05] 
[06/23 11:09:05] epoch 1/130, iter 250:
[06/23 11:09:05] train_loss: 5.96373
[06/23 11:09:05] train_acc: 13.615
[06/23 11:11:33] val_5-way-5-shot_acc: 61.360	0.620
[06/23 11:11:33] BEST!
[06/23 11:14:36] 
[06/23 11:14:36] epoch 2/130, iter 500:
[06/23 11:14:36] train_loss: 4.81097
[06/23 11:14:36] train_acc: 28.772
[06/23 11:16:45] val_5-way-5-shot_acc: 72.876	0.561
[06/23 11:16:45] BEST!
[06/23 11:19:34] 
[06/23 11:19:34] epoch 3/130, iter 750:
[06/23 11:19:34] train_loss: 4.20786
[06/23 11:19:34] train_acc: 37.876
[06/23 11:21:38] val_5-way-5-shot_acc: 76.487	0.559
[06/23 11:21:38] BEST!
[06/23 11:24:30] 
[06/23 11:24:30] epoch 4/130, iter 1000:
[06/23 11:24:30] train_loss: 3.77292
[06/23 11:24:30] train_acc: 44.055
[06/23 11:26:32] val_5-way-5-shot_acc: 77.554	0.545
[06/23 11:26:32] BEST!
[06/23 11:29:20] 
[06/23 11:29:20] epoch 5/130, iter 1250:
[06/23 11:29:20] train_loss: 3.48322
[06/23 11:29:20] train_acc: 48.924
[06/23 11:31:12] val_5-way-5-shot_acc: 81.611	0.503
[06/23 11:31:12] BEST!
[06/23 11:34:00] 
[06/23 11:34:00] epoch 6/130, iter 1500:
[06/23 11:34:00] train_loss: 3.18749
[06/23 11:34:00] train_acc: 53.654
[06/23 11:36:05] val_5-way-5-shot_acc: 81.459	0.510
[06/23 11:39:00] 
[06/23 11:39:00] epoch 7/130, iter 1750:
[06/23 11:39:00] train_loss: 3.00294
[06/23 11:39:00] train_acc: 56.320
[06/23 11:41:02] val_5-way-5-shot_acc: 82.509	0.475
[06/23 11:41:02] BEST!
[06/23 11:43:51] 
[06/23 11:43:51] epoch 8/130, iter 2000:
[06/23 11:43:51] train_loss: 2.84537
[06/23 11:43:51] train_acc: 59.204
[06/23 11:45:52] val_5-way-5-shot_acc: 84.261	0.466
[06/23 11:45:52] BEST!
[06/23 11:48:40] 
[06/23 11:48:40] epoch 9/130, iter 2250:
[06/23 11:48:40] train_loss: 2.73649
[06/23 11:48:40] train_acc: 60.703
[06/23 11:50:47] val_5-way-5-shot_acc: 83.845	0.479
[06/23 11:53:43] 
[06/23 11:53:43] epoch 10/130, iter 2500:
[06/23 11:53:43] train_loss: 2.59093
[06/23 11:53:43] train_acc: 63.269
[06/23 11:55:44] val_5-way-5-shot_acc: 84.169	0.453
[06/23 11:58:17] 
[06/23 11:58:17] epoch 11/130, iter 2750:
[06/23 11:58:17] train_loss: 2.49901
[06/23 11:58:17] train_acc: 64.449
[06/24 12:00:00] val_5-way-5-shot_acc: 84.441	0.471
[06/24 12:00:00] BEST!
[06/24 12:02:30] 
[06/24 12:02:30] epoch 12/130, iter 3000:
[06/24 12:02:30] train_loss: 2.43724
[06/24 12:02:30] train_acc: 65.681
[06/24 12:04:13] val_5-way-5-shot_acc: 84.946	0.442
[06/24 12:04:14] BEST!
[06/24 12:06:47] 
[06/24 12:06:47] epoch 13/130, iter 3250:
[06/24 12:06:47] train_loss: 2.34949
[06/24 12:06:47] train_acc: 66.954
[06/24 12:08:32] val_5-way-5-shot_acc: 85.316	0.462
[06/24 12:08:32] BEST!
[06/24 12:11:02] 
[06/24 12:11:02] epoch 14/130, iter 3500:
[06/24 12:11:02] train_loss: 2.28465
[06/24 12:11:02] train_acc: 68.248
[06/24 12:12:46] val_5-way-5-shot_acc: 85.743	0.454
[06/24 12:12:46] BEST!
[06/24 12:15:20] 
[06/24 12:15:20] epoch 15/130, iter 3750:
[06/24 12:15:20] train_loss: 2.23348
[06/24 12:15:20] train_acc: 69.163
[06/24 12:17:05] val_5-way-5-shot_acc: 85.835	0.450
[06/24 12:17:05] BEST!
[06/24 12:19:35] 
[06/24 12:19:35] epoch 16/130, iter 4000:
[06/24 12:19:35] train_loss: 2.20573
[06/24 12:19:35] train_acc: 69.555
[06/24 12:21:19] val_5-way-5-shot_acc: 85.005	0.456
[06/24 12:23:52] 
[06/24 12:23:52] epoch 17/130, iter 4250:
[06/24 12:23:52] train_loss: 2.16154
[06/24 12:23:52] train_acc: 70.184
[06/24 12:25:36] val_5-way-5-shot_acc: 86.543	0.422
[06/24 12:25:36] BEST!
[06/24 12:28:10] 
[06/24 12:28:10] epoch 18/130, iter 4500:
[06/24 12:28:10] train_loss: 2.11703
[06/24 12:28:10] train_acc: 71.129
[06/24 12:30:35] val_5-way-5-shot_acc: 85.654	0.445
[06/24 12:34:37] 
[06/24 12:34:37] epoch 19/130, iter 4750:
[06/24 12:34:37] train_loss: 2.10435
[06/24 12:34:37] train_acc: 71.050
[06/24 12:37:41] val_5-way-5-shot_acc: 86.112	0.418
[06/24 12:41:45] 
[06/24 12:41:45] epoch 20/130, iter 5000:
[06/24 12:41:45] train_loss: 2.07534
[06/24 12:41:45] train_acc: 71.689
[06/24 12:44:41] val_5-way-5-shot_acc: 86.645	0.397
[06/24 12:44:41] BEST!
[06/24 12:48:51] 
[06/24 12:48:51] epoch 21/130, iter 5250:
[06/24 12:48:51] train_loss: 2.05906
[06/24 12:48:51] train_acc: 71.581
[06/24 12:51:47] val_5-way-5-shot_acc: 85.547	0.423
[06/24 12:55:40] 
[06/24 12:55:40] epoch 22/130, iter 5500:
[06/24 12:55:40] train_loss: 2.03536
[06/24 12:55:40] train_acc: 72.306
[06/24 12:58:19] val_5-way-5-shot_acc: 85.386	0.442
[06/24 01:01:55] 
[06/24 01:01:55] epoch 23/130, iter 5750:
[06/24 01:01:55] train_loss: 2.02895
[06/24 01:01:55] train_acc: 72.447
[06/24 01:04:37] val_5-way-5-shot_acc: 86.456	0.468
[06/24 01:07:46] 
[06/24 01:07:46] epoch 24/130, iter 6000:
[06/24 01:07:46] train_loss: 1.97263
[06/24 01:07:46] train_acc: 73.215
[06/24 01:09:42] val_5-way-5-shot_acc: 85.914	0.435
[06/24 01:12:33] 
[06/24 01:12:33] epoch 25/130, iter 6250:
[06/24 01:12:33] train_loss: 1.96661
[06/24 01:12:33] train_acc: 73.353
[06/24 01:14:20] val_5-way-5-shot_acc: 86.267	0.452
[06/24 01:17:01] 
[06/24 01:17:01] epoch 26/130, iter 6500:
[06/24 01:17:01] train_loss: 1.93369
[06/24 01:17:01] train_acc: 73.656
[06/24 01:19:11] val_5-way-5-shot_acc: 86.960	0.429
[06/24 01:19:11] BEST!
[06/24 01:22:51] 
[06/24 01:22:51] epoch 27/130, iter 6750:
[06/24 01:22:51] train_loss: 1.94905
[06/24 01:22:51] train_acc: 73.489
[06/24 01:25:47] val_5-way-5-shot_acc: 86.609	0.413
[06/24 01:29:41] 
[06/24 01:29:41] epoch 28/130, iter 7000:
[06/24 01:29:41] train_loss: 1.90078
[06/24 01:29:41] train_acc: 74.514
[06/24 01:32:22] val_5-way-5-shot_acc: 86.779	0.436
[06/24 01:36:07] 
[06/24 01:36:07] epoch 29/130, iter 7250:
[06/24 01:36:07] train_loss: 1.89616
[06/24 01:36:07] train_acc: 74.380
[06/24 01:38:48] val_5-way-5-shot_acc: 86.894	0.437
[06/24 01:42:18] 
[06/24 01:42:18] epoch 30/130, iter 7500:
[06/24 01:42:18] train_loss: 1.89951
[06/24 01:42:18] train_acc: 74.196
[06/24 01:44:59] val_5-way-5-shot_acc: 86.004	0.447
[06/24 01:49:01] 
[06/24 01:49:01] epoch 31/130, iter 7750:
[06/24 01:49:01] train_loss: 1.87576
[06/24 01:49:01] train_acc: 74.780
[06/24 01:51:53] val_5-way-5-shot_acc: 86.639	0.450
[06/24 01:55:58] 
[06/24 01:55:58] epoch 32/130, iter 8000:
[06/24 01:55:58] train_loss: 1.86275
[06/24 01:55:58] train_acc: 75.072
[06/24 01:58:50] val_5-way-5-shot_acc: 87.550	0.417
[06/24 01:58:50] BEST!
[06/24 02:02:25] 
[06/24 02:02:25] epoch 33/130, iter 8250:
[06/24 02:02:25] train_loss: 1.86408
[06/24 02:02:25] train_acc: 74.944
[06/24 02:04:27] val_5-way-5-shot_acc: 87.540	0.407
[06/24 02:07:02] 
[06/24 02:07:02] epoch 34/130, iter 8500:
[06/24 02:07:02] train_loss: 1.84571
[06/24 02:07:02] train_acc: 75.320
[06/24 02:08:59] val_5-way-5-shot_acc: 87.085	0.419
[06/24 02:12:17] 
[06/24 02:12:17] epoch 35/130, iter 8750:
[06/24 02:12:17] train_loss: 1.84477
[06/24 02:12:17] train_acc: 75.295
[06/24 02:14:55] val_5-way-5-shot_acc: 87.809	0.399
[06/24 02:14:55] BEST!
[06/24 02:18:14] 
[06/24 02:18:14] epoch 36/130, iter 9000:
[06/24 02:18:14] train_loss: 1.84628
[06/24 02:18:14] train_acc: 75.255
[06/24 02:20:32] val_5-way-5-shot_acc: 87.254	0.427
[06/24 02:23:52] 
[06/24 02:23:52] epoch 37/130, iter 9250:
[06/24 02:23:52] train_loss: 1.83061
[06/24 02:23:52] train_acc: 75.513
[06/24 02:26:26] val_5-way-5-shot_acc: 86.998	0.438
[06/24 02:29:50] 
[06/24 02:29:50] epoch 38/130, iter 9500:
[06/24 02:29:50] train_loss: 1.80631
[06/24 02:29:50] train_acc: 75.920
[06/24 02:32:10] val_5-way-5-shot_acc: 87.921	0.424
[06/24 02:32:10] BEST!
[06/24 02:35:33] 
[06/24 02:35:33] epoch 39/130, iter 9750:
[06/24 02:35:33] train_loss: 1.83362
[06/24 02:35:33] train_acc: 75.404
[06/24 02:37:54] val_5-way-5-shot_acc: 87.580	0.422
[06/24 02:41:06] 
[06/24 02:41:06] epoch 40/130, iter 10000:
[06/24 02:41:06] train_loss: 1.80955
[06/24 02:41:06] train_acc: 75.717
[06/24 02:43:26] val_5-way-5-shot_acc: 87.161	0.406
[06/24 02:46:33] 
[06/24 02:46:33] epoch 41/130, iter 10250:
[06/24 02:46:33] train_loss: 1.79010
[06/24 02:46:33] train_acc: 76.091
[06/24 02:48:48] val_5-way-5-shot_acc: 87.049	0.431
[06/24 02:51:54] 
[06/24 02:51:54] epoch 42/130, iter 10500:
[06/24 02:51:54] train_loss: 1.80299
[06/24 02:51:54] train_acc: 75.958
[06/24 02:54:02] val_5-way-5-shot_acc: 86.996	0.424
[06/24 02:56:55] 
[06/24 02:56:55] epoch 43/130, iter 10750:
[06/24 02:56:55] train_loss: 1.78548
[06/24 02:56:55] train_acc: 76.194
[06/24 02:58:45] val_5-way-5-shot_acc: 87.146	0.423
[06/24 03:01:25] 
[06/24 03:01:25] epoch 44/130, iter 11000:
[06/24 03:01:25] train_loss: 1.78905
[06/24 03:01:25] train_acc: 75.925
[06/24 03:03:09] val_5-way-5-shot_acc: 86.567	0.423
[06/24 03:05:40] 
[06/24 03:05:40] epoch 45/130, iter 11250:
[06/24 03:05:40] train_loss: 1.76793
[06/24 03:05:40] train_acc: 76.597
[06/24 03:07:24] val_5-way-5-shot_acc: 87.235	0.420
[06/24 03:09:52] 
[06/24 03:09:52] epoch 46/130, iter 11500:
[06/24 03:09:52] train_loss: 1.75503
[06/24 03:09:52] train_acc: 76.562
[06/24 03:11:34] val_5-way-5-shot_acc: 87.250	0.423
[06/24 03:14:04] 
[06/24 03:14:04] epoch 47/130, iter 11750:
[06/24 03:14:04] train_loss: 1.73593
[06/24 03:14:04] train_acc: 77.056
[06/24 03:15:47] val_5-way-5-shot_acc: 87.520	0.414
[06/24 03:18:22] 
[06/24 03:18:22] epoch 48/130, iter 12000:
[06/24 03:18:22] train_loss: 1.78140
[06/24 03:18:22] train_acc: 75.984
[06/24 03:20:06] val_5-way-5-shot_acc: 85.770	0.436
[06/24 03:22:36] 
[06/24 03:22:36] epoch 49/130, iter 12250:
[06/24 03:22:36] train_loss: 1.76060
[06/24 03:22:36] train_acc: 76.460
[06/24 03:24:20] val_5-way-5-shot_acc: 87.127	0.430
[06/24 03:26:50] 
[06/24 03:26:50] epoch 50/130, iter 12500:
[06/24 03:26:50] train_loss: 1.75203
[06/24 03:26:50] train_acc: 76.412
[06/24 03:28:34] val_5-way-5-shot_acc: 88.047	0.402
[06/24 03:28:34] BEST!
[06/24 03:31:06] 
[06/24 03:31:06] epoch 51/130, iter 12750:
[06/24 03:31:06] train_loss: 1.72905
[06/24 03:31:06] train_acc: 77.260
[06/24 03:32:50] val_5-way-5-shot_acc: 88.039	0.407
[06/24 03:35:22] 
[06/24 03:35:22] epoch 52/130, iter 13000:
[06/24 03:35:22] train_loss: 1.74642
[06/24 03:35:22] train_acc: 76.758
[06/24 03:37:08] val_5-way-5-shot_acc: 88.359	0.433
[06/24 03:37:08] BEST!
[06/24 03:39:40] 
[06/24 03:39:40] epoch 53/130, iter 13250:
[06/24 03:39:40] train_loss: 1.74974
[06/24 03:39:40] train_acc: 76.869
[06/24 03:41:24] val_5-way-5-shot_acc: 87.244	0.429
[06/24 03:43:55] 
[06/24 03:43:55] epoch 54/130, iter 13500:
[06/24 03:43:55] train_loss: 1.72550
[06/24 03:43:55] train_acc: 77.012
[06/24 03:45:40] val_5-way-5-shot_acc: 87.082	0.417
[06/24 03:48:13] 
[06/24 03:48:13] epoch 55/130, iter 13750:
[06/24 03:48:13] train_loss: 1.71381
[06/24 03:48:13] train_acc: 77.180
[06/24 03:49:57] val_5-way-5-shot_acc: 87.459	0.420
[06/24 03:52:29] 
[06/24 03:52:29] epoch 56/130, iter 14000:
[06/24 03:52:29] train_loss: 1.72544
[06/24 03:52:29] train_acc: 76.980
[06/24 03:54:14] val_5-way-5-shot_acc: 87.655	0.403
[06/24 03:56:46] 
[06/24 03:56:46] epoch 57/130, iter 14250:
[06/24 03:56:46] train_loss: 1.71160
[06/24 03:56:46] train_acc: 77.233
[06/24 03:58:30] val_5-way-5-shot_acc: 87.382	0.406
[06/24 04:01:02] 
[06/24 04:01:02] epoch 58/130, iter 14500:
[06/24 04:01:02] train_loss: 1.73502
[06/24 04:01:02] train_acc: 76.982
[06/24 04:02:47] val_5-way-5-shot_acc: 87.754	0.421
[06/24 04:05:19] 
[06/24 04:05:19] epoch 59/130, iter 14750:
[06/24 04:05:19] train_loss: 1.70932
[06/24 04:05:19] train_acc: 77.419
[06/24 04:07:02] val_5-way-5-shot_acc: 86.675	0.430
[06/24 04:09:34] 
[06/24 04:09:34] epoch 60/130, iter 15000:
[06/24 04:09:34] train_loss: 1.71211
[06/24 04:09:34] train_acc: 77.335
[06/24 04:11:17] val_5-way-5-shot_acc: 88.149	0.409
[06/24 04:13:47] 
[06/24 04:13:47] epoch 61/130, iter 15250:
[06/24 04:13:47] train_loss: 1.67947
[06/24 04:13:47] train_acc: 77.673
[06/24 04:15:31] val_5-way-5-shot_acc: 87.594	0.420
[06/24 04:17:59] 
[06/24 04:17:59] epoch 62/130, iter 15500:
[06/24 04:17:59] train_loss: 1.68832
[06/24 04:17:59] train_acc: 77.634
[06/24 04:19:43] val_5-way-5-shot_acc: 86.810	0.416
[06/24 04:22:13] 
[06/24 04:22:13] epoch 63/130, iter 15750:
[06/24 04:22:13] train_loss: 1.68758
[06/24 04:22:13] train_acc: 77.531
[06/24 04:23:58] val_5-way-5-shot_acc: 88.041	0.431
[06/24 04:26:29] 
[06/24 04:26:29] epoch 64/130, iter 16000:
[06/24 04:26:29] train_loss: 1.68587
[06/24 04:26:29] train_acc: 77.871
[06/24 04:28:13] val_5-way-5-shot_acc: 86.765	0.426
[06/24 04:30:44] 
[06/24 04:30:44] epoch 65/130, iter 16250:
[06/24 04:30:44] train_loss: 1.68626
[06/24 04:30:44] train_acc: 77.568
[06/24 04:32:29] val_5-way-5-shot_acc: 87.561	0.417
[06/24 04:34:58] 
[06/24 04:34:58] epoch 66/130, iter 16500:
[06/24 04:34:58] train_loss: 1.69305
[06/24 04:34:58] train_acc: 77.597
[06/24 04:36:43] val_5-way-5-shot_acc: 86.405	0.448
[06/24 04:39:14] 
[06/24 04:39:14] epoch 67/130, iter 16750:
[06/24 04:39:14] train_loss: 1.69456
[06/24 04:39:14] train_acc: 77.631
[06/24 04:40:58] val_5-way-5-shot_acc: 87.485	0.419
[06/24 04:43:30] 
[06/24 04:43:30] epoch 68/130, iter 17000:
[06/24 04:43:30] train_loss: 1.68229
[06/24 04:43:30] train_acc: 77.828
[06/24 04:45:14] val_5-way-5-shot_acc: 87.939	0.406
[06/24 04:47:49] 
[06/24 04:47:49] epoch 69/130, iter 17250:
[06/24 04:47:49] train_loss: 1.67232
[06/24 04:47:49] train_acc: 77.863
[06/24 04:49:33] val_5-way-5-shot_acc: 88.237	0.394
[06/24 04:52:06] 
[06/24 04:52:06] epoch 70/130, iter 17500:
[06/24 04:52:06] train_loss: 1.67674
[06/24 04:52:06] train_acc: 77.810
[06/24 04:53:51] val_5-way-5-shot_acc: 87.524	0.400
[06/24 04:56:21] 
[06/24 04:56:21] epoch 71/130, iter 17750:
[06/24 04:56:21] train_loss: 1.32876
[06/24 04:56:21] train_acc: 82.035
[06/24 04:58:06] val_5-way-5-shot_acc: 89.845	0.395
[06/24 04:58:06] BEST!
[06/24 05:00:36] 
[06/24 05:00:36] epoch 72/130, iter 18000:
[06/24 05:00:36] train_loss: 1.22623
[06/24 05:00:36] train_acc: 83.276
[06/24 05:02:20] val_5-way-5-shot_acc: 89.442	0.394
[06/24 05:04:54] 
[06/24 05:04:54] epoch 73/130, iter 18250:
[06/24 05:04:54] train_loss: 1.18921
[06/24 05:04:54] train_acc: 83.903
[06/24 05:06:38] val_5-way-5-shot_acc: 89.971	0.381
[06/24 05:06:38] BEST!
[06/24 05:09:09] 
[06/24 05:09:09] epoch 74/130, iter 18500:
[06/24 05:09:09] train_loss: 1.14972
[06/24 05:09:09] train_acc: 84.463
[06/24 05:10:54] val_5-way-5-shot_acc: 90.112	0.382
[06/24 05:10:54] BEST!
[06/24 05:13:27] 
[06/24 05:13:27] epoch 75/130, iter 18750:
[06/24 05:13:27] train_loss: 1.12964
[06/24 05:13:27] train_acc: 84.665
[06/24 05:15:11] val_5-way-5-shot_acc: 90.304	0.383
[06/24 05:15:11] BEST!
[06/24 05:17:41] 
[06/24 05:17:41] epoch 76/130, iter 19000:
[06/24 05:17:41] train_loss: 1.11321
[06/24 05:17:41] train_acc: 84.869
[06/24 05:19:22] val_5-way-5-shot_acc: 90.590	0.347
[06/24 05:19:22] BEST!
[06/24 05:21:51] 
[06/24 05:21:51] epoch 77/130, iter 19250:
[06/24 05:21:51] train_loss: 1.10576
[06/24 05:21:51] train_acc: 85.047
[06/24 05:23:35] val_5-way-5-shot_acc: 90.430	0.377
[06/24 05:26:04] 
[06/24 05:26:04] epoch 78/130, iter 19500:
[06/24 05:26:04] train_loss: 1.09336
[06/24 05:26:04] train_acc: 85.357
[06/24 05:27:46] val_5-way-5-shot_acc: 90.171	0.381
[06/24 05:30:16] 
[06/24 05:30:16] epoch 79/130, iter 19750:
[06/24 05:30:16] train_loss: 1.08040
[06/24 05:30:16] train_acc: 85.521
[06/24 05:32:00] val_5-way-5-shot_acc: 90.000	0.388
[06/24 05:34:30] 
[06/24 05:34:30] epoch 80/130, iter 20000:
[06/24 05:34:30] train_loss: 1.06835
[06/24 05:34:30] train_acc: 85.751
[06/24 05:36:15] val_5-way-5-shot_acc: 90.395	0.361
[06/24 05:38:45] 
[06/24 05:38:45] epoch 81/130, iter 20250:
[06/24 05:38:45] train_loss: 1.06329
[06/24 05:38:45] train_acc: 85.827
[06/24 05:40:29] val_5-way-5-shot_acc: 90.119	0.377
[06/24 05:42:59] 
[06/24 05:42:59] epoch 82/130, iter 20500:
[06/24 05:42:59] train_loss: 1.05738
[06/24 05:42:59] train_acc: 85.943
[06/24 05:44:44] val_5-way-5-shot_acc: 90.079	0.378
[06/24 05:47:13] 
[06/24 05:47:13] epoch 83/130, iter 20750:
[06/24 05:47:13] train_loss: 1.05687
[06/24 05:47:13] train_acc: 85.933
[06/24 05:48:59] val_5-way-5-shot_acc: 90.264	0.381
[06/24 05:51:29] 
[06/24 05:51:29] epoch 84/130, iter 21000:
[06/24 05:51:29] train_loss: 1.05265
[06/24 05:51:29] train_acc: 85.962
[06/24 05:53:14] val_5-way-5-shot_acc: 90.335	0.373
[06/24 05:55:43] 
[06/24 05:55:43] epoch 85/130, iter 21250:
[06/24 05:55:43] train_loss: 1.04218
[06/24 05:55:43] train_acc: 86.233
[06/24 05:57:28] val_5-way-5-shot_acc: 89.844	0.387
[06/24 06:00:02] 
[06/24 06:00:02] epoch 86/130, iter 21500:
[06/24 06:00:02] train_loss: 1.03644
[06/24 06:00:02] train_acc: 86.288
[06/24 06:01:47] val_5-way-5-shot_acc: 90.051	0.377
[06/24 06:04:16] 
[06/24 06:04:16] epoch 87/130, iter 21750:
[06/24 06:04:16] train_loss: 1.03969
[06/24 06:04:16] train_acc: 86.209
[06/24 06:05:58] val_5-way-5-shot_acc: 90.047	0.385
[06/24 06:08:27] 
[06/24 06:08:27] epoch 88/130, iter 22000:
[06/24 06:08:27] train_loss: 1.04555
[06/24 06:08:27] train_acc: 86.263
[06/24 06:10:12] val_5-way-5-shot_acc: 89.755	0.378
[06/24 06:12:46] 
[06/24 06:12:46] epoch 89/130, iter 22250:
[06/24 06:12:46] train_loss: 1.03798
[06/24 06:12:46] train_acc: 86.252
[06/24 06:14:30] val_5-way-5-shot_acc: 90.130	0.371
[06/24 06:17:03] 
[06/24 06:17:03] epoch 90/130, iter 22500:
[06/24 06:17:03] train_loss: 1.02516
[06/24 06:17:03] train_acc: 86.500
[06/24 06:18:47] val_5-way-5-shot_acc: 90.396	0.385
[06/24 06:21:17] 
[06/24 06:21:17] epoch 91/130, iter 22750:
[06/24 06:21:17] train_loss: 1.03313
[06/24 06:21:17] train_acc: 86.540
[06/24 06:23:01] val_5-way-5-shot_acc: 90.213	0.374
[06/24 06:25:36] 
[06/24 06:25:36] epoch 92/130, iter 23000:
[06/24 06:25:36] train_loss: 1.01848
[06/24 06:25:36] train_acc: 86.611
[06/24 06:27:20] val_5-way-5-shot_acc: 89.969	0.378
[06/24 06:29:49] 
[06/24 06:29:49] epoch 93/130, iter 23250:
[06/24 06:29:49] train_loss: 1.03206
[06/24 06:29:49] train_acc: 86.500
[06/24 06:31:33] val_5-way-5-shot_acc: 90.618	0.366
[06/24 06:31:34] BEST!
[06/24 06:34:03] 
[06/24 06:34:03] epoch 94/130, iter 23500:
[06/24 06:34:03] train_loss: 1.01315
[06/24 06:34:03] train_acc: 86.799
[06/24 06:35:48] val_5-way-5-shot_acc: 90.310	0.373
[06/24 06:38:18] 
[06/24 06:38:18] epoch 95/130, iter 23750:
[06/24 06:38:18] train_loss: 1.01940
[06/24 06:38:18] train_acc: 86.650
[06/24 06:40:01] val_5-way-5-shot_acc: 89.968	0.389
[06/24 06:42:34] 
[06/24 06:42:34] epoch 96/130, iter 24000:
[06/24 06:42:34] train_loss: 1.02393
[06/24 06:42:34] train_acc: 86.398
[06/24 06:44:20] val_5-way-5-shot_acc: 90.191	0.377
[06/24 06:46:52] 
[06/24 06:46:52] epoch 97/130, iter 24250:
[06/24 06:46:52] train_loss: 1.00695
[06/24 06:46:52] train_acc: 86.889
[06/24 06:48:35] val_5-way-5-shot_acc: 90.280	0.383
[06/24 06:51:07] 
[06/24 06:51:07] epoch 98/130, iter 24500:
[06/24 06:51:07] train_loss: 1.00170
[06/24 06:51:07] train_acc: 87.019
[06/24 06:52:51] val_5-way-5-shot_acc: 90.621	0.360
[06/24 06:52:51] BEST!
[06/24 06:55:23] 
[06/24 06:55:23] epoch 99/130, iter 24750:
[06/24 06:55:23] train_loss: 1.02149
[06/24 06:55:23] train_acc: 86.717
[06/24 06:57:16] val_5-way-5-shot_acc: 90.498	0.368
[06/24 06:59:50] 
[06/24 06:59:50] epoch 100/130, iter 25000:
[06/24 06:59:50] train_loss: 1.01290
[06/24 06:59:50] train_acc: 86.821
[06/24 07:01:35] val_5-way-5-shot_acc: 90.226	0.368
[06/24 07:04:06] 
[06/24 07:04:06] epoch 101/130, iter 25250:
[06/24 07:04:06] train_loss: 0.96900
[06/24 07:04:06] train_acc: 87.312
[06/24 07:05:47] val_5-way-5-shot_acc: 90.291	0.387
[06/24 07:08:20] 
[06/24 07:08:20] epoch 102/130, iter 25500:
[06/24 07:08:20] train_loss: 0.93383
[06/24 07:08:20] train_acc: 87.829
[06/24 07:10:05] val_5-way-5-shot_acc: 90.615	0.373
[06/24 07:12:36] 
[06/24 07:12:36] epoch 103/130, iter 25750:
[06/24 07:12:36] train_loss: 0.93110
[06/24 07:12:36] train_acc: 87.776
[06/24 07:14:22] val_5-way-5-shot_acc: 90.510	0.353
[06/24 07:17:42] 
[06/24 07:17:42] epoch 104/130, iter 26000:
[06/24 07:17:42] train_loss: 0.91579
[06/24 07:17:42] train_acc: 87.977
[06/24 07:19:52] val_5-way-5-shot_acc: 90.338	0.365
[06/24 07:22:55] 
[06/24 07:22:55] epoch 105/130, iter 26250:
[06/24 07:22:55] train_loss: 0.91513
[06/24 07:22:55] train_acc: 87.972
[06/24 07:25:06] val_5-way-5-shot_acc: 90.110	0.398
[06/24 07:28:05] 
[06/24 07:28:05] epoch 106/130, iter 26500:
[06/24 07:28:05] train_loss: 0.91004
[06/24 07:28:05] train_acc: 88.010
[06/24 07:30:00] val_5-way-5-shot_acc: 90.769	0.375
[06/24 07:30:01] BEST!
[06/24 07:33:10] 
[06/24 07:33:10] epoch 107/130, iter 26750:
[06/24 07:33:10] train_loss: 0.92476
[06/24 07:33:10] train_acc: 87.812
[06/24 07:35:27] val_5-way-5-shot_acc: 90.234	0.370
[06/24 07:38:33] 
[06/24 07:38:33] epoch 108/130, iter 27000:
[06/24 07:38:33] train_loss: 0.90751
[06/24 07:38:33] train_acc: 88.050
[06/24 07:40:44] val_5-way-5-shot_acc: 90.750	0.373
[06/24 07:43:47] 
[06/24 07:43:47] epoch 109/130, iter 27250:
[06/24 07:43:47] train_loss: 0.90487
[06/24 07:43:47] train_acc: 88.115
[06/24 07:45:34] val_5-way-5-shot_acc: 90.524	0.376
[06/24 07:48:05] 
[06/24 07:48:05] epoch 110/130, iter 27500:
[06/24 07:48:05] train_loss: 0.90971
[06/24 07:48:05] train_acc: 88.100
[06/24 07:49:48] val_5-way-5-shot_acc: 90.127	0.387
[06/24 07:52:20] 
[06/24 07:52:20] epoch 111/130, iter 27750:
[06/24 07:52:20] train_loss: 0.89166
[06/24 07:52:20] train_acc: 88.357
[06/24 07:54:28] val_5-way-5-shot_acc: 90.259	0.390
[06/24 07:57:34] 
[06/24 07:57:34] epoch 112/130, iter 28000:
[06/24 07:57:34] train_loss: 0.90950
[06/24 07:57:34] train_acc: 88.051
[06/24 07:59:45] val_5-way-5-shot_acc: 90.594	0.383
[06/24 08:02:33] 
[06/24 08:02:33] epoch 113/130, iter 28250:
[06/24 08:02:33] train_loss: 0.89443
[06/24 08:02:33] train_acc: 88.174
[06/24 08:04:17] val_5-way-5-shot_acc: 90.502	0.381
[06/24 08:06:47] 
[06/24 08:06:47] epoch 114/130, iter 28500:
[06/24 08:06:47] train_loss: 0.89698
[06/24 08:06:47] train_acc: 88.228
[06/24 08:08:58] val_5-way-5-shot_acc: 90.200	0.362
[06/24 08:12:00] 
[06/24 08:12:00] epoch 115/130, iter 28750:
[06/24 08:12:00] train_loss: 0.90265
[06/24 08:12:00] train_acc: 88.062
[06/24 08:14:10] val_5-way-5-shot_acc: 90.530	0.366
[06/24 08:17:18] 
[06/24 08:17:18] epoch 116/130, iter 29000:
[06/24 08:17:18] train_loss: 0.90869
[06/24 08:17:18] train_acc: 88.158
[06/24 08:19:27] val_5-way-5-shot_acc: 90.507	0.391
[06/24 08:22:23] 
[06/24 08:22:23] epoch 117/130, iter 29250:
[06/24 08:22:23] train_loss: 0.89866
[06/24 08:22:23] train_acc: 88.234
[06/24 08:24:28] val_5-way-5-shot_acc: 90.649	0.361
[06/24 08:27:10] 
[06/24 08:27:10] epoch 118/130, iter 29500:
[06/24 08:27:10] train_loss: 0.89310
[06/24 08:27:10] train_acc: 88.280
[06/24 08:29:25] val_5-way-5-shot_acc: 90.207	0.377
[06/24 08:32:27] 
[06/24 08:32:27] epoch 119/130, iter 29750:
[06/24 08:32:27] train_loss: 0.88371
[06/24 08:32:27] train_acc: 88.320
[06/24 08:34:38] val_5-way-5-shot_acc: 90.641	0.360
[06/24 08:37:04] 
[06/24 08:37:04] epoch 120/130, iter 30000:
[06/24 08:37:04] train_loss: 0.89334
[06/24 08:37:04] train_acc: 88.235
[06/24 08:38:43] val_5-way-5-shot_acc: 90.391	0.377
[06/24 08:41:52] 
[06/24 08:41:52] epoch 121/130, iter 30250:
[06/24 08:41:52] train_loss: 0.89165
[06/24 08:41:52] train_acc: 88.403
[06/24 08:43:57] val_5-way-5-shot_acc: 90.662	0.367
[06/24 08:46:49] 
[06/24 08:46:49] epoch 122/130, iter 30500:
[06/24 08:46:49] train_loss: 0.88278
[06/24 08:46:49] train_acc: 88.485
[06/24 08:48:54] val_5-way-5-shot_acc: 90.634	0.371
[06/24 08:51:23] 
[06/24 08:51:23] epoch 123/130, iter 30750:
[06/24 08:51:23] train_loss: 0.88774
[06/24 08:51:23] train_acc: 88.378
[06/24 08:53:05] val_5-way-5-shot_acc: 90.495	0.376
[06/24 08:55:35] 
[06/24 08:55:35] epoch 124/130, iter 31000:
[06/24 08:55:35] train_loss: 0.89473
[06/24 08:55:35] train_acc: 88.341
[06/24 08:57:17] val_5-way-5-shot_acc: 90.361	0.389
[06/24 08:59:45] 
[06/24 08:59:45] epoch 125/130, iter 31250:
[06/24 08:59:45] train_loss: 0.88279
[06/24 08:59:45] train_acc: 88.556
[06/24 09:01:29] val_5-way-5-shot_acc: 90.317	0.385
[06/24 09:03:59] 
[06/24 09:03:59] epoch 126/130, iter 31500:
[06/24 09:03:59] train_loss: 0.89548
[06/24 09:03:59] train_acc: 88.271
[06/24 09:05:42] val_5-way-5-shot_acc: 90.455	0.374
[06/24 09:08:16] 
[06/24 09:08:16] epoch 127/130, iter 31750:
[06/24 09:08:16] train_loss: 0.88613
[06/24 09:08:16] train_acc: 88.372
[06/24 09:10:00] val_5-way-5-shot_acc: 90.734	0.371
[06/24 09:12:30] 
[06/24 09:12:30] epoch 128/130, iter 32000:
[06/24 09:12:30] train_loss: 0.87982
[06/24 09:12:30] train_acc: 88.535
[06/24 09:14:13] val_5-way-5-shot_acc: 90.330	0.390
[06/24 09:16:42] 
[06/24 09:16:42] epoch 129/130, iter 32250:
[06/24 09:16:42] train_loss: 0.88794
[06/24 09:16:42] train_acc: 88.377
[06/24 09:18:24] val_5-way-5-shot_acc: 90.125	0.391
[06/24 09:20:55] 
[06/24 09:20:55] epoch 130/130, iter 32500:
[06/24 09:20:55] train_loss: 0.89865
[06/24 09:20:55] train_acc: 88.207
[06/24 09:22:39] val_5-way-5-shot_acc: 90.062	0.392
[06/24 09:22:39] training finished!
[06/24 09:22:39] ------------------------
[06/24 09:22:39] the best epoch is 106/130
[06/24 09:22:39] the best 5-way 5-shot val acc is 90.769
[06/24 09:22:39] ------------------------
[06/24 09:22:39] evaluating on test set:
[06/24 09:25:30] 5-way-1-shot acc: 79.94	0.45
[06/24 09:28:56] 5-way-5-shot acc: 89.78	0.27
