[12/23 09:34:05] display all the hyper-parameters in args:
[12/23 09:34:05] opt: sgd
[12/23 09:34:05] lr: 0.1
[12/23 09:34:05] gamma: 0.1
[12/23 09:34:05] epoch: 150
[12/23 09:34:05] weight_decay: 0.0005
[12/23 09:34:05] gpu: 1
[12/23 09:34:05] seed: 42
[12/23 09:34:05] val_epoch: 1
[12/23 09:34:05] resnet: False
[12/23 09:34:05] nesterov: True
[12/23 09:34:05] pre: False
[12/23 09:34:05] no_val: False
[12/23 09:34:05] train_way: 30
[12/23 09:34:05] test_way: 5
[12/23 09:34:05] train_shot: 5
[12/23 09:34:05] test_shot: [1, 5]
[12/23 09:34:05] train_query_shot: 15
[12/23 09:34:05] test_query_shot: 16
[12/23 09:34:05] train_transform_type: 0
[12/23 09:34:05] test_transform_type: 0
[12/23 09:34:05] val_trial: 1000
[12/23 09:34:05] detailed_name: False
[12/23 09:34:05] dataset: stanford_dog
[12/23 09:34:05] alpha: 0.5
[12/23 09:34:05] model: C2_Net
[12/23 09:34:05] resume: False
[12/23 09:34:05] resume_epoch: 0
[12/23 09:34:05] save_folder: /home/temp/py/MDF-Net/experiments/StanfordDog/C2_Net/Conv-4_5-shot
[12/23 09:34:05] ------------------------
[12/23 09:34:05] start training!
