[06/26 03:59:39] display all the hyper-parameters in args:
[06/26 03:59:39] opt: sgd
[06/26 03:59:39] lr: 0.1
[06/26 03:59:39] gamma: 0.1
[06/26 03:59:39] epoch: 130
[06/26 03:59:39] weight_decay: 0.0005
[06/26 03:59:39] gpu: 3
[06/26 03:59:39] seed: 42
[06/26 03:59:39] val_epoch: 1
[06/26 03:59:39] resnet: True
[06/26 03:59:39] nesterov: True
[06/26 03:59:39] pre: False
[06/26 03:59:39] no_val: False
[06/26 03:59:39] train_way: 20
[06/26 03:59:39] test_way: 5
[06/26 03:59:39] train_shot: 5
[06/26 03:59:39] test_shot: [1, 5]
[06/26 03:59:39] train_query_shot: 7
[06/26 03:59:39] test_query_shot: 16
[06/26 03:59:39] train_transform_type: 0
[06/26 03:59:39] test_transform_type: 0
[06/26 03:59:39] val_trial: 1000
[06/26 03:59:39] detailed_name: False
[06/26 03:59:39] dataset: stanford_car
[06/26 03:59:39] alpha: 0.5
[06/26 03:59:39] model: MDF_Net
[06/26 03:59:39] resume: False
[06/26 03:59:39] resume_epoch: 0
[06/26 03:59:39] save_folder: /home/temp/py/model_design/MDF-Net_adjust/experiments/StanfordCar/MDF_Net/ResNet-12_5-shot
[06/26 03:59:39] ------------------------
[06/26 03:59:40] start training!
[06/26 04:01:35] 
[06/26 04:01:35] epoch 1/130, iter 250:
[06/26 04:01:35] train_loss: 5.84458
[06/26 04:01:35] train_acc: 9.829
[06/26 04:05:12] val_5-way-5-shot_acc: 35.504	0.651
[06/26 04:05:12] BEST!
[06/26 04:07:04] 
[06/26 04:07:04] epoch 2/130, iter 500:
[06/26 04:07:04] train_loss: 5.74785
[06/26 04:07:04] train_acc: 11.974
[06/26 04:10:43] val_5-way-5-shot_acc: 37.127	0.617
[06/26 04:10:44] BEST!
[06/26 04:12:35] 
[06/26 04:12:35] epoch 3/130, iter 750:
[06/26 04:12:35] train_loss: 5.65904
[06/26 04:12:35] train_acc: 13.717
[06/26 04:16:10] val_5-way-5-shot_acc: 39.769	0.608
[06/26 04:16:10] BEST!
[06/26 04:18:03] 
[06/26 04:18:03] epoch 4/130, iter 1000:
[06/26 04:18:03] train_loss: 5.50597
[06/26 04:18:03] train_acc: 16.120
[06/26 04:21:34] val_5-way-5-shot_acc: 46.320	0.584
[06/26 04:21:35] BEST!
[06/26 04:23:24] 
[06/26 04:23:24] epoch 5/130, iter 1250:
[06/26 04:23:24] train_loss: 5.00691
[06/26 04:23:24] train_acc: 22.934
[06/26 04:26:48] val_5-way-5-shot_acc: 57.424	0.562
[06/26 04:26:48] BEST!
[06/26 04:28:38] 
[06/26 04:28:38] epoch 6/130, iter 1500:
[06/26 04:28:38] train_loss: 4.51584
[06/26 04:28:38] train_acc: 29.523
[06/26 04:32:07] val_5-way-5-shot_acc: 66.455	0.571
[06/26 04:32:08] BEST!
[06/26 04:33:59] 
[06/26 04:33:59] epoch 7/130, iter 1750:
[06/26 04:33:59] train_loss: 4.02220
[06/26 04:33:59] train_acc: 37.274
[06/26 04:37:26] val_5-way-5-shot_acc: 71.248	0.564
[06/26 04:37:27] BEST!
[06/26 04:39:17] 
[06/26 04:39:17] epoch 8/130, iter 2000:
[06/26 04:39:17] train_loss: 3.56713
[06/26 04:39:17] train_acc: 44.514
[06/26 04:42:46] val_5-way-5-shot_acc: 75.868	0.523
[06/26 04:42:47] BEST!
[06/26 04:44:37] 
[06/26 04:44:37] epoch 9/130, iter 2250:
[06/26 04:44:37] train_loss: 3.19005
[06/26 04:44:37] train_acc: 50.509
[06/26 04:48:04] val_5-way-5-shot_acc: 78.121	0.471
[06/26 04:48:04] BEST!
[06/26 04:49:54] 
[06/26 04:49:54] epoch 10/130, iter 2500:
[06/26 04:49:54] train_loss: 2.91691
[06/26 04:49:54] train_acc: 54.386
[06/26 04:53:17] val_5-way-5-shot_acc: 80.614	0.526
[06/26 04:53:17] BEST!
[06/26 04:55:06] 
[06/26 04:55:06] epoch 11/130, iter 2750:
[06/26 04:55:06] train_loss: 2.73292
[06/26 04:55:06] train_acc: 57.263
[06/26 04:58:32] val_5-way-5-shot_acc: 81.815	0.494
[06/26 04:58:33] BEST!
[06/26 05:00:23] 
[06/26 05:00:23] epoch 12/130, iter 3000:
[06/26 05:00:23] train_loss: 2.53956
[06/26 05:00:23] train_acc: 60.637
[06/26 05:03:50] val_5-way-5-shot_acc: 83.406	0.484
[06/26 05:03:51] BEST!
[06/26 05:05:41] 
[06/26 05:05:41] epoch 13/130, iter 3250:
[06/26 05:05:41] train_loss: 2.41043
[06/26 05:05:41] train_acc: 62.817
[06/26 05:09:11] val_5-way-5-shot_acc: 83.317	0.482
[06/26 05:11:00] 
[06/26 05:11:00] epoch 14/130, iter 3500:
[06/26 05:11:00] train_loss: 2.24795
[06/26 05:11:00] train_acc: 65.443
[06/26 05:14:25] val_5-way-5-shot_acc: 83.291	0.477
[06/26 05:16:15] 
[06/26 05:16:15] epoch 15/130, iter 3750:
[06/26 05:16:15] train_loss: 2.23991
[06/26 05:16:15] train_acc: 65.734
[06/26 05:19:46] val_5-way-5-shot_acc: 85.710	0.425
[06/26 05:19:47] BEST!
[06/26 05:21:38] 
[06/26 05:21:38] epoch 16/130, iter 4000:
[06/26 05:21:38] train_loss: 2.14279
[06/26 05:21:38] train_acc: 67.343
[06/26 05:25:08] val_5-way-5-shot_acc: 82.864	0.503
[06/26 05:26:58] 
[06/26 05:26:58] epoch 17/130, iter 4250:
[06/26 05:26:58] train_loss: 2.05281
[06/26 05:26:58] train_acc: 69.077
[06/26 05:30:32] val_5-way-5-shot_acc: 85.179	0.470
[06/26 05:32:24] 
[06/26 05:32:24] epoch 18/130, iter 4500:
[06/26 05:32:24] train_loss: 1.95210
[06/26 05:32:24] train_acc: 70.611
[06/26 05:35:50] val_5-way-5-shot_acc: 85.474	0.469
[06/26 05:37:39] 
[06/26 05:37:39] epoch 19/130, iter 4750:
[06/26 05:37:39] train_loss: 1.90888
[06/26 05:37:39] train_acc: 71.071
[06/26 05:41:10] val_5-way-5-shot_acc: 85.377	0.446
[06/26 05:43:00] 
[06/26 05:43:00] epoch 20/130, iter 5000:
[06/26 05:43:00] train_loss: 1.93236
[06/26 05:43:00] train_acc: 71.231
[06/26 05:46:34] val_5-way-5-shot_acc: 86.006	0.410
[06/26 05:46:35] BEST!
[06/26 05:48:25] 
[06/26 05:48:25] epoch 21/130, iter 5250:
[06/26 05:48:25] train_loss: 1.84928
[06/26 05:48:25] train_acc: 72.023
[06/26 05:52:02] val_5-way-5-shot_acc: 87.203	0.388
[06/26 05:52:03] BEST!
[06/26 05:53:53] 
[06/26 05:53:53] epoch 22/130, iter 5500:
[06/26 05:53:53] train_loss: 1.81407
[06/26 05:53:53] train_acc: 72.363
[06/26 05:57:24] val_5-way-5-shot_acc: 85.644	0.437
[06/26 05:59:16] 
[06/26 05:59:16] epoch 23/130, iter 5750:
[06/26 05:59:16] train_loss: 1.76465
[06/26 05:59:16] train_acc: 73.380
[06/26 06:02:48] val_5-way-5-shot_acc: 86.487	0.400
[06/26 06:04:38] 
[06/26 06:04:38] epoch 24/130, iter 6000:
[06/26 06:04:38] train_loss: 1.73166
[06/26 06:04:38] train_acc: 74.340
[06/26 06:08:11] val_5-way-5-shot_acc: 85.530	0.448
[06/26 06:10:02] 
[06/26 06:10:02] epoch 25/130, iter 6250:
[06/26 06:10:02] train_loss: 1.70762
[06/26 06:10:02] train_acc: 74.663
[06/26 06:13:30] val_5-way-5-shot_acc: 86.749	0.454
[06/26 06:15:20] 
[06/26 06:15:20] epoch 26/130, iter 6500:
[06/26 06:15:20] train_loss: 1.68710
[06/26 06:15:20] train_acc: 74.917
[06/26 06:18:53] val_5-way-5-shot_acc: 87.601	0.411
[06/26 06:18:54] BEST!
[06/26 06:20:44] 
[06/26 06:20:44] epoch 27/130, iter 6750:
[06/26 06:20:44] train_loss: 1.67273
[06/26 06:20:44] train_acc: 75.403
[06/26 06:24:17] val_5-way-5-shot_acc: 85.582	0.413
[06/26 06:26:07] 
[06/26 06:26:07] epoch 28/130, iter 7000:
[06/26 06:26:07] train_loss: 1.65126
[06/26 06:26:07] train_acc: 75.671
[06/26 06:29:36] val_5-way-5-shot_acc: 86.699	0.416
[06/26 06:31:25] 
[06/26 06:31:25] epoch 29/130, iter 7250:
[06/26 06:31:25] train_loss: 1.60904
[06/26 06:31:25] train_acc: 76.211
[06/26 06:34:56] val_5-way-5-shot_acc: 86.302	0.437
[06/26 06:36:47] 
[06/26 06:36:47] epoch 30/130, iter 7500:
[06/26 06:36:47] train_loss: 1.61745
[06/26 06:36:47] train_acc: 76.240
[06/26 06:40:10] val_5-way-5-shot_acc: 86.231	0.422
[06/26 06:42:00] 
[06/26 06:42:00] epoch 31/130, iter 7750:
[06/26 06:42:00] train_loss: 1.59788
[06/26 06:42:00] train_acc: 76.631
[06/26 06:45:28] val_5-way-5-shot_acc: 87.614	0.423
[06/26 06:45:28] BEST!
[06/26 06:47:20] 
[06/26 06:47:20] epoch 32/130, iter 8000:
[06/26 06:47:20] train_loss: 1.52034
[06/26 06:47:20] train_acc: 77.909
[06/26 06:50:51] val_5-way-5-shot_acc: 87.724	0.416
[06/26 06:50:52] BEST!
[06/26 06:52:44] 
[06/26 06:52:44] epoch 33/130, iter 8250:
[06/26 06:52:44] train_loss: 1.55905
[06/26 06:52:44] train_acc: 77.149
[06/26 06:56:16] val_5-way-5-shot_acc: 85.082	0.455
[06/26 06:58:06] 
[06/26 06:58:06] epoch 34/130, iter 8500:
[06/26 06:58:06] train_loss: 1.54054
[06/26 06:58:06] train_acc: 77.509
[06/26 07:01:45] val_5-way-5-shot_acc: 87.510	0.397
[06/26 07:03:37] 
[06/26 07:03:37] epoch 35/130, iter 8750:
[06/26 07:03:37] train_loss: 1.53280
[06/26 07:03:37] train_acc: 77.749
[06/26 07:07:02] val_5-way-5-shot_acc: 87.124	0.436
[06/26 07:08:52] 
[06/26 07:08:52] epoch 36/130, iter 9000:
[06/26 07:08:52] train_loss: 1.49410
[06/26 07:08:52] train_acc: 78.400
[06/26 07:12:18] val_5-way-5-shot_acc: 88.844	0.395
[06/26 07:12:19] BEST!
[06/26 07:14:09] 
[06/26 07:14:09] epoch 37/130, iter 9250:
[06/26 07:14:09] train_loss: 1.50002
[06/26 07:14:09] train_acc: 77.803
[06/26 07:17:39] val_5-way-5-shot_acc: 87.903	0.383
[06/26 07:19:29] 
[06/26 07:19:29] epoch 38/130, iter 9500:
[06/26 07:19:29] train_loss: 1.47849
[06/26 07:19:29] train_acc: 78.274
[06/26 07:23:04] val_5-way-5-shot_acc: 89.427	0.364
[06/26 07:23:04] BEST!
[06/26 07:24:53] 
[06/26 07:24:53] epoch 39/130, iter 9750:
[06/26 07:24:53] train_loss: 1.44132
[06/26 07:24:53] train_acc: 78.920
[06/26 07:28:25] val_5-way-5-shot_acc: 85.953	0.430
[06/26 07:30:14] 
[06/26 07:30:14] epoch 40/130, iter 10000:
[06/26 07:30:14] train_loss: 1.42071
[06/26 07:30:14] train_acc: 79.331
[06/26 07:33:46] val_5-way-5-shot_acc: 87.181	0.389
[06/26 07:35:37] 
[06/26 07:35:37] epoch 41/130, iter 10250:
[06/26 07:35:37] train_loss: 1.41616
[06/26 07:35:37] train_acc: 79.686
[06/26 07:39:06] val_5-way-5-shot_acc: 88.562	0.385
[06/26 07:40:56] 
[06/26 07:40:56] epoch 42/130, iter 10500:
[06/26 07:40:56] train_loss: 1.43922
[06/26 07:40:56] train_acc: 79.054
[06/26 07:44:25] val_5-way-5-shot_acc: 87.004	0.409
[06/26 07:46:15] 
[06/26 07:46:15] epoch 43/130, iter 10750:
[06/26 07:46:15] train_loss: 1.40160
[06/26 07:46:15] train_acc: 79.760
[06/26 07:49:45] val_5-way-5-shot_acc: 89.091	0.398
[06/26 07:51:35] 
[06/26 07:51:35] epoch 44/130, iter 11000:
[06/26 07:51:35] train_loss: 1.40635
[06/26 07:51:35] train_acc: 79.700
[06/26 07:55:02] val_5-way-5-shot_acc: 86.933	0.444
[06/26 07:56:52] 
[06/26 07:56:52] epoch 45/130, iter 11250:
[06/26 07:56:52] train_loss: 1.40441
[06/26 07:56:52] train_acc: 79.560
[06/26 08:00:20] val_5-way-5-shot_acc: 86.346	0.436
[06/26 08:02:11] 
[06/26 08:02:11] epoch 46/130, iter 11500:
[06/26 08:02:11] train_loss: 1.42497
[06/26 08:02:11] train_acc: 79.314
[06/26 08:05:40] val_5-way-5-shot_acc: 86.901	0.441
[06/26 08:07:30] 
[06/26 08:07:30] epoch 47/130, iter 11750:
[06/26 08:07:30] train_loss: 1.38565
[06/26 08:07:30] train_acc: 80.051
[06/26 08:11:01] val_5-way-5-shot_acc: 88.640	0.425
[06/26 08:12:49] 
[06/26 08:12:49] epoch 48/130, iter 12000:
[06/26 08:12:49] train_loss: 1.39567
[06/26 08:12:49] train_acc: 80.000
[06/26 08:16:21] val_5-way-5-shot_acc: 87.960	0.422
[06/26 08:18:11] 
[06/26 08:18:11] epoch 49/130, iter 12250:
[06/26 08:18:11] train_loss: 1.37622
[06/26 08:18:11] train_acc: 80.291
[06/26 08:21:36] val_5-way-5-shot_acc: 87.665	0.424
[06/26 08:23:26] 
[06/26 08:23:26] epoch 50/130, iter 12500:
[06/26 08:23:26] train_loss: 1.36406
[06/26 08:23:26] train_acc: 80.277
[06/26 08:26:56] val_5-way-5-shot_acc: 88.541	0.408
[06/26 08:28:45] 
[06/26 08:28:45] epoch 51/130, iter 12750:
[06/26 08:28:45] train_loss: 1.33105
[06/26 08:28:45] train_acc: 81.020
[06/26 08:32:11] val_5-way-5-shot_acc: 88.000	0.390
[06/26 08:34:01] 
[06/26 08:34:01] epoch 52/130, iter 13000:
[06/26 08:34:01] train_loss: 1.35576
[06/26 08:34:01] train_acc: 80.760
[06/26 08:37:33] val_5-way-5-shot_acc: 87.866	0.438
[06/26 08:39:23] 
[06/26 08:39:23] epoch 53/130, iter 13250:
[06/26 08:39:23] train_loss: 1.35129
[06/26 08:39:23] train_acc: 80.720
[06/26 08:42:54] val_5-way-5-shot_acc: 87.134	0.424
[06/26 08:44:44] 
[06/26 08:44:44] epoch 54/130, iter 13500:
[06/26 08:44:44] train_loss: 1.32932
[06/26 08:44:44] train_acc: 81.111
[06/26 08:48:11] val_5-way-5-shot_acc: 89.237	0.367
[06/26 08:50:00] 
[06/26 08:50:00] epoch 55/130, iter 13750:
[06/26 08:50:00] train_loss: 1.32419
[06/26 08:50:00] train_acc: 80.857
[06/26 08:53:28] val_5-way-5-shot_acc: 87.743	0.396
[06/26 08:55:17] 
[06/26 08:55:17] epoch 56/130, iter 14000:
[06/26 08:55:17] train_loss: 1.34514
[06/26 08:55:17] train_acc: 80.657
[06/26 08:58:46] val_5-way-5-shot_acc: 85.561	0.459
[06/26 09:00:37] 
[06/26 09:00:37] epoch 57/130, iter 14250:
[06/26 09:00:37] train_loss: 1.33026
[06/26 09:00:37] train_acc: 80.851
[06/26 09:03:58] val_5-way-5-shot_acc: 89.231	0.385
[06/26 09:05:50] 
[06/26 09:05:50] epoch 58/130, iter 14500:
[06/26 09:05:50] train_loss: 1.30268
[06/26 09:05:50] train_acc: 81.449
[06/26 09:09:22] val_5-way-5-shot_acc: 88.103	0.438
[06/26 09:11:12] 
[06/26 09:11:12] epoch 59/130, iter 14750:
[06/26 09:11:12] train_loss: 1.30653
[06/26 09:11:12] train_acc: 81.369
[06/26 09:14:37] val_5-way-5-shot_acc: 88.680	0.373
[06/26 09:16:26] 
[06/26 09:16:26] epoch 60/130, iter 15000:
[06/26 09:16:26] train_loss: 1.32077
[06/26 09:16:26] train_acc: 81.074
[06/26 09:20:06] val_5-way-5-shot_acc: 88.940	0.344
[06/26 09:21:56] 
[06/26 09:21:56] epoch 61/130, iter 15250:
[06/26 09:21:56] train_loss: 1.29366
[06/26 09:21:56] train_acc: 81.837
[06/26 09:25:23] val_5-way-5-shot_acc: 88.860	0.387
[06/26 09:27:12] 
[06/26 09:27:12] epoch 62/130, iter 15500:
[06/26 09:27:12] train_loss: 1.30763
[06/26 09:27:12] train_acc: 81.534
[06/26 09:30:35] val_5-way-5-shot_acc: 87.986	0.401
[06/26 09:32:24] 
[06/26 09:32:24] epoch 63/130, iter 15750:
[06/26 09:32:24] train_loss: 1.27315
[06/26 09:32:24] train_acc: 81.963
[06/26 09:35:51] val_5-way-5-shot_acc: 88.331	0.380
[06/26 09:37:41] 
[06/26 09:37:41] epoch 64/130, iter 16000:
[06/26 09:37:41] train_loss: 1.27209
[06/26 09:37:41] train_acc: 81.989
[06/26 09:41:14] val_5-way-5-shot_acc: 87.869	0.417
[06/26 09:43:03] 
[06/26 09:43:03] epoch 65/130, iter 16250:
[06/26 09:43:03] train_loss: 1.30447
[06/26 09:43:03] train_acc: 81.609
[06/26 09:46:27] val_5-way-5-shot_acc: 86.529	0.425
[06/26 09:48:17] 
[06/26 09:48:17] epoch 66/130, iter 16500:
[06/26 09:48:17] train_loss: 1.30124
[06/26 09:48:17] train_acc: 81.597
[06/26 09:51:42] val_5-way-5-shot_acc: 87.869	0.400
[06/26 09:53:30] 
[06/26 09:53:30] epoch 67/130, iter 16750:
[06/26 09:53:30] train_loss: 1.29990
[06/26 09:53:30] train_acc: 81.654
[06/26 09:56:58] val_5-way-5-shot_acc: 89.206	0.398
[06/26 09:58:48] 
[06/26 09:58:48] epoch 68/130, iter 17000:
[06/26 09:58:48] train_loss: 1.26378
[06/26 09:58:48] train_acc: 82.174
[06/26 10:02:21] val_5-way-5-shot_acc: 90.287	0.341
[06/26 10:02:22] BEST!
[06/26 10:04:12] 
[06/26 10:04:12] epoch 69/130, iter 17250:
[06/26 10:04:12] train_loss: 1.27049
[06/26 10:04:12] train_acc: 81.971
[06/26 10:07:42] val_5-way-5-shot_acc: 88.114	0.408
[06/26 10:09:30] 
[06/26 10:09:30] epoch 70/130, iter 17500:
[06/26 10:09:30] train_loss: 1.26361
[06/26 10:09:30] train_acc: 82.131
[06/26 10:13:02] val_5-way-5-shot_acc: 87.935	0.436
[06/26 10:14:52] 
[06/26 10:14:52] epoch 71/130, iter 17750:
[06/26 10:14:52] train_loss: 0.86822
[06/26 10:14:52] train_acc: 87.466
[06/26 10:18:21] val_5-way-5-shot_acc: 92.556	0.326
[06/26 10:18:22] BEST!
[06/26 10:20:11] 
[06/26 10:20:11] epoch 72/130, iter 18000:
[06/26 10:20:11] train_loss: 0.74104
[06/26 10:20:11] train_acc: 89.029
[06/26 10:23:42] val_5-way-5-shot_acc: 92.505	0.349
[06/26 10:25:31] 
[06/26 10:25:31] epoch 73/130, iter 18250:
[06/26 10:25:31] train_loss: 0.68377
[06/26 10:25:31] train_acc: 89.834
[06/26 10:28:58] val_5-way-5-shot_acc: 93.069	0.310
[06/26 10:28:59] BEST!
[06/26 10:30:49] 
[06/26 10:30:49] epoch 74/130, iter 18500:
[06/26 10:30:49] train_loss: 0.65388
[06/26 10:30:49] train_acc: 90.320
[06/26 10:34:20] val_5-way-5-shot_acc: 93.216	0.300
[06/26 10:34:21] BEST!
[06/26 10:36:13] 
[06/26 10:36:13] epoch 75/130, iter 18750:
[06/26 10:36:13] train_loss: 0.65444
[06/26 10:36:13] train_acc: 90.300
[06/26 10:39:46] val_5-way-5-shot_acc: 93.315	0.292
[06/26 10:39:46] BEST!
[06/26 10:41:39] 
[06/26 10:41:39] epoch 76/130, iter 19000:
[06/26 10:41:39] train_loss: 0.61070
[06/26 10:41:39] train_acc: 91.254
[06/26 10:45:10] val_5-way-5-shot_acc: 93.665	0.285
[06/26 10:45:11] BEST!
[06/26 10:47:00] 
[06/26 10:47:00] epoch 77/130, iter 19250:
[06/26 10:47:00] train_loss: 0.60508
[06/26 10:47:00] train_acc: 91.160
[06/26 10:50:32] val_5-way-5-shot_acc: 93.646	0.289
[06/26 10:52:38] 
[06/26 10:52:38] epoch 78/130, iter 19500:
[06/26 10:52:38] train_loss: 0.58868
[06/26 10:52:38] train_acc: 91.286
[06/26 10:56:55] val_5-way-5-shot_acc: 93.554	0.313
[06/26 10:58:54] 
[06/26 10:58:54] epoch 79/130, iter 19750:
[06/26 10:58:54] train_loss: 0.58856
[06/26 10:58:54] train_acc: 91.277
[06/26 11:02:49] val_5-way-5-shot_acc: 93.611	0.308
[06/26 11:04:48] 
[06/26 11:04:48] epoch 80/130, iter 20000:
[06/26 11:04:48] train_loss: 0.57085
[06/26 11:04:48] train_acc: 91.609
[06/26 11:08:46] val_5-way-5-shot_acc: 93.494	0.300
[06/26 11:10:43] 
[06/26 11:10:43] epoch 81/130, iter 20250:
[06/26 11:10:43] train_loss: 0.57372
[06/26 11:10:43] train_acc: 91.594
[06/26 11:14:44] val_5-way-5-shot_acc: 93.672	0.293
[06/26 11:14:45] BEST!
[06/26 11:16:42] 
[06/26 11:16:42] epoch 82/130, iter 20500:
[06/26 11:16:42] train_loss: 0.55623
[06/26 11:16:42] train_acc: 91.777
[06/26 11:20:39] val_5-way-5-shot_acc: 93.388	0.297
[06/26 11:22:37] 
[06/26 11:22:37] epoch 83/130, iter 20750:
[06/26 11:22:37] train_loss: 0.54104
[06/26 11:22:37] train_acc: 91.943
[06/26 11:26:34] val_5-way-5-shot_acc: 93.901	0.282
[06/26 11:26:34] BEST!
[06/26 11:28:30] 
[06/26 11:28:30] epoch 84/130, iter 21000:
[06/26 11:28:30] train_loss: 0.54945
[06/26 11:28:30] train_acc: 92.006
[06/26 11:32:26] val_5-way-5-shot_acc: 93.060	0.308
[06/26 11:34:22] 
[06/26 11:34:22] epoch 85/130, iter 21250:
[06/26 11:34:22] train_loss: 0.54392
[06/26 11:34:22] train_acc: 92.066
[06/26 11:38:24] val_5-way-5-shot_acc: 93.666	0.292
[06/26 11:40:21] 
[06/26 11:40:21] epoch 86/130, iter 21500:
[06/26 11:40:21] train_loss: 0.53894
[06/26 11:40:21] train_acc: 92.263
[06/26 11:44:20] val_5-way-5-shot_acc: 93.841	0.274
[06/26 11:46:17] 
[06/26 11:46:17] epoch 87/130, iter 21750:
[06/26 11:46:17] train_loss: 0.53178
[06/26 11:46:17] train_acc: 92.271
[06/26 11:50:17] val_5-way-5-shot_acc: 93.546	0.284
[06/26 11:52:13] 
[06/26 11:52:13] epoch 88/130, iter 22000:
[06/26 11:52:13] train_loss: 0.51197
[06/26 11:52:13] train_acc: 92.769
[06/26 11:55:59] val_5-way-5-shot_acc: 93.918	0.280
[06/26 11:56:00] BEST!
[06/26 11:57:49] 
[06/26 11:57:49] epoch 89/130, iter 22250:
[06/26 11:57:49] train_loss: 0.51988
[06/26 11:57:49] train_acc: 92.594
[06/27 12:01:20] val_5-way-5-shot_acc: 93.778	0.279
[06/27 12:03:11] 
[06/27 12:03:11] epoch 90/130, iter 22500:
[06/27 12:03:11] train_loss: 0.50972
[06/27 12:03:11] train_acc: 92.786
[06/27 12:06:42] val_5-way-5-shot_acc: 93.575	0.290
[06/27 12:08:32] 
[06/27 12:08:32] epoch 91/130, iter 22750:
[06/27 12:08:32] train_loss: 0.51943
[06/27 12:08:32] train_acc: 92.537
[06/27 12:12:04] val_5-way-5-shot_acc: 93.680	0.273
[06/27 12:13:53] 
[06/27 12:13:53] epoch 92/130, iter 23000:
[06/27 12:13:53] train_loss: 0.51327
[06/27 12:13:53] train_acc: 92.460
[06/27 12:17:19] val_5-way-5-shot_acc: 94.276	0.259
[06/27 12:17:19] BEST!
[06/27 12:19:09] 
[06/27 12:19:09] epoch 93/130, iter 23250:
[06/27 12:19:09] train_loss: 0.49242
[06/27 12:19:09] train_acc: 92.974
[06/27 12:22:38] val_5-way-5-shot_acc: 94.285	0.266
[06/27 12:22:38] BEST!
[06/27 12:24:27] 
[06/27 12:24:27] epoch 94/130, iter 23500:
[06/27 12:24:27] train_loss: 0.51272
[06/27 12:24:27] train_acc: 92.591
[06/27 12:27:58] val_5-way-5-shot_acc: 93.896	0.280
[06/27 12:29:47] 
[06/27 12:29:47] epoch 95/130, iter 23750:
[06/27 12:29:47] train_loss: 0.50143
[06/27 12:29:47] train_acc: 92.814
[06/27 12:33:19] val_5-way-5-shot_acc: 93.595	0.290
[06/27 12:35:07] 
[06/27 12:35:07] epoch 96/130, iter 24000:
[06/27 12:35:07] train_loss: 0.51125
[06/27 12:35:07] train_acc: 92.720
[06/27 12:38:39] val_5-way-5-shot_acc: 93.909	0.276
[06/27 12:40:27] 
[06/27 12:40:27] epoch 97/130, iter 24250:
[06/27 12:40:27] train_loss: 0.48931
[06/27 12:40:27] train_acc: 93.049
[06/27 12:43:59] val_5-way-5-shot_acc: 93.315	0.302
[06/27 12:45:48] 
[06/27 12:45:48] epoch 98/130, iter 24500:
[06/27 12:45:48] train_loss: 0.50163
[06/27 12:45:48] train_acc: 92.869
[06/27 12:49:18] val_5-way-5-shot_acc: 93.531	0.291
[06/27 12:51:07] 
[06/27 12:51:07] epoch 99/130, iter 24750:
[06/27 12:51:07] train_loss: 0.48554
[06/27 12:51:07] train_acc: 93.140
[06/27 12:54:42] val_5-way-5-shot_acc: 94.200	0.284
[06/27 12:56:30] 
[06/27 12:56:30] epoch 100/130, iter 25000:
[06/27 12:56:30] train_loss: 0.48960
[06/27 12:56:30] train_acc: 92.983
[06/27 01:00:03] val_5-way-5-shot_acc: 93.787	0.281
[06/27 01:01:51] 
[06/27 01:01:51] epoch 101/130, iter 25250:
[06/27 01:01:51] train_loss: 0.46525
[06/27 01:01:51] train_acc: 93.357
[06/27 01:05:18] val_5-way-5-shot_acc: 94.537	0.257
[06/27 01:05:19] BEST!
[06/27 01:07:08] 
[06/27 01:07:08] epoch 102/130, iter 25500:
[06/27 01:07:08] train_loss: 0.43883
[06/27 01:07:08] train_acc: 93.786
[06/27 01:10:41] val_5-way-5-shot_acc: 94.550	0.254
[06/27 01:10:42] BEST!
[06/27 01:12:32] 
[06/27 01:12:32] epoch 103/130, iter 25750:
[06/27 01:12:32] train_loss: 0.43018
[06/27 01:12:32] train_acc: 93.874
[06/27 01:15:57] val_5-way-5-shot_acc: 94.425	0.272
[06/27 01:17:47] 
[06/27 01:17:47] epoch 104/130, iter 26000:
[06/27 01:17:47] train_loss: 0.42448
[06/27 01:17:47] train_acc: 93.920
[06/27 01:21:13] val_5-way-5-shot_acc: 94.316	0.265
[06/27 01:23:03] 
[06/27 01:23:03] epoch 105/130, iter 26250:
[06/27 01:23:03] train_loss: 0.41617
[06/27 01:23:03] train_acc: 94.071
[06/27 01:26:35] val_5-way-5-shot_acc: 94.489	0.259
[06/27 01:28:24] 
[06/27 01:28:24] epoch 106/130, iter 26500:
[06/27 01:28:24] train_loss: 0.42828
[06/27 01:28:24] train_acc: 93.834
[06/27 01:31:56] val_5-way-5-shot_acc: 94.521	0.268
[06/27 01:33:47] 
[06/27 01:33:47] epoch 107/130, iter 26750:
[06/27 01:33:47] train_loss: 0.41291
[06/27 01:33:47] train_acc: 94.174
[06/27 01:37:14] val_5-way-5-shot_acc: 94.344	0.264
[06/27 01:39:03] 
[06/27 01:39:03] epoch 108/130, iter 27000:
[06/27 01:39:03] train_loss: 0.40551
[06/27 01:39:03] train_acc: 94.214
[06/27 01:42:30] val_5-way-5-shot_acc: 94.200	0.258
[06/27 01:44:19] 
[06/27 01:44:19] epoch 109/130, iter 27250:
[06/27 01:44:19] train_loss: 0.38734
[06/27 01:44:19] train_acc: 94.549
[06/27 01:47:48] val_5-way-5-shot_acc: 94.776	0.250
[06/27 01:47:48] BEST!
[06/27 01:49:37] 
[06/27 01:49:37] epoch 110/130, iter 27500:
[06/27 01:49:37] train_loss: 0.41436
[06/27 01:49:37] train_acc: 93.897
[06/27 01:53:10] val_5-way-5-shot_acc: 94.561	0.265
[06/27 01:55:00] 
[06/27 01:55:00] epoch 111/130, iter 27750:
[06/27 01:55:00] train_loss: 0.41687
[06/27 01:55:00] train_acc: 94.091
[06/27 01:58:28] val_5-way-5-shot_acc: 94.491	0.271
[06/27 02:00:16] 
[06/27 02:00:16] epoch 112/130, iter 28000:
[06/27 02:00:16] train_loss: 0.39351
[06/27 02:00:16] train_acc: 94.366
[06/27 02:03:40] val_5-way-5-shot_acc: 94.433	0.255
[06/27 02:05:30] 
[06/27 02:05:30] epoch 113/130, iter 28250:
[06/27 02:05:30] train_loss: 0.39281
[06/27 02:05:30] train_acc: 94.389
[06/27 02:09:00] val_5-way-5-shot_acc: 94.439	0.255
[06/27 02:10:49] 
[06/27 02:10:49] epoch 114/130, iter 28500:
[06/27 02:10:49] train_loss: 0.39906
[06/27 02:10:49] train_acc: 94.266
[06/27 02:14:23] val_5-way-5-shot_acc: 94.239	0.268
[06/27 02:16:11] 
[06/27 02:16:11] epoch 115/130, iter 28750:
[06/27 02:16:11] train_loss: 0.38881
[06/27 02:16:11] train_acc: 94.560
[06/27 02:19:38] val_5-way-5-shot_acc: 94.460	0.262
[06/27 02:21:27] 
[06/27 02:21:27] epoch 116/130, iter 29000:
[06/27 02:21:27] train_loss: 0.39878
[06/27 02:21:27] train_acc: 94.311
[06/27 02:24:59] val_5-way-5-shot_acc: 94.620	0.268
[06/27 02:26:49] 
[06/27 02:26:49] epoch 117/130, iter 29250:
[06/27 02:26:49] train_loss: 0.39077
[06/27 02:26:49] train_acc: 94.469
[06/27 02:30:16] val_5-way-5-shot_acc: 94.612	0.273
[06/27 02:32:05] 
[06/27 02:32:05] epoch 118/130, iter 29500:
[06/27 02:32:05] train_loss: 0.38041
[06/27 02:32:05] train_acc: 94.574
[06/27 02:35:34] val_5-way-5-shot_acc: 94.361	0.263
[06/27 02:37:24] 
[06/27 02:37:24] epoch 119/130, iter 29750:
[06/27 02:37:24] train_loss: 0.39156
[06/27 02:37:24] train_acc: 94.423
[06/27 02:40:57] val_5-way-5-shot_acc: 94.394	0.269
[06/27 02:42:46] 
[06/27 02:42:46] epoch 120/130, iter 30000:
[06/27 02:42:46] train_loss: 0.39319
[06/27 02:42:46] train_acc: 94.371
[06/27 02:46:20] val_5-way-5-shot_acc: 94.476	0.264
[06/27 02:48:09] 
[06/27 02:48:09] epoch 121/130, iter 30250:
[06/27 02:48:09] train_loss: 0.38361
[06/27 02:48:09] train_acc: 94.554
[06/27 02:51:37] val_5-way-5-shot_acc: 94.674	0.249
[06/27 02:53:27] 
[06/27 02:53:27] epoch 122/130, iter 30500:
[06/27 02:53:27] train_loss: 0.36962
[06/27 02:53:27] train_acc: 94.674
[06/27 02:56:56] val_5-way-5-shot_acc: 94.453	0.250
[06/27 02:58:46] 
[06/27 02:58:46] epoch 123/130, iter 30750:
[06/27 02:58:46] train_loss: 0.38687
[06/27 02:58:46] train_acc: 94.603
[06/27 03:02:12] val_5-way-5-shot_acc: 94.641	0.260
[06/27 03:04:01] 
[06/27 03:04:01] epoch 124/130, iter 31000:
[06/27 03:04:01] train_loss: 0.38068
[06/27 03:04:01] train_acc: 94.606
[06/27 03:07:32] val_5-way-5-shot_acc: 94.641	0.260
[06/27 03:09:21] 
[06/27 03:09:21] epoch 125/130, iter 31250:
[06/27 03:09:21] train_loss: 0.37540
[06/27 03:09:21] train_acc: 94.691
[06/27 03:12:42] val_5-way-5-shot_acc: 94.445	0.271
[06/27 03:14:31] 
[06/27 03:14:31] epoch 126/130, iter 31500:
[06/27 03:14:31] train_loss: 0.37695
[06/27 03:14:31] train_acc: 94.706
[06/27 03:18:04] val_5-way-5-shot_acc: 94.585	0.254
[06/27 03:19:52] 
[06/27 03:19:52] epoch 127/130, iter 31750:
[06/27 03:19:52] train_loss: 0.37765
[06/27 03:19:52] train_acc: 94.554
[06/27 03:23:21] val_5-way-5-shot_acc: 94.513	0.254
[06/27 03:25:10] 
[06/27 03:25:10] epoch 128/130, iter 32000:
[06/27 03:25:10] train_loss: 0.37328
[06/27 03:25:10] train_acc: 94.723
[06/27 03:28:38] val_5-way-5-shot_acc: 94.659	0.253
[06/27 03:30:27] 
[06/27 03:30:27] epoch 129/130, iter 32250:
[06/27 03:30:27] train_loss: 0.37459
[06/27 03:30:27] train_acc: 94.626
[06/27 03:33:58] val_5-way-5-shot_acc: 94.490	0.266
[06/27 03:35:49] 
[06/27 03:35:49] epoch 130/130, iter 32500:
[06/27 03:35:49] train_loss: 0.38475
[06/27 03:35:49] train_acc: 94.683
[06/27 03:39:17] val_5-way-5-shot_acc: 94.804	0.252
[06/27 03:39:18] BEST!
[06/27 03:39:18] training finished!
[06/27 03:39:18] ------------------------
[06/27 03:39:18] the best epoch is 130/130
[06/27 03:39:18] the best 5-way 5-shot val acc is 94.804
[06/27 03:39:18] ------------------------
[06/27 03:39:18] evaluating on test set:
[06/27 03:44:23] 5-way-1-shot acc: 89.73	0.35
[06/27 03:50:39] 5-way-5-shot acc: 96.39	0.15
