[06/24 11:48:34] display all the hyper-parameters in args:
[06/24 11:48:34] opt: sgd
[06/24 11:48:34] lr: 0.1
[06/24 11:48:34] gamma: 0.1
[06/24 11:48:34] epoch: 130
[06/24 11:48:34] weight_decay: 0.0005
[06/24 11:48:34] gpu: 3
[06/24 11:48:34] seed: 42
[06/24 11:48:34] val_epoch: 1
[06/24 11:48:34] resnet: False
[06/24 11:48:34] nesterov: True
[06/24 11:48:34] pre: False
[06/24 11:48:34] no_val: False
[06/24 11:48:34] train_way: 30
[06/24 11:48:34] test_way: 5
[06/24 11:48:34] train_shot: 5
[06/24 11:48:34] test_shot: [1, 5]
[06/24 11:48:34] train_query_shot: 15
[06/24 11:48:34] test_query_shot: 16
[06/24 11:48:34] train_transform_type: 0
[06/24 11:48:34] test_transform_type: 0
[06/24 11:48:34] val_trial: 1000
[06/24 11:48:34] detailed_name: False
[06/24 11:48:34] dataset: aircraft
[06/24 11:48:34] alpha: 0.5
[06/24 11:48:34] model: MDF_Net
[06/24 11:48:34] resume: False
[06/24 11:48:34] resume_epoch: 0
[06/24 11:48:34] save_folder: /home/temp/py/model_design/MDF-Net_adjust/experiments/Aircraft_fewshot/MDF_Net/Conv-4_5-shot
[06/24 11:48:34] ------------------------
[06/24 11:48:34] start training!
[06/24 11:54:47] 
[06/24 11:54:47] epoch 1/130, iter 250:
[06/24 11:54:47] train_loss: 6.43740
[06/24 11:54:47] train_acc: 9.614
[06/24 11:59:06] val_5-way-5-shot_acc: 55.676	0.601
[06/24 11:59:06] BEST!
[06/24 12:04:53] 
[06/24 12:04:53] epoch 2/130, iter 500:
[06/24 12:04:53] train_loss: 5.39847
[06/24 12:04:53] train_acc: 20.291
[06/24 12:09:02] val_5-way-5-shot_acc: 68.016	0.616
[06/24 12:09:03] BEST!
[06/24 12:14:43] 
[06/24 12:14:43] epoch 3/130, iter 750:
[06/24 12:14:43] train_loss: 4.68038
[06/24 12:14:43] train_acc: 28.809
[06/24 12:18:52] val_5-way-5-shot_acc: 74.409	0.610
[06/24 12:18:52] BEST!
[06/24 12:24:39] 
[06/24 12:24:39] epoch 4/130, iter 1000:
[06/24 12:24:39] train_loss: 4.23862
[06/24 12:24:39] train_acc: 34.810
[06/24 12:28:49] val_5-way-5-shot_acc: 75.737	0.620
[06/24 12:28:49] BEST!
[06/24 12:34:34] 
[06/24 12:34:34] epoch 5/130, iter 1250:
[06/24 12:34:34] train_loss: 3.91701
[06/24 12:34:34] train_acc: 38.559
[06/24 12:38:44] val_5-way-5-shot_acc: 79.071	0.560
[06/24 12:38:44] BEST!
[06/24 12:44:33] 
[06/24 12:44:33] epoch 6/130, iter 1500:
[06/24 12:44:33] train_loss: 3.65943
[06/24 12:44:33] train_acc: 42.623
[06/24 12:48:41] val_5-way-5-shot_acc: 80.396	0.577
[06/24 12:48:41] BEST!
[06/24 12:54:20] 
[06/24 12:54:20] epoch 7/130, iter 1750:
[06/24 12:54:20] train_loss: 3.47725
[06/24 12:54:20] train_acc: 45.257
[06/24 12:58:28] val_5-way-5-shot_acc: 81.255	0.552
[06/24 12:58:28] BEST!
[06/24 01:04:16] 
[06/24 01:04:16] epoch 8/130, iter 2000:
[06/24 01:04:16] train_loss: 3.34303
[06/24 01:04:16] train_acc: 47.542
[06/24 01:08:25] val_5-way-5-shot_acc: 83.797	0.552
[06/24 01:08:25] BEST!
[06/24 01:14:05] 
[06/24 01:14:05] epoch 9/130, iter 2250:
[06/24 01:14:05] train_loss: 3.19334
[06/24 01:14:05] train_acc: 50.076
[06/24 01:18:09] val_5-way-5-shot_acc: 83.222	0.527
[06/24 01:23:47] 
[06/24 01:23:47] epoch 10/130, iter 2500:
[06/24 01:23:47] train_loss: 3.11747
[06/24 01:23:47] train_acc: 51.358
[06/24 01:27:50] val_5-way-5-shot_acc: 83.884	0.513
[06/24 01:27:50] BEST!
[06/24 01:33:27] 
[06/24 01:33:27] epoch 11/130, iter 2750:
[06/24 01:33:27] train_loss: 2.99780
[06/24 01:33:27] train_acc: 53.490
[06/24 01:37:32] val_5-way-5-shot_acc: 81.873	0.517
[06/24 01:43:07] 
[06/24 01:43:07] epoch 12/130, iter 3000:
[06/24 01:43:07] train_loss: 2.93709
[06/24 01:43:07] train_acc: 54.826
[06/24 01:47:09] val_5-way-5-shot_acc: 84.720	0.504
[06/24 01:47:09] BEST!
[06/24 01:52:43] 
[06/24 01:52:43] epoch 13/130, iter 3250:
[06/24 01:52:43] train_loss: 2.84047
[06/24 01:52:43] train_acc: 56.369
[06/24 01:56:46] val_5-way-5-shot_acc: 84.998	0.469
[06/24 01:56:46] BEST!
[06/24 02:02:28] 
[06/24 02:02:28] epoch 14/130, iter 3500:
[06/24 02:02:28] train_loss: 2.75732
[06/24 02:02:28] train_acc: 57.807
[06/24 02:06:39] val_5-way-5-shot_acc: 84.820	0.458
[06/24 02:12:27] 
[06/24 02:12:27] epoch 15/130, iter 3750:
[06/24 02:12:27] train_loss: 2.71935
[06/24 02:12:27] train_acc: 58.479
[06/24 02:16:39] val_5-way-5-shot_acc: 84.737	0.467
[06/24 02:22:31] 
[06/24 02:22:31] epoch 16/130, iter 4000:
[06/24 02:22:31] train_loss: 2.65031
[06/24 02:22:31] train_acc: 59.706
[06/24 02:26:42] val_5-way-5-shot_acc: 85.820	0.454
[06/24 02:26:42] BEST!
[06/24 02:32:33] 
[06/24 02:32:33] epoch 17/130, iter 4250:
[06/24 02:32:33] train_loss: 2.61063
[06/24 02:32:33] train_acc: 60.370
[06/24 02:36:44] val_5-way-5-shot_acc: 86.465	0.459
[06/24 02:36:44] BEST!
[06/24 02:42:32] 
[06/24 02:42:32] epoch 18/130, iter 4500:
[06/24 02:42:32] train_loss: 2.55767
[06/24 02:42:32] train_acc: 61.412
[06/24 02:46:56] val_5-way-5-shot_acc: 85.562	0.459
[06/24 02:53:03] 
[06/24 02:53:03] epoch 19/130, iter 4750:
[06/24 02:53:03] train_loss: 2.50733
[06/24 02:53:03] train_acc: 62.212
[06/24 02:57:31] val_5-way-5-shot_acc: 85.772	0.439
[06/24 03:03:47] 
[06/24 03:03:47] epoch 20/130, iter 5000:
[06/24 03:03:47] train_loss: 2.48342
[06/24 03:03:47] train_acc: 62.728
[06/24 03:08:29] val_5-way-5-shot_acc: 84.811	0.454
[06/24 03:14:58] 
[06/24 03:14:58] epoch 21/130, iter 5250:
[06/24 03:14:58] train_loss: 2.45223
[06/24 03:14:58] train_acc: 63.232
[06/24 03:19:41] val_5-way-5-shot_acc: 87.422	0.398
[06/24 03:19:41] BEST!
[06/24 03:25:51] 
[06/24 03:25:51] epoch 22/130, iter 5500:
[06/24 03:25:51] train_loss: 2.43012
[06/24 03:25:51] train_acc: 63.759
[06/24 03:30:04] val_5-way-5-shot_acc: 86.412	0.424
[06/24 03:35:57] 
[06/24 03:35:57] epoch 23/130, iter 5750:
[06/24 03:35:57] train_loss: 2.37463
[06/24 03:35:57] train_acc: 64.525
[06/24 03:40:08] val_5-way-5-shot_acc: 86.942	0.434
[06/24 03:46:11] 
[06/24 03:46:11] epoch 24/130, iter 6000:
[06/24 03:46:11] train_loss: 2.35390
[06/24 03:46:11] train_acc: 65.085
[06/24 03:50:38] val_5-way-5-shot_acc: 86.907	0.427
[06/24 03:56:44] 
[06/24 03:56:44] epoch 25/130, iter 6250:
[06/24 03:56:44] train_loss: 2.34097
[06/24 03:56:44] train_acc: 65.242
[06/24 04:01:07] val_5-way-5-shot_acc: 86.938	0.436
[06/24 04:07:14] 
[06/24 04:07:14] epoch 26/130, iter 6500:
[06/24 04:07:14] train_loss: 2.32302
[06/24 04:07:14] train_acc: 65.583
[06/24 04:11:40] val_5-way-5-shot_acc: 87.044	0.432
[06/24 04:17:46] 
[06/24 04:17:46] epoch 27/130, iter 6750:
[06/24 04:17:46] train_loss: 2.29203
[06/24 04:17:46] train_acc: 66.365
[06/24 04:22:16] val_5-way-5-shot_acc: 88.545	0.390
[06/24 04:22:16] BEST!
[06/24 04:28:19] 
[06/24 04:28:19] epoch 28/130, iter 7000:
[06/24 04:28:19] train_loss: 2.26539
[06/24 04:28:19] train_acc: 66.609
[06/24 04:32:28] val_5-way-5-shot_acc: 88.420	0.393
[06/24 04:38:14] 
[06/24 04:38:14] epoch 29/130, iter 7250:
[06/24 04:38:14] train_loss: 2.24475
[06/24 04:38:14] train_acc: 67.108
[06/24 04:42:24] val_5-way-5-shot_acc: 87.293	0.409
[06/24 04:48:09] 
[06/24 04:48:09] epoch 30/130, iter 7500:
[06/24 04:48:09] train_loss: 2.23438
[06/24 04:48:09] train_acc: 67.286
[06/24 04:52:16] val_5-way-5-shot_acc: 86.618	0.444
[06/24 04:58:02] 
[06/24 04:58:02] epoch 31/130, iter 7750:
[06/24 04:58:02] train_loss: 2.22098
[06/24 04:58:02] train_acc: 67.776
[06/24 05:02:09] val_5-way-5-shot_acc: 87.968	0.429
[06/24 05:08:00] 
[06/24 05:08:00] epoch 32/130, iter 8000:
[06/24 05:08:00] train_loss: 2.18939
[06/24 05:08:00] train_acc: 68.194
[06/24 05:12:25] val_5-way-5-shot_acc: 88.085	0.407
[06/24 05:18:33] 
[06/24 05:18:33] epoch 33/130, iter 8250:
[06/24 05:18:33] train_loss: 2.16814
[06/24 05:18:33] train_acc: 68.366
[06/24 05:22:51] val_5-way-5-shot_acc: 87.343	0.391
[06/24 05:28:46] 
[06/24 05:28:46] epoch 34/130, iter 8500:
[06/24 05:28:46] train_loss: 2.18666
[06/24 05:28:46] train_acc: 68.270
[06/24 05:33:06] val_5-way-5-shot_acc: 87.882	0.420
[06/24 05:39:15] 
[06/24 05:39:15] epoch 35/130, iter 8750:
[06/24 05:39:15] train_loss: 2.13253
[06/24 05:39:15] train_acc: 68.972
[06/24 05:43:47] val_5-way-5-shot_acc: 88.297	0.385
[06/24 05:50:03] 
[06/24 05:50:03] epoch 36/130, iter 9000:
[06/24 05:50:03] train_loss: 2.15495
[06/24 05:50:03] train_acc: 68.755
[06/24 05:54:33] val_5-way-5-shot_acc: 87.254	0.418
[06/24 06:00:45] 
[06/24 06:00:45] epoch 37/130, iter 9250:
[06/24 06:00:45] train_loss: 2.13579
[06/24 06:00:45] train_acc: 69.094
[06/24 06:05:17] val_5-way-5-shot_acc: 88.441	0.413
[06/24 06:11:33] 
[06/24 06:11:33] epoch 38/130, iter 9500:
[06/24 06:11:33] train_loss: 2.09836
[06/24 06:11:33] train_acc: 69.743
[06/24 06:16:02] val_5-way-5-shot_acc: 87.955	0.401
[06/24 06:22:17] 
[06/24 06:22:17] epoch 39/130, iter 9750:
[06/24 06:22:17] train_loss: 2.08004
[06/24 06:22:17] train_acc: 69.980
[06/24 06:26:45] val_5-way-5-shot_acc: 87.046	0.440
[06/24 06:32:45] 
[06/24 06:32:45] epoch 40/130, iter 10000:
[06/24 06:32:45] train_loss: 2.09960
[06/24 06:32:45] train_acc: 69.745
[06/24 06:37:04] val_5-way-5-shot_acc: 88.728	0.401
[06/24 06:37:04] BEST!
[06/24 06:42:58] 
[06/24 06:42:58] epoch 41/130, iter 10250:
[06/24 06:42:58] train_loss: 2.06157
[06/24 06:42:58] train_acc: 70.391
[06/24 06:47:09] val_5-way-5-shot_acc: 88.748	0.401
[06/24 06:47:09] BEST!
[06/24 06:53:26] 
[06/24 06:53:26] epoch 42/130, iter 10500:
[06/24 06:53:26] train_loss: 2.04025
[06/24 06:53:26] train_acc: 70.613
[06/24 06:57:58] val_5-way-5-shot_acc: 86.889	0.406
[06/24 07:04:20] 
[06/24 07:04:20] epoch 43/130, iter 10750:
[06/24 07:04:20] train_loss: 2.05589
[06/24 07:04:20] train_acc: 70.410
[06/24 07:08:54] val_5-way-5-shot_acc: 88.510	0.382
[06/24 07:15:02] 
[06/24 07:15:02] epoch 44/130, iter 11000:
[06/24 07:15:02] train_loss: 2.04564
[06/24 07:15:02] train_acc: 70.650
[06/24 07:19:33] val_5-way-5-shot_acc: 88.135	0.393
[06/24 07:25:49] 
[06/24 07:25:49] epoch 45/130, iter 11250:
[06/24 07:25:49] train_loss: 2.04905
[06/24 07:25:49] train_acc: 70.778
[06/24 07:30:23] val_5-way-5-shot_acc: 87.983	0.399
[06/24 07:36:42] 
[06/24 07:36:42] epoch 46/130, iter 11500:
[06/24 07:36:42] train_loss: 2.01132
[06/24 07:36:42] train_acc: 71.074
[06/24 07:41:14] val_5-way-5-shot_acc: 88.765	0.377
[06/24 07:41:14] BEST!
[06/24 07:47:12] 
[06/24 07:47:12] epoch 47/130, iter 11750:
[06/24 07:47:12] train_loss: 1.99441
[06/24 07:47:12] train_acc: 71.602
[06/24 07:51:22] val_5-way-5-shot_acc: 87.638	0.403
[06/24 07:57:09] 
[06/24 07:57:09] epoch 48/130, iter 12000:
[06/24 07:57:09] train_loss: 2.00193
[06/24 07:57:09] train_acc: 71.099
[06/24 08:01:30] val_5-way-5-shot_acc: 86.963	0.383
[06/24 08:07:53] 
[06/24 08:07:53] epoch 49/130, iter 12250:
[06/24 08:07:53] train_loss: 2.00508
[06/24 08:07:53] train_acc: 71.460
[06/24 08:12:33] val_5-way-5-shot_acc: 86.444	0.428
[06/24 08:19:19] 
[06/24 08:19:19] epoch 50/130, iter 12500:
[06/24 08:19:19] train_loss: 1.99198
[06/24 08:19:19] train_acc: 71.608
[06/24 08:24:15] val_5-way-5-shot_acc: 87.369	0.411
[06/24 08:30:30] 
[06/24 08:30:30] epoch 51/130, iter 12750:
[06/24 08:30:30] train_loss: 1.98249
[06/24 08:30:30] train_acc: 71.724
[06/24 08:34:49] val_5-way-5-shot_acc: 88.210	0.378
[06/24 08:40:37] 
[06/24 08:40:37] epoch 52/130, iter 13000:
[06/24 08:40:37] train_loss: 1.97069
[06/24 08:40:37] train_acc: 72.052
[06/24 08:44:49] val_5-way-5-shot_acc: 88.701	0.387
[06/24 08:50:37] 
[06/24 08:50:37] epoch 53/130, iter 13250:
[06/24 08:50:37] train_loss: 1.97426
[06/24 08:50:37] train_acc: 72.033
[06/24 08:54:48] val_5-way-5-shot_acc: 86.665	0.399
[06/24 09:00:33] 
[06/24 09:00:33] epoch 54/130, iter 13500:
[06/24 09:00:33] train_loss: 1.94489
[06/24 09:00:33] train_acc: 72.363
[06/24 09:04:43] val_5-way-5-shot_acc: 85.614	0.415
[06/24 09:10:31] 
[06/24 09:10:31] epoch 55/130, iter 13750:
[06/24 09:10:31] train_loss: 1.97067
[06/24 09:10:31] train_acc: 71.967
[06/24 09:14:41] val_5-way-5-shot_acc: 88.698	0.361
[06/24 09:20:27] 
[06/24 09:20:27] epoch 56/130, iter 14000:
[06/24 09:20:27] train_loss: 1.92765
[06/24 09:20:27] train_acc: 72.716
[06/24 09:24:36] val_5-way-5-shot_acc: 88.963	0.400
[06/24 09:24:36] BEST!
[06/24 09:30:21] 
[06/24 09:30:21] epoch 57/130, iter 14250:
[06/24 09:30:21] train_loss: 1.96587
[06/24 09:30:21] train_acc: 71.968
[06/24 09:34:32] val_5-way-5-shot_acc: 88.392	0.390
[06/24 09:40:27] 
[06/24 09:40:27] epoch 58/130, iter 14500:
[06/24 09:40:27] train_loss: 1.92444
[06/24 09:40:27] train_acc: 72.791
[06/24 09:44:43] val_5-way-5-shot_acc: 88.918	0.385
[06/24 09:50:51] 
[06/24 09:50:51] epoch 59/130, iter 14750:
[06/24 09:50:51] train_loss: 1.92239
[06/24 09:50:51] train_acc: 72.878
[06/24 09:55:17] val_5-way-5-shot_acc: 88.626	0.359
[06/24 10:01:24] 
[06/24 10:01:24] epoch 60/130, iter 15000:
[06/24 10:01:24] train_loss: 1.91869
[06/24 10:01:24] train_acc: 72.991
[06/24 10:05:47] val_5-way-5-shot_acc: 88.579	0.384
[06/24 10:11:58] 
[06/24 10:11:58] epoch 61/130, iter 15250:
[06/24 10:11:58] train_loss: 1.91830
[06/24 10:11:58] train_acc: 72.909
[06/24 10:16:39] val_5-way-5-shot_acc: 88.090	0.389
[06/24 10:22:34] 
[06/24 10:22:34] epoch 62/130, iter 15500:
[06/24 10:22:34] train_loss: 1.91503
[06/24 10:22:34] train_acc: 73.149
[06/24 10:26:42] val_5-way-5-shot_acc: 88.761	0.368
[06/24 10:32:43] 
[06/24 10:32:43] epoch 63/130, iter 15750:
[06/24 10:32:43] train_loss: 1.91013
[06/24 10:32:43] train_acc: 72.824
[06/24 10:37:08] val_5-way-5-shot_acc: 89.332	0.372
[06/24 10:37:08] BEST!
[06/24 10:43:24] 
[06/24 10:43:24] epoch 64/130, iter 16000:
[06/24 10:43:24] train_loss: 1.89348
[06/24 10:43:24] train_acc: 73.262
[06/24 10:47:53] val_5-way-5-shot_acc: 88.302	0.395
[06/24 10:54:08] 
[06/24 10:54:08] epoch 65/130, iter 16250:
[06/24 10:54:08] train_loss: 1.89255
[06/24 10:54:08] train_acc: 73.185
[06/24 10:58:35] val_5-way-5-shot_acc: 87.155	0.407
[06/24 11:04:45] 
[06/24 11:04:45] epoch 66/130, iter 16500:
[06/24 11:04:45] train_loss: 1.88222
[06/24 11:04:45] train_acc: 73.450
[06/24 11:09:16] val_5-way-5-shot_acc: 89.058	0.357
[06/24 11:15:21] 
[06/24 11:15:21] epoch 67/130, iter 16750:
[06/24 11:15:21] train_loss: 1.89044
[06/24 11:15:21] train_acc: 73.438
[06/24 11:19:52] val_5-way-5-shot_acc: 87.722	0.401
[06/24 11:25:57] 
[06/24 11:25:57] epoch 68/130, iter 17000:
[06/24 11:25:57] train_loss: 1.86883
[06/24 11:25:57] train_acc: 73.565
[06/24 11:30:19] val_5-way-5-shot_acc: 86.875	0.406
[06/24 11:36:25] 
[06/24 11:36:25] epoch 69/130, iter 17250:
[06/24 11:36:25] train_loss: 1.86908
[06/24 11:36:25] train_acc: 73.534
[06/24 11:40:56] val_5-way-5-shot_acc: 89.355	0.381
[06/24 11:40:56] BEST!
[06/24 11:47:03] 
[06/24 11:47:03] epoch 70/130, iter 17500:
[06/24 11:47:03] train_loss: 1.87770
[06/24 11:47:03] train_acc: 73.534
[06/24 11:51:40] val_5-way-5-shot_acc: 89.865	0.344
[06/24 11:51:40] BEST!
[06/24 11:57:44] 
[06/24 11:57:44] epoch 71/130, iter 17750:
[06/24 11:57:44] train_loss: 1.45469
[06/24 11:57:44] train_acc: 78.814
[06/25 12:02:10] val_5-way-5-shot_acc: 92.140	0.319
[06/25 12:02:10] BEST!
[06/25 12:08:15] 
[06/25 12:08:15] epoch 72/130, iter 18000:
[06/25 12:08:15] train_loss: 1.30520
[06/25 12:08:15] train_acc: 80.927
[06/25 12:12:30] val_5-way-5-shot_acc: 91.575	0.327
[06/25 12:18:21] 
[06/25 12:18:21] epoch 73/130, iter 18250:
[06/25 12:18:21] train_loss: 1.27604
[06/25 12:18:21] train_acc: 81.217
[06/25 12:22:38] val_5-way-5-shot_acc: 91.799	0.323
[06/25 12:28:38] 
[06/25 12:28:38] epoch 74/130, iter 18500:
[06/25 12:28:38] train_loss: 1.22233
[06/25 12:28:38] train_acc: 82.056
[06/25 12:33:02] val_5-way-5-shot_acc: 91.787	0.318
[06/25 12:39:22] 
[06/25 12:39:22] epoch 75/130, iter 18750:
[06/25 12:39:22] train_loss: 1.21251
[06/25 12:39:22] train_acc: 82.213
[06/25 12:43:46] val_5-way-5-shot_acc: 91.930	0.311
[06/25 12:50:06] 
[06/25 12:50:06] epoch 76/130, iter 19000:
[06/25 12:50:06] train_loss: 1.18718
[06/25 12:50:06] train_acc: 82.712
[06/25 12:54:33] val_5-way-5-shot_acc: 91.751	0.320
[06/25 01:00:44] 
[06/25 01:00:44] epoch 77/130, iter 19250:
[06/25 01:00:44] train_loss: 1.17424
[06/25 01:00:44] train_acc: 83.128
[06/25 01:05:11] val_5-way-5-shot_acc: 91.838	0.322
[06/25 01:11:23] 
[06/25 01:11:23] epoch 78/130, iter 19500:
[06/25 01:11:23] train_loss: 1.15375
[06/25 01:11:23] train_acc: 83.325
[06/25 01:15:46] val_5-way-5-shot_acc: 91.858	0.304
[06/25 01:22:07] 
[06/25 01:22:07] epoch 79/130, iter 19750:
[06/25 01:22:07] train_loss: 1.14072
[06/25 01:22:07] train_acc: 83.541
[06/25 01:26:36] val_5-way-5-shot_acc: 91.694	0.329
[06/25 01:32:45] 
[06/25 01:32:45] epoch 80/130, iter 20000:
[06/25 01:32:45] train_loss: 1.12137
[06/25 01:32:45] train_acc: 83.860
[06/25 01:37:12] val_5-way-5-shot_acc: 91.890	0.321
[06/25 01:43:21] 
[06/25 01:43:21] epoch 81/130, iter 20250:
[06/25 01:43:21] train_loss: 1.10904
[06/25 01:43:21] train_acc: 84.076
[06/25 01:47:45] val_5-way-5-shot_acc: 91.763	0.326
[06/25 01:53:56] 
[06/25 01:53:56] epoch 82/130, iter 20500:
[06/25 01:53:56] train_loss: 1.09433
[06/25 01:53:56] train_acc: 84.446
[06/25 01:58:12] val_5-way-5-shot_acc: 91.511	0.326
[06/25 02:04:04] 
[06/25 02:04:04] epoch 83/130, iter 20750:
[06/25 02:04:04] train_loss: 1.10229
[06/25 02:04:04] train_acc: 84.078
[06/25 02:08:25] val_5-way-5-shot_acc: 91.699	0.335
[06/25 02:14:28] 
[06/25 02:14:28] epoch 84/130, iter 21000:
[06/25 02:14:28] train_loss: 1.09421
[06/25 02:14:28] train_acc: 84.493
[06/25 02:18:43] val_5-way-5-shot_acc: 91.449	0.325
[06/25 02:24:35] 
[06/25 02:24:35] epoch 85/130, iter 21250:
[06/25 02:24:35] train_loss: 1.07832
[06/25 02:24:35] train_acc: 84.732
[06/25 02:28:49] val_5-way-5-shot_acc: 91.719	0.317
[06/25 02:34:41] 
[06/25 02:34:41] epoch 86/130, iter 21500:
[06/25 02:34:41] train_loss: 1.07951
[06/25 02:34:41] train_acc: 84.590
[06/25 02:38:49] val_5-way-5-shot_acc: 92.028	0.324
[06/25 02:44:25] 
[06/25 02:44:25] epoch 87/130, iter 21750:
[06/25 02:44:25] train_loss: 1.07889
[06/25 02:44:25] train_acc: 84.721
[06/25 02:48:31] val_5-way-5-shot_acc: 91.906	0.308
[06/25 02:54:07] 
[06/25 02:54:07] epoch 88/130, iter 22000:
[06/25 02:54:07] train_loss: 1.06396
[06/25 02:54:07] train_acc: 85.126
[06/25 02:58:15] val_5-way-5-shot_acc: 92.440	0.303
[06/25 02:58:15] BEST!
[06/25 03:03:57] 
[06/25 03:03:57] epoch 89/130, iter 22250:
[06/25 03:03:57] train_loss: 1.05880
[06/25 03:03:57] train_acc: 85.127
[06/25 03:08:02] val_5-way-5-shot_acc: 91.931	0.309
[06/25 03:13:43] 
[06/25 03:13:43] epoch 90/130, iter 22500:
[06/25 03:13:43] train_loss: 1.06387
[06/25 03:13:43] train_acc: 85.130
[06/25 03:17:50] val_5-way-5-shot_acc: 91.718	0.309
[06/25 03:23:30] 
[06/25 03:23:30] epoch 91/130, iter 22750:
[06/25 03:23:30] train_loss: 1.06497
[06/25 03:23:30] train_acc: 85.067
[06/25 03:27:35] val_5-way-5-shot_acc: 92.229	0.300
[06/25 03:33:15] 
[06/25 03:33:15] epoch 92/130, iter 23000:
[06/25 03:33:15] train_loss: 1.06218
[06/25 03:33:15] train_acc: 85.042
[06/25 03:37:23] val_5-way-5-shot_acc: 91.845	0.329
[06/25 03:43:07] 
[06/25 03:43:07] epoch 93/130, iter 23250:
[06/25 03:43:07] train_loss: 1.05799
[06/25 03:43:07] train_acc: 85.194
[06/25 03:47:17] val_5-way-5-shot_acc: 92.085	0.326
[06/25 03:53:00] 
[06/25 03:53:00] epoch 94/130, iter 23500:
[06/25 03:53:00] train_loss: 1.04702
[06/25 03:53:00] train_acc: 85.456
[06/25 03:57:07] val_5-way-5-shot_acc: 91.812	0.320
[06/25 04:03:10] 
[06/25 04:03:10] epoch 95/130, iter 23750:
[06/25 04:03:10] train_loss: 1.04733
[06/25 04:03:10] train_acc: 85.292
[06/25 04:07:34] val_5-way-5-shot_acc: 92.343	0.297
[06/25 04:13:46] 
[06/25 04:13:46] epoch 96/130, iter 24000:
[06/25 04:13:46] train_loss: 1.04787
[06/25 04:13:46] train_acc: 85.396
[06/25 04:18:16] val_5-way-5-shot_acc: 91.871	0.300
[06/25 04:24:28] 
[06/25 04:24:28] epoch 97/130, iter 24250:
[06/25 04:24:28] train_loss: 1.04953
[06/25 04:24:28] train_acc: 85.424
[06/25 04:28:54] val_5-way-5-shot_acc: 91.921	0.317
[06/25 04:35:19] 
[06/25 04:35:19] epoch 98/130, iter 24500:
[06/25 04:35:19] train_loss: 1.04878
[06/25 04:35:19] train_acc: 85.764
[06/25 04:39:37] val_5-way-5-shot_acc: 91.914	0.313
[06/25 04:45:40] 
[06/25 04:45:40] epoch 99/130, iter 24750:
[06/25 04:45:40] train_loss: 1.05080
[06/25 04:45:40] train_acc: 85.583
[06/25 04:50:05] val_5-way-5-shot_acc: 90.946	0.339
[06/25 04:56:12] 
[06/25 04:56:12] epoch 100/130, iter 25000:
[06/25 04:56:12] train_loss: 1.05329
[06/25 04:56:12] train_acc: 85.503
[06/25 05:00:35] val_5-way-5-shot_acc: 92.239	0.318
[06/25 05:06:41] 
[06/25 05:06:41] epoch 101/130, iter 25250:
[06/25 05:06:41] train_loss: 0.96679
[06/25 05:06:41] train_acc: 86.708
[06/25 05:11:02] val_5-way-5-shot_acc: 92.156	0.314
[06/25 05:17:11] 
[06/25 05:17:11] epoch 102/130, iter 25500:
[06/25 05:17:11] train_loss: 0.93577
[06/25 05:17:11] train_acc: 87.092
[06/25 05:21:28] val_5-way-5-shot_acc: 92.336	0.312
[06/25 05:27:34] 
[06/25 05:27:34] epoch 103/130, iter 25750:
[06/25 05:27:34] train_loss: 0.92478
[06/25 05:27:34] train_acc: 87.197
[06/25 05:32:02] val_5-way-5-shot_acc: 92.364	0.301
[06/25 05:38:09] 
[06/25 05:38:09] epoch 104/130, iter 26000:
[06/25 05:38:09] train_loss: 0.92714
[06/25 05:38:09] train_acc: 87.161
[06/25 05:42:28] val_5-way-5-shot_acc: 92.486	0.289
[06/25 05:42:28] BEST!
[06/25 05:48:27] 
[06/25 05:48:27] epoch 105/130, iter 26250:
[06/25 05:48:27] train_loss: 0.91562
[06/25 05:48:27] train_acc: 87.349
[06/25 05:52:45] val_5-way-5-shot_acc: 92.345	0.307
[06/25 05:58:48] 
[06/25 05:58:48] epoch 106/130, iter 26500:
[06/25 05:58:48] train_loss: 0.89946
[06/25 05:58:48] train_acc: 87.638
[06/25 06:03:07] val_5-way-5-shot_acc: 92.433	0.299
[06/25 06:09:05] 
[06/25 06:09:05] epoch 107/130, iter 26750:
[06/25 06:09:05] train_loss: 0.91350
[06/25 06:09:05] train_acc: 87.374
[06/25 06:13:24] val_5-way-5-shot_acc: 92.186	0.305
[06/25 06:19:30] 
[06/25 06:19:30] epoch 108/130, iter 27000:
[06/25 06:19:30] train_loss: 0.89643
[06/25 06:19:30] train_acc: 87.670
[06/25 06:23:53] val_5-way-5-shot_acc: 92.302	0.312
[06/25 06:29:50] 
[06/25 06:29:50] epoch 109/130, iter 27250:
[06/25 06:29:50] train_loss: 0.89546
[06/25 06:29:50] train_acc: 87.710
[06/25 06:34:08] val_5-way-5-shot_acc: 92.201	0.318
[06/25 06:40:09] 
[06/25 06:40:09] epoch 110/130, iter 27500:
[06/25 06:40:09] train_loss: 0.88680
[06/25 06:40:09] train_acc: 87.738
[06/25 06:44:26] val_5-way-5-shot_acc: 92.073	0.303
[06/25 06:50:23] 
[06/25 06:50:23] epoch 111/130, iter 27750:
[06/25 06:50:23] train_loss: 0.89579
[06/25 06:50:23] train_acc: 87.821
[06/25 06:54:40] val_5-way-5-shot_acc: 92.229	0.315
[06/25 07:00:37] 
[06/25 07:00:37] epoch 112/130, iter 28000:
[06/25 07:00:37] train_loss: 0.90053
[06/25 07:00:37] train_acc: 87.716
[06/25 07:04:51] val_5-way-5-shot_acc: 92.521	0.289
[06/25 07:04:51] BEST!
[06/25 07:10:38] 
[06/25 07:10:38] epoch 113/130, iter 28250:
[06/25 07:10:38] train_loss: 0.90579
[06/25 07:10:38] train_acc: 87.514
[06/25 07:14:48] val_5-way-5-shot_acc: 92.478	0.309
[06/25 07:20:39] 
[06/25 07:20:39] epoch 114/130, iter 28500:
[06/25 07:20:39] train_loss: 0.88990
[06/25 07:20:39] train_acc: 87.754
[06/25 07:24:50] val_5-way-5-shot_acc: 92.314	0.307
[06/25 07:30:42] 
[06/25 07:30:42] epoch 115/130, iter 28750:
[06/25 07:30:42] train_loss: 0.89102
[06/25 07:30:42] train_acc: 87.761
[06/25 07:34:53] val_5-way-5-shot_acc: 92.285	0.306
[06/25 07:40:46] 
[06/25 07:40:46] epoch 116/130, iter 29000:
[06/25 07:40:46] train_loss: 0.89641
[06/25 07:40:46] train_acc: 87.620
[06/25 07:44:57] val_5-way-5-shot_acc: 92.373	0.301
[06/25 07:50:50] 
[06/25 07:50:50] epoch 117/130, iter 29250:
[06/25 07:50:50] train_loss: 0.89957
[06/25 07:50:50] train_acc: 87.748
[06/25 07:55:04] val_5-way-5-shot_acc: 92.172	0.312
[06/25 08:00:54] 
[06/25 08:00:54] epoch 118/130, iter 29500:
[06/25 08:00:54] train_loss: 0.88161
[06/25 08:00:54] train_acc: 87.805
[06/25 08:05:05] val_5-way-5-shot_acc: 92.347	0.302
[06/25 08:10:57] 
[06/25 08:10:57] epoch 119/130, iter 29750:
[06/25 08:10:57] train_loss: 0.87434
[06/25 08:10:57] train_acc: 88.057
[06/25 08:15:08] val_5-way-5-shot_acc: 92.259	0.317
[06/25 08:20:59] 
[06/25 08:20:59] epoch 120/130, iter 30000:
[06/25 08:20:59] train_loss: 0.88022
[06/25 08:20:59] train_acc: 87.952
[06/25 08:25:10] val_5-way-5-shot_acc: 92.356	0.301
[06/25 08:31:05] 
[06/25 08:31:05] epoch 121/130, iter 30250:
[06/25 08:31:05] train_loss: 0.89162
[06/25 08:31:05] train_acc: 87.738
[06/25 08:35:18] val_5-way-5-shot_acc: 92.662	0.302
[06/25 08:35:18] BEST!
[06/25 08:41:08] 
[06/25 08:41:08] epoch 122/130, iter 30500:
[06/25 08:41:08] train_loss: 0.87558
[06/25 08:41:08] train_acc: 88.172
[06/25 08:45:20] val_5-way-5-shot_acc: 92.192	0.303
[06/25 08:51:13] 
[06/25 08:51:13] epoch 123/130, iter 30750:
[06/25 08:51:13] train_loss: 0.86909
[06/25 08:51:13] train_acc: 88.205
[06/25 08:55:24] val_5-way-5-shot_acc: 92.550	0.298
[06/25 09:01:16] 
[06/25 09:01:16] epoch 124/130, iter 31000:
[06/25 09:01:16] train_loss: 0.87650
[06/25 09:01:16] train_acc: 88.100
[06/25 09:05:27] val_5-way-5-shot_acc: 92.366	0.312
[06/25 09:11:20] 
[06/25 09:11:20] epoch 125/130, iter 31250:
[06/25 09:11:20] train_loss: 0.87165
[06/25 09:11:20] train_acc: 88.071
[06/25 09:15:33] val_5-way-5-shot_acc: 92.448	0.295
[06/25 09:21:29] 
[06/25 09:21:29] epoch 126/130, iter 31500:
[06/25 09:21:29] train_loss: 0.87441
[06/25 09:21:29] train_acc: 88.076
[06/25 09:25:51] val_5-way-5-shot_acc: 92.201	0.308
[06/25 09:31:49] 
[06/25 09:31:49] epoch 127/130, iter 31750:
[06/25 09:31:49] train_loss: 0.85475
[06/25 09:31:49] train_acc: 88.466
[06/25 09:36:06] val_5-way-5-shot_acc: 92.475	0.294
[06/25 09:42:01] 
[06/25 09:42:01] epoch 128/130, iter 32000:
[06/25 09:42:01] train_loss: 0.86000
[06/25 09:42:01] train_acc: 88.386
[06/25 09:46:15] val_5-way-5-shot_acc: 92.369	0.311
[06/25 09:52:11] 
[06/25 09:52:11] epoch 129/130, iter 32250:
[06/25 09:52:11] train_loss: 0.87579
[06/25 09:52:11] train_acc: 88.093
[06/25 09:56:20] val_5-way-5-shot_acc: 92.168	0.304
[06/25 10:02:08] 
[06/25 10:02:08] epoch 130/130, iter 32500:
[06/25 10:02:08] train_loss: 0.86650
[06/25 10:02:08] train_acc: 88.316
[06/25 10:06:20] val_5-way-5-shot_acc: 92.647	0.291
[06/25 10:06:20] training finished!
[06/25 10:06:20] ------------------------
[06/25 10:06:20] the best epoch is 121/130
[06/25 10:06:20] the best 5-way 5-shot val acc is 92.662
[06/25 10:06:20] ------------------------
[06/25 10:06:20] evaluating on test set:
[06/25 10:13:44] 5-way-1-shot acc: 84.28	0.44
[06/25 10:22:35] 5-way-5-shot acc: 92.18	0.21
