[12/25 04:42:46] display all the hyper-parameters in args:
[12/25 04:42:46] opt: sgd
[12/25 04:42:46] lr: 0.1
[12/25 04:42:46] gamma: 0.1
[12/25 04:42:46] epoch: 150
[12/25 04:42:46] weight_decay: 0.0005
[12/25 04:42:46] gpu: 1
[12/25 04:42:46] seed: 42
[12/25 04:42:46] val_epoch: 1
[12/25 04:42:46] resnet: True
[12/25 04:42:46] nesterov: True
[12/25 04:42:46] pre: False
[12/25 04:42:46] no_val: False
[12/25 04:42:46] train_way: 30
[12/25 04:42:46] test_way: 5
[12/25 04:42:46] train_shot: 5
[12/25 04:42:46] test_shot: [1, 5]
[12/25 04:42:46] train_query_shot: 15
[12/25 04:42:46] test_query_shot: 16
[12/25 04:42:46] train_transform_type: 0
[12/25 04:42:46] test_transform_type: 0
[12/25 04:42:46] val_trial: 1000
[12/25 04:42:46] detailed_name: False
[12/25 04:42:46] dataset: stanford_dog
[12/25 04:42:46] alpha: 0.5
[12/25 04:42:46] model: C2_Net
[12/25 04:42:46] resume: False
[12/25 04:42:46] resume_epoch: 0
[12/25 04:42:46] save_folder: /home/temp/py/MDF-Net/experiments/StanfordDog/C2_Net/ResNet-12_5-shot
[12/25 04:42:46] ------------------------
[12/25 04:42:47] start training!
