[06/23 04:47:41] display all the hyper-parameters in args:
[06/23 04:47:41] opt: sgd
[06/23 04:47:41] lr: 0.1
[06/23 04:47:41] gamma: 0.1
[06/23 04:47:41] epoch: 130
[06/23 04:47:41] weight_decay: 0.0005
[06/23 04:47:41] gpu: 3
[06/23 04:47:41] seed: 42
[06/23 04:47:41] val_epoch: 1
[06/23 04:47:41] resnet: False
[06/23 04:47:41] nesterov: True
[06/23 04:47:41] pre: False
[06/23 04:47:41] no_val: False
[06/23 04:47:41] train_way: 30
[06/23 04:47:41] test_way: 5
[06/23 04:47:41] train_shot: 5
[06/23 04:47:41] test_shot: [1, 5]
[06/23 04:47:41] train_query_shot: 15
[06/23 04:47:41] test_query_shot: 16
[06/23 04:47:41] train_transform_type: 0
[06/23 04:47:41] test_transform_type: 0
[06/23 04:47:41] val_trial: 1000
[06/23 04:47:41] detailed_name: False
[06/23 04:47:41] dataset: stanford_car
[06/23 04:47:41] alpha: 0.5
[06/23 04:47:41] model: MDF_Net
[06/23 04:47:41] resume: False
[06/23 04:47:41] resume_epoch: 0
[06/23 04:47:41] save_folder: /home/temp/py/model_design/MDF-Net_adjust/experiments/StanfordCar/MDF_Net/Conv-4_5-shot
[06/23 04:47:41] ------------------------
[06/23 04:47:42] start training!
[06/23 04:52:05] 
[06/23 04:52:05] epoch 1/130, iter 250:
[06/23 04:52:05] train_loss: 6.65170
[06/23 04:52:05] train_acc: 6.978
[06/23 04:55:53] val_5-way-5-shot_acc: 34.785	0.609
[06/23 04:55:53] BEST!
[06/23 05:00:28] 
[06/23 05:00:28] epoch 2/130, iter 500:
[06/23 05:00:28] train_loss: 6.51426
[06/23 05:00:28] train_acc: 9.212
[06/23 05:04:22] val_5-way-5-shot_acc: 40.211	0.623
[06/23 05:04:22] BEST!
[06/23 05:08:48] 
[06/23 05:08:48] epoch 3/130, iter 750:
[06/23 05:08:48] train_loss: 6.09069
[06/23 05:08:48] train_acc: 13.988
[06/23 05:12:45] val_5-way-5-shot_acc: 53.561	0.601
[06/23 05:12:45] BEST!
[06/23 05:16:47] 
[06/23 05:16:47] epoch 4/130, iter 1000:
[06/23 05:16:47] train_loss: 5.39821
[06/23 05:16:47] train_acc: 21.120
[06/23 05:20:15] val_5-way-5-shot_acc: 66.733	0.583
[06/23 05:20:15] BEST!
[06/23 05:24:09] 
[06/23 05:24:09] epoch 5/130, iter 1250:
[06/23 05:24:09] train_loss: 4.87416
[06/23 05:24:09] train_acc: 28.050
[06/23 05:27:41] val_5-way-5-shot_acc: 72.131	0.573
[06/23 05:27:41] BEST!
[06/23 05:31:55] 
[06/23 05:31:55] epoch 6/130, iter 1500:
[06/23 05:31:55] train_loss: 4.42007
[06/23 05:31:55] train_acc: 34.380
[06/23 05:35:43] val_5-way-5-shot_acc: 73.808	0.592
[06/23 05:35:43] BEST!
[06/23 05:40:06] 
[06/23 05:40:06] epoch 7/130, iter 1750:
[06/23 05:40:06] train_loss: 4.07828
[06/23 05:40:06] train_acc: 39.592
[06/23 05:43:49] val_5-way-5-shot_acc: 75.490	0.584
[06/23 05:43:49] BEST!
[06/23 05:48:10] 
[06/23 05:48:10] epoch 8/130, iter 2000:
[06/23 05:48:10] train_loss: 3.79581
[06/23 05:48:10] train_acc: 43.720
[06/23 05:52:09] val_5-way-5-shot_acc: 76.061	0.516
[06/23 05:52:09] BEST!
[06/23 05:56:21] 
[06/23 05:56:21] epoch 9/130, iter 2250:
[06/23 05:56:21] train_loss: 3.53390
[06/23 05:56:21] train_acc: 47.762
[06/23 06:00:29] val_5-way-5-shot_acc: 79.022	0.499
[06/23 06:00:29] BEST!
[06/23 06:05:22] 
[06/23 06:05:22] epoch 10/130, iter 2500:
[06/23 06:05:22] train_loss: 3.39849
[06/23 06:05:22] train_acc: 50.164
[06/23 06:09:16] val_5-way-5-shot_acc: 80.486	0.489
[06/23 06:09:16] BEST!
[06/23 06:13:29] 
[06/23 06:13:29] epoch 11/130, iter 2750:
[06/23 06:13:29] train_loss: 3.25027
[06/23 06:13:29] train_acc: 52.386
[06/23 06:17:21] val_5-way-5-shot_acc: 80.840	0.501
[06/23 06:17:21] BEST!
[06/23 06:21:39] 
[06/23 06:21:39] epoch 12/130, iter 3000:
[06/23 06:21:39] train_loss: 3.10587
[06/23 06:21:39] train_acc: 54.585
[06/23 06:25:26] val_5-way-5-shot_acc: 82.014	0.478
[06/23 06:25:26] BEST!
[06/23 06:29:44] 
[06/23 06:29:44] epoch 13/130, iter 3250:
[06/23 06:29:44] train_loss: 3.03480
[06/23 06:29:44] train_acc: 55.969
[06/23 06:33:30] val_5-way-5-shot_acc: 82.157	0.467
[06/23 06:33:30] BEST!
[06/23 06:37:50] 
[06/23 06:37:50] epoch 14/130, iter 3500:
[06/23 06:37:50] train_loss: 2.92713
[06/23 06:37:50] train_acc: 57.560
[06/23 06:41:43] val_5-way-5-shot_acc: 81.340	0.469
[06/23 06:46:32] 
[06/23 06:46:32] epoch 15/130, iter 3750:
[06/23 06:46:32] train_loss: 2.81883
[06/23 06:46:32] train_acc: 59.455
[06/23 06:50:43] val_5-way-5-shot_acc: 82.486	0.491
[06/23 06:50:43] BEST!
[06/23 06:55:32] 
[06/23 06:55:32] epoch 16/130, iter 4000:
[06/23 06:55:32] train_loss: 2.77038
[06/23 06:55:32] train_acc: 60.231
[06/23 06:59:41] val_5-way-5-shot_acc: 84.526	0.477
[06/23 06:59:41] BEST!
[06/23 07:04:28] 
[06/23 07:04:28] epoch 17/130, iter 4250:
[06/23 07:04:28] train_loss: 2.70518
[06/23 07:04:28] train_acc: 61.162
[06/23 07:08:37] val_5-way-5-shot_acc: 82.838	0.467
[06/23 07:13:23] 
[06/23 07:13:23] epoch 18/130, iter 4500:
[06/23 07:13:23] train_loss: 2.67030
[06/23 07:13:23] train_acc: 61.810
[06/23 07:17:53] val_5-way-5-shot_acc: 82.859	0.441
[06/23 07:22:53] 
[06/23 07:22:53] epoch 19/130, iter 4750:
[06/23 07:22:53] train_loss: 2.60946
[06/23 07:22:53] train_acc: 62.859
[06/23 07:26:59] val_5-way-5-shot_acc: 83.116	0.433
[06/23 07:31:45] 
[06/23 07:31:45] epoch 20/130, iter 5000:
[06/23 07:31:45] train_loss: 2.56612
[06/23 07:31:45] train_acc: 63.636
[06/23 07:35:57] val_5-way-5-shot_acc: 83.906	0.457
[06/23 07:40:43] 
[06/23 07:40:43] epoch 21/130, iter 5250:
[06/23 07:40:43] train_loss: 2.55704
[06/23 07:40:43] train_acc: 64.018
[06/23 07:45:08] val_5-way-5-shot_acc: 83.924	0.460
[06/23 07:49:45] 
[06/23 07:49:45] epoch 22/130, iter 5500:
[06/23 07:49:45] train_loss: 2.48392
[06/23 07:49:45] train_acc: 65.157
[06/23 07:53:58] val_5-way-5-shot_acc: 82.449	0.441
[06/23 07:58:40] 
[06/23 07:58:40] epoch 23/130, iter 5750:
[06/23 07:58:40] train_loss: 2.47193
[06/23 07:58:40] train_acc: 65.341
[06/23 08:02:53] val_5-way-5-shot_acc: 83.270	0.462
[06/23 08:07:45] 
[06/23 08:07:45] epoch 24/130, iter 6000:
[06/23 08:07:45] train_loss: 2.42499
[06/23 08:07:45] train_acc: 66.004
[06/23 08:12:01] val_5-way-5-shot_acc: 81.843	0.443
[06/23 08:16:49] 
[06/23 08:16:49] epoch 25/130, iter 6250:
[06/23 08:16:49] train_loss: 2.43254
[06/23 08:16:49] train_acc: 66.015
[06/23 08:21:02] val_5-way-5-shot_acc: 84.186	0.445
[06/23 08:25:56] 
[06/23 08:25:56] epoch 26/130, iter 6500:
[06/23 08:25:56] train_loss: 2.39230
[06/23 08:25:56] train_acc: 66.778
[06/23 08:30:08] val_5-way-5-shot_acc: 83.537	0.455
[06/23 08:35:17] 
[06/23 08:35:17] epoch 27/130, iter 6750:
[06/23 08:35:17] train_loss: 2.34226
[06/23 08:35:17] train_acc: 67.378
[06/23 08:39:53] val_5-way-5-shot_acc: 85.064	0.437
[06/23 08:39:53] BEST!
[06/23 08:44:44] 
[06/23 08:44:44] epoch 28/130, iter 7000:
[06/23 08:44:44] train_loss: 2.33791
[06/23 08:44:44] train_acc: 67.494
[06/23 08:49:04] val_5-way-5-shot_acc: 84.650	0.462
[06/23 08:54:07] 
[06/23 08:54:07] epoch 29/130, iter 7250:
[06/23 08:54:07] train_loss: 2.32317
[06/23 08:54:07] train_acc: 67.756
[06/23 08:58:11] val_5-way-5-shot_acc: 84.255	0.450
[06/23 09:02:31] 
[06/23 09:02:31] epoch 30/130, iter 7500:
[06/23 09:02:31] train_loss: 2.31629
[06/23 09:02:31] train_acc: 67.922
[06/23 09:06:25] val_5-way-5-shot_acc: 84.491	0.437
[06/23 09:10:43] 
[06/23 09:10:43] epoch 31/130, iter 7750:
[06/23 09:10:43] train_loss: 2.28062
[06/23 09:10:43] train_acc: 68.545
[06/23 09:14:34] val_5-way-5-shot_acc: 82.909	0.440
[06/23 09:18:45] 
[06/23 09:18:45] epoch 32/130, iter 8000:
[06/23 09:18:45] train_loss: 2.24885
[06/23 09:18:45] train_acc: 68.954
[06/23 09:22:31] val_5-way-5-shot_acc: 84.641	0.430
[06/23 09:26:47] 
[06/23 09:26:47] epoch 33/130, iter 8250:
[06/23 09:26:47] train_loss: 2.27331
[06/23 09:26:47] train_acc: 68.842
[06/23 09:30:46] val_5-way-5-shot_acc: 85.524	0.426
[06/23 09:30:46] BEST!
[06/23 09:35:02] 
[06/23 09:35:02] epoch 34/130, iter 8500:
[06/23 09:35:02] train_loss: 2.23807
[06/23 09:35:02] train_acc: 69.291
[06/23 09:38:54] val_5-way-5-shot_acc: 83.701	0.452
[06/23 09:43:11] 
[06/23 09:43:11] epoch 35/130, iter 8750:
[06/23 09:43:11] train_loss: 2.25072
[06/23 09:43:11] train_acc: 69.154
[06/23 09:47:06] val_5-way-5-shot_acc: 86.180	0.402
[06/23 09:47:06] BEST!
[06/23 09:51:18] 
[06/23 09:51:18] epoch 36/130, iter 9000:
[06/23 09:51:18] train_loss: 2.21394
[06/23 09:51:18] train_acc: 69.566
[06/23 09:55:11] val_5-way-5-shot_acc: 84.625	0.439
[06/23 09:59:36] 
[06/23 09:59:36] epoch 37/130, iter 9250:
[06/23 09:59:36] train_loss: 2.22822
[06/23 09:59:36] train_acc: 69.564
[06/23 10:03:59] val_5-way-5-shot_acc: 84.629	0.460
[06/23 10:08:22] 
[06/23 10:08:22] epoch 38/130, iter 9500:
[06/23 10:08:22] train_loss: 2.20489
[06/23 10:08:22] train_acc: 69.729
[06/23 10:12:19] val_5-way-5-shot_acc: 83.096	0.422
[06/23 10:16:57] 
[06/23 10:16:57] epoch 39/130, iter 9750:
[06/23 10:16:57] train_loss: 2.19463
[06/23 10:16:57] train_acc: 69.994
[06/23 10:20:52] val_5-way-5-shot_acc: 85.289	0.398
[06/23 10:25:07] 
[06/23 10:25:07] epoch 40/130, iter 10000:
[06/23 10:25:07] train_loss: 2.17946
[06/23 10:25:07] train_acc: 70.212
[06/23 10:29:16] val_5-way-5-shot_acc: 84.237	0.459
[06/23 10:33:46] 
[06/23 10:33:46] epoch 41/130, iter 10250:
[06/23 10:33:46] train_loss: 2.17316
[06/23 10:33:46] train_acc: 70.386
[06/23 10:37:39] val_5-way-5-shot_acc: 85.405	0.437
[06/23 10:42:39] 
[06/23 10:42:39] epoch 42/130, iter 10500:
[06/23 10:42:39] train_loss: 2.14605
[06/23 10:42:39] train_acc: 70.771
[06/23 10:47:05] val_5-way-5-shot_acc: 86.335	0.390
[06/23 10:47:05] BEST!
[06/23 10:52:03] 
[06/23 10:52:03] epoch 43/130, iter 10750:
[06/23 10:52:03] train_loss: 2.16849
[06/23 10:52:03] train_acc: 70.502
[06/23 10:56:12] val_5-way-5-shot_acc: 86.421	0.420
[06/23 10:56:12] BEST!
[06/23 11:00:54] 
[06/23 11:00:54] epoch 44/130, iter 11000:
[06/23 11:00:54] train_loss: 2.15720
[06/23 11:00:54] train_acc: 70.534
[06/23 11:05:13] val_5-way-5-shot_acc: 85.801	0.424
[06/23 11:11:03] 
[06/23 11:11:03] epoch 45/130, iter 11250:
[06/23 11:11:03] train_loss: 2.13945
[06/23 11:11:03] train_acc: 70.905
[06/23 11:15:43] val_5-way-5-shot_acc: 84.924	0.450
[06/23 11:20:32] 
[06/23 11:20:32] epoch 46/130, iter 11500:
[06/23 11:20:32] train_loss: 2.13947
[06/23 11:20:32] train_acc: 70.993
[06/23 11:25:01] val_5-way-5-shot_acc: 85.794	0.411
[06/23 11:29:54] 
[06/23 11:29:54] epoch 47/130, iter 11750:
[06/23 11:29:54] train_loss: 2.13819
[06/23 11:29:54] train_acc: 71.015
[06/23 11:34:20] val_5-way-5-shot_acc: 85.618	0.427
[06/23 11:39:22] 
[06/23 11:39:22] epoch 48/130, iter 12000:
[06/23 11:39:22] train_loss: 2.11780
[06/23 11:39:22] train_acc: 71.202
[06/23 11:44:04] val_5-way-5-shot_acc: 85.219	0.456
[06/23 11:49:11] 
[06/23 11:49:11] epoch 49/130, iter 12250:
[06/23 11:49:11] train_loss: 2.11433
[06/23 11:49:11] train_acc: 71.244
[06/23 11:53:47] val_5-way-5-shot_acc: 86.874	0.401
[06/23 11:53:47] BEST!
[06/23 11:58:15] 
[06/23 11:58:15] epoch 50/130, iter 12500:
[06/23 11:58:15] train_loss: 2.11421
[06/23 11:58:15] train_acc: 71.367
[06/24 12:02:01] val_5-way-5-shot_acc: 85.709	0.428
[06/24 12:06:18] 
[06/24 12:06:18] epoch 51/130, iter 12750:
[06/24 12:06:18] train_loss: 2.10838
[06/24 12:06:18] train_acc: 71.394
[06/24 12:10:11] val_5-way-5-shot_acc: 85.031	0.413
[06/24 12:14:32] 
[06/24 12:14:32] epoch 52/130, iter 13000:
[06/24 12:14:32] train_loss: 2.09383
[06/24 12:14:32] train_acc: 71.571
[06/24 12:18:26] val_5-way-5-shot_acc: 87.278	0.374
[06/24 12:18:26] BEST!
[06/24 12:22:40] 
[06/24 12:22:40] epoch 53/130, iter 13250:
[06/24 12:22:40] train_loss: 2.10953
[06/24 12:22:40] train_acc: 71.394
[06/24 12:26:30] val_5-way-5-shot_acc: 86.331	0.395
[06/24 12:31:57] 
[06/24 12:31:57] epoch 54/130, iter 13500:
[06/24 12:31:57] train_loss: 2.06367
[06/24 12:31:57] train_acc: 72.125
[06/24 12:38:39] val_5-way-5-shot_acc: 83.900	0.453
[06/24 12:46:07] 
[06/24 12:46:07] epoch 55/130, iter 13750:
[06/24 12:46:07] train_loss: 2.10022
[06/24 12:46:07] train_acc: 71.788
[06/24 12:52:49] val_5-way-5-shot_acc: 85.615	0.396
[06/24 12:59:54] 
[06/24 12:59:54] epoch 56/130, iter 14000:
[06/24 12:59:54] train_loss: 2.09744
[06/24 12:59:54] train_acc: 71.549
[06/24 01:05:58] val_5-way-5-shot_acc: 86.209	0.401
[06/24 01:10:53] 
[06/24 01:10:53] epoch 57/130, iter 14250:
[06/24 01:10:53] train_loss: 2.08184
[06/24 01:10:53] train_acc: 71.833
[06/24 01:14:55] val_5-way-5-shot_acc: 85.236	0.415
[06/24 01:19:55] 
[06/24 01:19:55] epoch 58/130, iter 14500:
[06/24 01:19:55] train_loss: 2.06356
[06/24 01:19:55] train_acc: 72.172
[06/24 01:26:02] val_5-way-5-shot_acc: 85.838	0.443
[06/24 01:32:53] 
[06/24 01:32:53] epoch 59/130, iter 14750:
[06/24 01:32:53] train_loss: 2.08802
[06/24 01:32:53] train_acc: 71.852
[06/24 01:39:04] val_5-way-5-shot_acc: 85.213	0.446
[06/24 01:45:43] 
[06/24 01:45:43] epoch 60/130, iter 15000:
[06/24 01:45:43] train_loss: 2.07247
[06/24 01:45:43] train_acc: 71.974
[06/24 01:52:08] val_5-way-5-shot_acc: 83.815	0.459
[06/24 01:59:20] 
[06/24 01:59:20] epoch 61/130, iter 15250:
[06/24 01:59:20] train_loss: 2.04101
[06/24 01:59:20] train_acc: 72.652
[06/24 02:04:32] val_5-way-5-shot_acc: 86.264	0.399
[06/24 02:09:23] 
[06/24 02:09:23] epoch 62/130, iter 15500:
[06/24 02:09:23] train_loss: 2.02917
[06/24 02:09:23] train_acc: 72.764
[06/24 02:14:50] val_5-way-5-shot_acc: 86.343	0.448
[06/24 02:20:33] 
[06/24 02:20:33] epoch 63/130, iter 15750:
[06/24 02:20:33] train_loss: 2.05009
[06/24 02:20:33] train_acc: 72.369
[06/24 02:26:10] val_5-way-5-shot_acc: 86.317	0.411
[06/24 02:32:20] 
[06/24 02:32:20] epoch 64/130, iter 16000:
[06/24 02:32:20] train_loss: 2.03846
[06/24 02:32:20] train_acc: 72.527
[06/24 02:37:53] val_5-way-5-shot_acc: 84.728	0.426
[06/24 02:43:56] 
[06/24 02:43:56] epoch 65/130, iter 16250:
[06/24 02:43:56] train_loss: 2.05407
[06/24 02:43:56] train_acc: 72.217
[06/24 02:48:41] val_5-way-5-shot_acc: 86.019	0.401
[06/24 02:54:12] 
[06/24 02:54:12] epoch 66/130, iter 16500:
[06/24 02:54:12] train_loss: 2.02330
[06/24 02:54:12] train_acc: 72.844
[06/24 02:58:33] val_5-way-5-shot_acc: 86.104	0.406
[06/24 03:02:53] 
[06/24 03:02:53] epoch 67/130, iter 16750:
[06/24 03:02:53] train_loss: 2.00914
[06/24 03:02:53] train_acc: 73.026
[06/24 03:06:42] val_5-way-5-shot_acc: 86.552	0.393
[06/24 03:10:59] 
[06/24 03:10:59] epoch 68/130, iter 17000:
[06/24 03:10:59] train_loss: 2.02905
[06/24 03:10:59] train_acc: 72.808
[06/24 03:14:55] val_5-way-5-shot_acc: 85.261	0.436
[06/24 03:19:11] 
[06/24 03:19:11] epoch 69/130, iter 17250:
[06/24 03:19:11] train_loss: 2.03202
[06/24 03:19:11] train_acc: 72.804
[06/24 03:23:03] val_5-way-5-shot_acc: 83.856	0.443
[06/24 03:27:18] 
[06/24 03:27:18] epoch 70/130, iter 17500:
[06/24 03:27:18] train_loss: 2.02891
[06/24 03:27:18] train_acc: 72.697
[06/24 03:31:15] val_5-way-5-shot_acc: 85.881	0.407
[06/24 03:35:24] 
[06/24 03:35:24] epoch 71/130, iter 17750:
[06/24 03:35:24] train_loss: 1.62186
[06/24 03:35:24] train_acc: 77.691
[06/24 03:39:12] val_5-way-5-shot_acc: 90.124	0.353
[06/24 03:39:12] BEST!
[06/24 03:43:26] 
[06/24 03:43:26] epoch 72/130, iter 18000:
[06/24 03:43:26] train_loss: 1.46571
[06/24 03:43:26] train_acc: 79.875
[06/24 03:47:14] val_5-way-5-shot_acc: 90.061	0.349
[06/24 03:51:31] 
[06/24 03:51:31] epoch 73/130, iter 18250:
[06/24 03:51:31] train_loss: 1.40274
[06/24 03:51:31] train_acc: 80.574
[06/24 03:55:13] val_5-way-5-shot_acc: 90.093	0.363
[06/24 03:59:22] 
[06/24 03:59:22] epoch 74/130, iter 18500:
[06/24 03:59:22] train_loss: 1.37795
[06/24 03:59:22] train_acc: 80.962
[06/24 04:03:14] val_5-way-5-shot_acc: 90.132	0.363
[06/24 04:03:14] BEST!
[06/24 04:07:33] 
[06/24 04:07:33] epoch 75/130, iter 18750:
[06/24 04:07:33] train_loss: 1.34019
[06/24 04:07:33] train_acc: 81.588
[06/24 04:11:25] val_5-way-5-shot_acc: 90.264	0.349
[06/24 04:11:25] BEST!
[06/24 04:15:42] 
[06/24 04:15:42] epoch 76/130, iter 19000:
[06/24 04:15:42] train_loss: 1.31765
[06/24 04:15:42] train_acc: 82.052
[06/24 04:19:31] val_5-way-5-shot_acc: 90.317	0.352
[06/24 04:19:31] BEST!
[06/24 04:23:43] 
[06/24 04:23:43] epoch 77/130, iter 19250:
[06/24 04:23:43] train_loss: 1.31002
[06/24 04:23:43] train_acc: 82.173
[06/24 04:27:35] val_5-way-5-shot_acc: 90.552	0.361
[06/24 04:27:35] BEST!
[06/24 04:31:48] 
[06/24 04:31:48] epoch 78/130, iter 19500:
[06/24 04:31:48] train_loss: 1.30194
[06/24 04:31:48] train_acc: 82.273
[06/24 04:35:40] val_5-way-5-shot_acc: 90.161	0.351
[06/24 04:39:53] 
[06/24 04:39:53] epoch 79/130, iter 19750:
[06/24 04:39:53] train_loss: 1.28674
[06/24 04:39:53] train_acc: 82.437
[06/24 04:43:46] val_5-way-5-shot_acc: 90.618	0.340
[06/24 04:43:46] BEST!
[06/24 04:47:58] 
[06/24 04:47:58] epoch 80/130, iter 20000:
[06/24 04:47:58] train_loss: 1.29254
[06/24 04:47:58] train_acc: 82.457
[06/24 04:51:56] val_5-way-5-shot_acc: 90.471	0.343
[06/24 04:56:12] 
[06/24 04:56:12] epoch 81/130, iter 20250:
[06/24 04:56:12] train_loss: 1.26739
[06/24 04:56:12] train_acc: 82.702
[06/24 05:00:08] val_5-way-5-shot_acc: 90.774	0.350
[06/24 05:00:08] BEST!
[06/24 05:04:21] 
[06/24 05:04:21] epoch 82/130, iter 20500:
[06/24 05:04:21] train_loss: 1.26510
[06/24 05:04:21] train_acc: 83.044
[06/24 05:08:13] val_5-way-5-shot_acc: 90.804	0.331
[06/24 05:08:13] BEST!
[06/24 05:12:24] 
[06/24 05:12:24] epoch 83/130, iter 20750:
[06/24 05:12:24] train_loss: 1.25645
[06/24 05:12:24] train_acc: 83.115
[06/24 05:16:17] val_5-way-5-shot_acc: 90.164	0.359
[06/24 05:20:31] 
[06/24 05:20:31] epoch 84/130, iter 21000:
[06/24 05:20:31] train_loss: 1.25291
[06/24 05:20:31] train_acc: 82.917
[06/24 05:24:26] val_5-way-5-shot_acc: 90.336	0.352
[06/24 05:28:41] 
[06/24 05:28:41] epoch 85/130, iter 21250:
[06/24 05:28:41] train_loss: 1.24885
[06/24 05:28:41] train_acc: 83.141
[06/24 05:32:32] val_5-way-5-shot_acc: 90.190	0.345
[06/24 05:36:43] 
[06/24 05:36:43] epoch 86/130, iter 21500:
[06/24 05:36:43] train_loss: 1.22852
[06/24 05:36:43] train_acc: 83.377
[06/24 05:40:33] val_5-way-5-shot_acc: 90.151	0.345
[06/24 05:44:49] 
[06/24 05:44:49] epoch 87/130, iter 21750:
[06/24 05:44:49] train_loss: 1.22722
[06/24 05:44:49] train_acc: 83.493
[06/24 05:48:42] val_5-way-5-shot_acc: 89.910	0.362
[06/24 05:52:58] 
[06/24 05:52:58] epoch 88/130, iter 22000:
[06/24 05:52:58] train_loss: 1.22470
[06/24 05:52:58] train_acc: 83.564
[06/24 05:56:54] val_5-way-5-shot_acc: 89.948	0.349
[06/24 06:01:06] 
[06/24 06:01:06] epoch 89/130, iter 22250:
[06/24 06:01:06] train_loss: 1.22249
[06/24 06:01:06] train_acc: 83.563
[06/24 06:04:58] val_5-way-5-shot_acc: 90.347	0.355
[06/24 06:09:11] 
[06/24 06:09:11] epoch 90/130, iter 22500:
[06/24 06:09:11] train_loss: 1.22038
[06/24 06:09:11] train_acc: 83.597
[06/24 06:12:55] val_5-way-5-shot_acc: 90.356	0.351
[06/24 06:17:10] 
[06/24 06:17:10] epoch 91/130, iter 22750:
[06/24 06:17:10] train_loss: 1.22417
[06/24 06:17:10] train_acc: 83.459
[06/24 06:21:01] val_5-way-5-shot_acc: 90.433	0.354
[06/24 06:25:10] 
[06/24 06:25:10] epoch 92/130, iter 23000:
[06/24 06:25:10] train_loss: 1.21439
[06/24 06:25:10] train_acc: 83.822
[06/24 06:29:04] val_5-way-5-shot_acc: 90.168	0.361
[06/24 06:33:17] 
[06/24 06:33:17] epoch 93/130, iter 23250:
[06/24 06:33:17] train_loss: 1.23058
[06/24 06:33:17] train_acc: 83.462
[06/24 06:37:09] val_5-way-5-shot_acc: 89.987	0.388
[06/24 06:41:23] 
[06/24 06:41:23] epoch 94/130, iter 23500:
[06/24 06:41:23] train_loss: 1.20352
[06/24 06:41:23] train_acc: 83.927
[06/24 06:45:14] val_5-way-5-shot_acc: 90.591	0.345
[06/24 06:49:31] 
[06/24 06:49:31] epoch 95/130, iter 23750:
[06/24 06:49:31] train_loss: 1.20802
[06/24 06:49:31] train_acc: 83.863
[06/24 06:53:25] val_5-way-5-shot_acc: 90.541	0.329
[06/24 06:57:50] 
[06/24 06:57:50] epoch 96/130, iter 24000:
[06/24 06:57:50] train_loss: 1.20153
[06/24 06:57:50] train_acc: 84.021
[06/24 07:01:36] val_5-way-5-shot_acc: 90.052	0.378
[06/24 07:05:46] 
[06/24 07:05:46] epoch 97/130, iter 24250:
[06/24 07:05:46] train_loss: 1.20177
[06/24 07:05:46] train_acc: 84.035
[06/24 07:09:35] val_5-way-5-shot_acc: 90.564	0.346
[06/24 07:13:54] 
[06/24 07:13:54] epoch 98/130, iter 24500:
[06/24 07:13:54] train_loss: 1.19972
[06/24 07:13:54] train_acc: 84.036
[06/24 07:18:39] val_5-way-5-shot_acc: 90.361	0.363
[06/24 07:23:53] 
[06/24 07:23:53] epoch 99/130, iter 24750:
[06/24 07:23:53] train_loss: 1.21044
[06/24 07:23:53] train_acc: 83.962
[06/24 07:28:32] val_5-way-5-shot_acc: 89.965	0.368
[06/24 07:33:33] 
[06/24 07:33:33] epoch 100/130, iter 25000:
[06/24 07:33:33] train_loss: 1.19122
[06/24 07:33:33] train_acc: 84.348
[06/24 07:38:29] val_5-way-5-shot_acc: 90.085	0.366
[06/24 07:43:41] 
[06/24 07:43:41] epoch 101/130, iter 25250:
[06/24 07:43:41] train_loss: 1.12283
[06/24 07:43:41] train_acc: 85.172
[06/24 07:47:35] val_5-way-5-shot_acc: 90.734	0.350
[06/24 07:51:50] 
[06/24 07:51:50] epoch 102/130, iter 25500:
[06/24 07:51:50] train_loss: 1.11604
[06/24 07:51:50] train_acc: 84.994
[06/24 07:56:34] val_5-way-5-shot_acc: 90.561	0.352
[06/24 08:01:46] 
[06/24 08:01:46] epoch 103/130, iter 25750:
[06/24 08:01:46] train_loss: 1.09751
[06/24 08:01:46] train_acc: 85.210
[06/24 08:05:34] val_5-way-5-shot_acc: 90.654	0.365
[06/24 08:10:28] 
[06/24 08:10:28] epoch 104/130, iter 26000:
[06/24 08:10:28] train_loss: 1.09330
[06/24 08:10:28] train_acc: 85.323
[06/24 08:15:17] val_5-way-5-shot_acc: 90.744	0.345
[06/24 08:20:33] 
[06/24 08:20:33] epoch 105/130, iter 26250:
[06/24 08:20:33] train_loss: 1.07892
[06/24 08:20:33] train_acc: 85.458
[06/24 08:25:00] val_5-way-5-shot_acc: 91.051	0.333
[06/24 08:25:00] BEST!
[06/24 08:29:57] 
[06/24 08:29:57] epoch 106/130, iter 26500:
[06/24 08:29:57] train_loss: 1.08798
[06/24 08:29:57] train_acc: 85.360
[06/24 08:34:37] val_5-way-5-shot_acc: 90.972	0.335
[06/24 08:38:52] 
[06/24 08:38:52] epoch 107/130, iter 26750:
[06/24 08:38:52] train_loss: 1.08616
[06/24 08:38:52] train_acc: 85.453
[06/24 08:43:32] val_5-way-5-shot_acc: 91.036	0.342
[06/24 08:48:39] 
[06/24 08:48:39] epoch 108/130, iter 27000:
[06/24 08:48:39] train_loss: 1.07673
[06/24 08:48:39] train_acc: 85.588
[06/24 08:52:33] val_5-way-5-shot_acc: 91.176	0.344
[06/24 08:52:33] BEST!
[06/24 08:56:46] 
[06/24 08:56:46] epoch 109/130, iter 27250:
[06/24 08:56:46] train_loss: 1.06188
[06/24 08:56:46] train_acc: 85.796
[06/24 09:00:32] val_5-way-5-shot_acc: 90.866	0.348
[06/24 09:04:47] 
[06/24 09:04:47] epoch 110/130, iter 27500:
[06/24 09:04:47] train_loss: 1.07569
[06/24 09:04:47] train_acc: 85.651
[06/24 09:08:32] val_5-way-5-shot_acc: 90.929	0.334
[06/24 09:12:45] 
[06/24 09:12:45] epoch 111/130, iter 27750:
[06/24 09:12:45] train_loss: 1.06637
[06/24 09:12:45] train_acc: 85.727
[06/24 09:16:36] val_5-way-5-shot_acc: 90.730	0.325
[06/24 09:20:50] 
[06/24 09:20:50] epoch 112/130, iter 28000:
[06/24 09:20:50] train_loss: 1.05991
[06/24 09:20:50] train_acc: 85.880
[06/24 09:24:40] val_5-way-5-shot_acc: 91.004	0.326
[06/24 09:28:51] 
[06/24 09:28:51] epoch 113/130, iter 28250:
[06/24 09:28:51] train_loss: 1.05159
[06/24 09:28:51] train_acc: 85.956
[06/24 09:32:21] val_5-way-5-shot_acc: 90.721	0.339
[06/24 09:36:05] 
[06/24 09:36:05] epoch 114/130, iter 28500:
[06/24 09:36:05] train_loss: 1.06549
[06/24 09:36:05] train_acc: 85.772
[06/24 09:39:29] val_5-way-5-shot_acc: 90.651	0.348
[06/24 09:43:18] 
[06/24 09:43:18] epoch 115/130, iter 28750:
[06/24 09:43:18] train_loss: 1.05501
[06/24 09:43:18] train_acc: 86.015
[06/24 09:46:40] val_5-way-5-shot_acc: 90.705	0.331
[06/24 09:50:23] 
[06/24 09:50:23] epoch 116/130, iter 29000:
[06/24 09:50:23] train_loss: 1.05838
[06/24 09:50:23] train_acc: 85.835
[06/24 09:53:48] val_5-way-5-shot_acc: 90.886	0.347
[06/24 09:57:34] 
[06/24 09:57:34] epoch 117/130, iter 29250:
[06/24 09:57:34] train_loss: 1.06738
[06/24 09:57:34] train_acc: 85.549
[06/24 10:00:55] val_5-way-5-shot_acc: 90.871	0.356
[06/24 10:04:38] 
[06/24 10:04:38] epoch 118/130, iter 29500:
[06/24 10:04:38] train_loss: 1.05653
[06/24 10:04:38] train_acc: 85.932
[06/24 10:08:01] val_5-way-5-shot_acc: 91.448	0.336
[06/24 10:08:01] BEST!
[06/24 10:11:47] 
[06/24 10:11:47] epoch 119/130, iter 29750:
[06/24 10:11:47] train_loss: 1.04560
[06/24 10:11:47] train_acc: 86.149
[06/24 10:15:16] val_5-way-5-shot_acc: 91.120	0.331
[06/24 10:19:04] 
[06/24 10:19:04] epoch 120/130, iter 30000:
[06/24 10:19:04] train_loss: 1.05409
[06/24 10:19:04] train_acc: 85.939
[06/24 10:22:44] val_5-way-5-shot_acc: 91.061	0.327
[06/24 10:26:38] 
[06/24 10:26:38] epoch 121/130, iter 30250:
[06/24 10:26:38] train_loss: 1.05216
[06/24 10:26:38] train_acc: 86.108
[06/24 10:30:06] val_5-way-5-shot_acc: 90.911	0.342
[06/24 10:34:04] 
[06/24 10:34:04] epoch 122/130, iter 30500:
[06/24 10:34:04] train_loss: 1.04925
[06/24 10:34:04] train_acc: 85.981
[06/24 10:37:36] val_5-way-5-shot_acc: 91.281	0.333
[06/24 10:41:34] 
[06/24 10:41:34] epoch 123/130, iter 30750:
[06/24 10:41:34] train_loss: 1.06477
[06/24 10:41:34] train_acc: 85.821
[06/24 10:45:09] val_5-way-5-shot_acc: 91.336	0.309
[06/24 10:49:05] 
[06/24 10:49:05] epoch 124/130, iter 31000:
[06/24 10:49:05] train_loss: 1.05565
[06/24 10:49:05] train_acc: 86.068
[06/24 10:52:39] val_5-way-5-shot_acc: 91.284	0.328
[06/24 10:56:33] 
[06/24 10:56:33] epoch 125/130, iter 31250:
[06/24 10:56:33] train_loss: 1.06360
[06/24 10:56:33] train_acc: 85.761
[06/24 11:00:08] val_5-way-5-shot_acc: 91.021	0.346
[06/24 11:03:54] 
[06/24 11:03:54] epoch 126/130, iter 31500:
[06/24 11:03:54] train_loss: 1.04724
[06/24 11:03:54] train_acc: 86.015
[06/24 11:07:21] val_5-way-5-shot_acc: 90.858	0.351
[06/24 11:11:05] 
[06/24 11:11:05] epoch 127/130, iter 31750:
[06/24 11:11:05] train_loss: 1.04290
[06/24 11:11:05] train_acc: 86.085
[06/24 11:14:34] val_5-way-5-shot_acc: 90.906	0.347
[06/24 11:18:18] 
[06/24 11:18:18] epoch 128/130, iter 32000:
[06/24 11:18:18] train_loss: 1.03337
[06/24 11:18:18] train_acc: 86.152
[06/24 11:21:43] val_5-way-5-shot_acc: 90.714	0.343
[06/24 11:25:24] 
[06/24 11:25:24] epoch 129/130, iter 32250:
[06/24 11:25:24] train_loss: 1.04569
[06/24 11:25:24] train_acc: 86.001
[06/24 11:28:54] val_5-way-5-shot_acc: 91.076	0.317
[06/24 11:32:45] 
[06/24 11:32:45] epoch 130/130, iter 32500:
[06/24 11:32:45] train_loss: 1.05610
[06/24 11:32:45] train_acc: 85.830
[06/24 11:36:12] val_5-way-5-shot_acc: 90.806	0.352
[06/24 11:36:12] training finished!
[06/24 11:36:12] ------------------------
[06/24 11:36:12] the best epoch is 118/130
[06/24 11:36:12] the best 5-way 5-shot val acc is 91.448
[06/24 11:36:12] ------------------------
[06/24 11:36:12] evaluating on test set:
[06/24 11:41:12] 5-way-1-shot acc: 83.03	0.42
[06/24 11:47:18] 5-way-5-shot acc: 92.90	0.21
